[2026-05-16T11:47:14.621+0000] {processor.py:161} INFO - Started process (PID=215) to work on /opt/airflow/dags/diabetes_dag.py
[2026-05-16T11:47:14.622+0000] {processor.py:830} INFO - Processing file /opt/airflow/dags/diabetes_dag.py for tasks to queue
[2026-05-16T11:47:14.625+0000] {logging_mixin.py:188} INFO - [2026-05-16T11:47:14.624+0000] {dagbag.py:545} INFO - Filling up the DagBag from /opt/airflow/dags/diabetes_dag.py
[2026-05-16T11:47:14.647+0000] {processor.py:840} INFO - DAG(s) 'diabetes_pipeline' retrieved from /opt/airflow/dags/diabetes_dag.py
[2026-05-16T11:47:14.671+0000] {logging_mixin.py:188} INFO - [2026-05-16T11:47:14.670+0000] {dag.py:3096} INFO - Sync 1 DAGs
[2026-05-16T11:47:14.701+0000] {processor.py:183} INFO - Processing /opt/airflow/dags/diabetes_dag.py took 0.088 seconds
[2026-05-16T11:47:44.881+0000] {processor.py:161} INFO - Started process (PID=231) to work on /opt/airflow/dags/diabetes_dag.py
[2026-05-16T11:47:44.882+0000] {processor.py:830} INFO - Processing file /opt/airflow/dags/diabetes_dag.py for tasks to queue
[2026-05-16T11:47:44.884+0000] {logging_mixin.py:188} INFO - [2026-05-16T11:47:44.884+0000] {dagbag.py:545} INFO - Filling up the DagBag from /opt/airflow/dags/diabetes_dag.py
[2026-05-16T11:47:44.909+0000] {processor.py:840} INFO - DAG(s) 'diabetes_pipeline' retrieved from /opt/airflow/dags/diabetes_dag.py
[2026-05-16T11:47:45.044+0000] {logging_mixin.py:188} INFO - [2026-05-16T11:47:45.044+0000] {dag.py:3096} INFO - Sync 1 DAGs
[2026-05-16T11:47:45.075+0000] {processor.py:183} INFO - Processing /opt/airflow/dags/diabetes_dag.py took 0.198 seconds
[2026-05-16T11:48:15.164+0000] {processor.py:161} INFO - Started process (PID=236) to work on /opt/airflow/dags/diabetes_dag.py
[2026-05-16T11:48:15.165+0000] {processor.py:830} INFO - Processing file /opt/airflow/dags/diabetes_dag.py for tasks to queue
[2026-05-16T11:48:15.166+0000] {logging_mixin.py:188} INFO - [2026-05-16T11:48:15.166+0000] {dagbag.py:545} INFO - Filling up the DagBag from /opt/airflow/dags/diabetes_dag.py
[2026-05-16T11:48:15.188+0000] {processor.py:840} INFO - DAG(s) 'diabetes_pipeline' retrieved from /opt/airflow/dags/diabetes_dag.py
[2026-05-16T11:48:15.222+0000] {logging_mixin.py:188} INFO - [2026-05-16T11:48:15.222+0000] {dag.py:3096} INFO - Sync 1 DAGs
[2026-05-16T11:48:15.244+0000] {logging_mixin.py:188} INFO - [2026-05-16T11:48:15.243+0000] {dag.py:3954} INFO - Setting next_dagrun for diabetes_pipeline to 2026-05-16 11:00:00+00:00, run_after=2026-05-16 12:00:00+00:00
[2026-05-16T11:48:15.265+0000] {processor.py:183} INFO - Processing /opt/airflow/dags/diabetes_dag.py took 0.106 seconds
[2026-05-16T11:48:45.606+0000] {processor.py:161} INFO - Started process (PID=241) to work on /opt/airflow/dags/diabetes_dag.py
[2026-05-16T11:48:45.607+0000] {processor.py:830} INFO - Processing file /opt/airflow/dags/diabetes_dag.py for tasks to queue
[2026-05-16T11:48:45.612+0000] {logging_mixin.py:188} INFO - [2026-05-16T11:48:45.611+0000] {dagbag.py:545} INFO - Filling up the DagBag from /opt/airflow/dags/diabetes_dag.py
[2026-05-16T11:48:45.664+0000] {processor.py:840} INFO - DAG(s) 'diabetes_pipeline' retrieved from /opt/airflow/dags/diabetes_dag.py
[2026-05-16T11:48:45.709+0000] {logging_mixin.py:188} INFO - [2026-05-16T11:48:45.709+0000] {dag.py:3096} INFO - Sync 1 DAGs
[2026-05-16T11:48:45.745+0000] {logging_mixin.py:188} INFO - [2026-05-16T11:48:45.745+0000] {dag.py:3954} INFO - Setting next_dagrun for diabetes_pipeline to 2026-05-16 11:00:00+00:00, run_after=2026-05-16 12:00:00+00:00
[2026-05-16T11:48:45.786+0000] {processor.py:183} INFO - Processing /opt/airflow/dags/diabetes_dag.py took 0.191 seconds
[2026-05-16T11:49:15.979+0000] {processor.py:161} INFO - Started process (PID=246) to work on /opt/airflow/dags/diabetes_dag.py
[2026-05-16T11:49:15.980+0000] {processor.py:830} INFO - Processing file /opt/airflow/dags/diabetes_dag.py for tasks to queue
[2026-05-16T11:49:15.985+0000] {logging_mixin.py:188} INFO - [2026-05-16T11:49:15.984+0000] {dagbag.py:545} INFO - Filling up the DagBag from /opt/airflow/dags/diabetes_dag.py
[2026-05-16T11:49:16.066+0000] {processor.py:840} INFO - DAG(s) 'diabetes_pipeline' retrieved from /opt/airflow/dags/diabetes_dag.py
[2026-05-16T11:49:16.153+0000] {logging_mixin.py:188} INFO - [2026-05-16T11:49:16.152+0000] {dag.py:3096} INFO - Sync 1 DAGs
[2026-05-16T11:49:16.196+0000] {logging_mixin.py:188} INFO - [2026-05-16T11:49:16.195+0000] {dag.py:3954} INFO - Setting next_dagrun for diabetes_pipeline to 2026-05-16 11:00:00+00:00, run_after=2026-05-16 12:00:00+00:00
[2026-05-16T11:49:16.230+0000] {processor.py:183} INFO - Processing /opt/airflow/dags/diabetes_dag.py took 0.263 seconds
[2026-05-16T11:49:46.371+0000] {processor.py:161} INFO - Started process (PID=251) to work on /opt/airflow/dags/diabetes_dag.py
[2026-05-16T11:49:46.373+0000] {processor.py:830} INFO - Processing file /opt/airflow/dags/diabetes_dag.py for tasks to queue
[2026-05-16T11:49:46.377+0000] {logging_mixin.py:188} INFO - [2026-05-16T11:49:46.376+0000] {dagbag.py:545} INFO - Filling up the DagBag from /opt/airflow/dags/diabetes_dag.py
[2026-05-16T11:49:46.414+0000] {processor.py:840} INFO - DAG(s) 'diabetes_pipeline' retrieved from /opt/airflow/dags/diabetes_dag.py
[2026-05-16T11:49:46.453+0000] {logging_mixin.py:188} INFO - [2026-05-16T11:49:46.453+0000] {dag.py:3096} INFO - Sync 1 DAGs
[2026-05-16T11:49:46.481+0000] {logging_mixin.py:188} INFO - [2026-05-16T11:49:46.481+0000] {dag.py:3954} INFO - Setting next_dagrun for diabetes_pipeline to 2026-05-16 11:00:00+00:00, run_after=2026-05-16 12:00:00+00:00
[2026-05-16T11:49:46.508+0000] {processor.py:183} INFO - Processing /opt/airflow/dags/diabetes_dag.py took 0.145 seconds
[2026-05-16T11:50:16.827+0000] {processor.py:161} INFO - Started process (PID=256) to work on /opt/airflow/dags/diabetes_dag.py
[2026-05-16T11:50:16.829+0000] {processor.py:830} INFO - Processing file /opt/airflow/dags/diabetes_dag.py for tasks to queue
[2026-05-16T11:50:16.832+0000] {logging_mixin.py:188} INFO - [2026-05-16T11:50:16.832+0000] {dagbag.py:545} INFO - Filling up the DagBag from /opt/airflow/dags/diabetes_dag.py
[2026-05-16T11:50:16.868+0000] {processor.py:840} INFO - DAG(s) 'diabetes_pipeline' retrieved from /opt/airflow/dags/diabetes_dag.py
[2026-05-16T11:50:16.911+0000] {logging_mixin.py:188} INFO - [2026-05-16T11:50:16.911+0000] {dag.py:3096} INFO - Sync 1 DAGs
[2026-05-16T11:50:16.945+0000] {logging_mixin.py:188} INFO - [2026-05-16T11:50:16.944+0000] {dag.py:3954} INFO - Setting next_dagrun for diabetes_pipeline to 2026-05-16 11:00:00+00:00, run_after=2026-05-16 12:00:00+00:00
[2026-05-16T11:50:16.974+0000] {processor.py:183} INFO - Processing /opt/airflow/dags/diabetes_dag.py took 0.156 seconds
[2026-05-16T11:50:47.155+0000] {processor.py:161} INFO - Started process (PID=261) to work on /opt/airflow/dags/diabetes_dag.py
[2026-05-16T11:50:47.157+0000] {processor.py:830} INFO - Processing file /opt/airflow/dags/diabetes_dag.py for tasks to queue
[2026-05-16T11:50:47.160+0000] {logging_mixin.py:188} INFO - [2026-05-16T11:50:47.159+0000] {dagbag.py:545} INFO - Filling up the DagBag from /opt/airflow/dags/diabetes_dag.py
[2026-05-16T11:50:47.208+0000] {processor.py:840} INFO - DAG(s) 'diabetes_pipeline' retrieved from /opt/airflow/dags/diabetes_dag.py
[2026-05-16T11:50:47.265+0000] {logging_mixin.py:188} INFO - [2026-05-16T11:50:47.265+0000] {dag.py:3096} INFO - Sync 1 DAGs
[2026-05-16T11:50:47.313+0000] {logging_mixin.py:188} INFO - [2026-05-16T11:50:47.312+0000] {dag.py:3954} INFO - Setting next_dagrun for diabetes_pipeline to 2026-05-16 11:00:00+00:00, run_after=2026-05-16 12:00:00+00:00
[2026-05-16T11:50:47.361+0000] {processor.py:183} INFO - Processing /opt/airflow/dags/diabetes_dag.py took 0.217 seconds
[2026-05-16T11:51:17.626+0000] {processor.py:161} INFO - Started process (PID=266) to work on /opt/airflow/dags/diabetes_dag.py
[2026-05-16T11:51:17.628+0000] {processor.py:830} INFO - Processing file /opt/airflow/dags/diabetes_dag.py for tasks to queue
[2026-05-16T11:51:17.632+0000] {logging_mixin.py:188} INFO - [2026-05-16T11:51:17.632+0000] {dagbag.py:545} INFO - Filling up the DagBag from /opt/airflow/dags/diabetes_dag.py
[2026-05-16T11:51:17.664+0000] {processor.py:840} INFO - DAG(s) 'diabetes_pipeline' retrieved from /opt/airflow/dags/diabetes_dag.py
[2026-05-16T11:51:17.705+0000] {logging_mixin.py:188} INFO - [2026-05-16T11:51:17.705+0000] {dag.py:3096} INFO - Sync 1 DAGs
[2026-05-16T11:51:17.735+0000] {logging_mixin.py:188} INFO - [2026-05-16T11:51:17.735+0000] {dag.py:3954} INFO - Setting next_dagrun for diabetes_pipeline to 2026-05-16 11:00:00+00:00, run_after=2026-05-16 12:00:00+00:00
[2026-05-16T11:51:17.777+0000] {processor.py:183} INFO - Processing /opt/airflow/dags/diabetes_dag.py took 0.159 seconds
[2026-05-16T11:51:47.931+0000] {processor.py:161} INFO - Started process (PID=271) to work on /opt/airflow/dags/diabetes_dag.py
[2026-05-16T11:51:47.933+0000] {processor.py:830} INFO - Processing file /opt/airflow/dags/diabetes_dag.py for tasks to queue
[2026-05-16T11:51:47.937+0000] {logging_mixin.py:188} INFO - [2026-05-16T11:51:47.936+0000] {dagbag.py:545} INFO - Filling up the DagBag from /opt/airflow/dags/diabetes_dag.py
[2026-05-16T11:51:47.957+0000] {processor.py:840} INFO - DAG(s) 'diabetes_pipeline' retrieved from /opt/airflow/dags/diabetes_dag.py
[2026-05-16T11:51:47.987+0000] {logging_mixin.py:188} INFO - [2026-05-16T11:51:47.986+0000] {dag.py:3096} INFO - Sync 1 DAGs
[2026-05-16T11:51:48.008+0000] {logging_mixin.py:188} INFO - [2026-05-16T11:51:48.008+0000] {dag.py:3954} INFO - Setting next_dagrun for diabetes_pipeline to 2026-05-16 11:00:00+00:00, run_after=2026-05-16 12:00:00+00:00
[2026-05-16T11:51:48.029+0000] {processor.py:183} INFO - Processing /opt/airflow/dags/diabetes_dag.py took 0.106 seconds
[2026-05-16T11:52:18.396+0000] {processor.py:161} INFO - Started process (PID=276) to work on /opt/airflow/dags/diabetes_dag.py
[2026-05-16T11:52:18.397+0000] {processor.py:830} INFO - Processing file /opt/airflow/dags/diabetes_dag.py for tasks to queue
[2026-05-16T11:52:18.399+0000] {logging_mixin.py:188} INFO - [2026-05-16T11:52:18.399+0000] {dagbag.py:545} INFO - Filling up the DagBag from /opt/airflow/dags/diabetes_dag.py
[2026-05-16T11:52:18.424+0000] {processor.py:840} INFO - DAG(s) 'diabetes_pipeline' retrieved from /opt/airflow/dags/diabetes_dag.py
[2026-05-16T11:52:18.463+0000] {logging_mixin.py:188} INFO - [2026-05-16T11:52:18.463+0000] {dag.py:3096} INFO - Sync 1 DAGs
[2026-05-16T11:52:18.500+0000] {logging_mixin.py:188} INFO - [2026-05-16T11:52:18.499+0000] {dag.py:3954} INFO - Setting next_dagrun for diabetes_pipeline to 2026-05-16 11:00:00+00:00, run_after=2026-05-16 12:00:00+00:00
[2026-05-16T11:52:18.536+0000] {processor.py:183} INFO - Processing /opt/airflow/dags/diabetes_dag.py took 0.147 seconds
[2026-05-16T11:52:48.701+0000] {processor.py:161} INFO - Started process (PID=281) to work on /opt/airflow/dags/diabetes_dag.py
[2026-05-16T11:52:48.703+0000] {processor.py:830} INFO - Processing file /opt/airflow/dags/diabetes_dag.py for tasks to queue
[2026-05-16T11:52:48.706+0000] {logging_mixin.py:188} INFO - [2026-05-16T11:52:48.706+0000] {dagbag.py:545} INFO - Filling up the DagBag from /opt/airflow/dags/diabetes_dag.py
[2026-05-16T11:52:48.744+0000] {processor.py:840} INFO - DAG(s) 'diabetes_pipeline' retrieved from /opt/airflow/dags/diabetes_dag.py
[2026-05-16T11:52:48.786+0000] {logging_mixin.py:188} INFO - [2026-05-16T11:52:48.785+0000] {dag.py:3096} INFO - Sync 1 DAGs
[2026-05-16T11:52:48.806+0000] {logging_mixin.py:188} INFO - [2026-05-16T11:52:48.805+0000] {dag.py:3954} INFO - Setting next_dagrun for diabetes_pipeline to 2026-05-16 11:00:00+00:00, run_after=2026-05-16 12:00:00+00:00
[2026-05-16T11:52:48.826+0000] {processor.py:183} INFO - Processing /opt/airflow/dags/diabetes_dag.py took 0.134 seconds
[2026-05-16T11:53:19.298+0000] {processor.py:161} INFO - Started process (PID=286) to work on /opt/airflow/dags/diabetes_dag.py
[2026-05-16T11:53:19.299+0000] {processor.py:830} INFO - Processing file /opt/airflow/dags/diabetes_dag.py for tasks to queue
[2026-05-16T11:53:19.304+0000] {logging_mixin.py:188} INFO - [2026-05-16T11:53:19.303+0000] {dagbag.py:545} INFO - Filling up the DagBag from /opt/airflow/dags/diabetes_dag.py
[2026-05-16T11:53:19.358+0000] {processor.py:840} INFO - DAG(s) 'diabetes_pipeline' retrieved from /opt/airflow/dags/diabetes_dag.py
[2026-05-16T11:53:19.402+0000] {logging_mixin.py:188} INFO - [2026-05-16T11:53:19.402+0000] {dag.py:3096} INFO - Sync 1 DAGs
[2026-05-16T11:53:19.440+0000] {logging_mixin.py:188} INFO - [2026-05-16T11:53:19.440+0000] {dag.py:3954} INFO - Setting next_dagrun for diabetes_pipeline to 2026-05-16 11:00:00+00:00, run_after=2026-05-16 12:00:00+00:00
[2026-05-16T11:53:19.473+0000] {processor.py:183} INFO - Processing /opt/airflow/dags/diabetes_dag.py took 0.185 seconds
[2026-05-16T11:53:49.647+0000] {processor.py:161} INFO - Started process (PID=291) to work on /opt/airflow/dags/diabetes_dag.py
[2026-05-16T11:53:49.648+0000] {processor.py:830} INFO - Processing file /opt/airflow/dags/diabetes_dag.py for tasks to queue
[2026-05-16T11:53:49.650+0000] {logging_mixin.py:188} INFO - [2026-05-16T11:53:49.650+0000] {dagbag.py:545} INFO - Filling up the DagBag from /opt/airflow/dags/diabetes_dag.py
[2026-05-16T11:53:49.677+0000] {processor.py:840} INFO - DAG(s) 'diabetes_pipeline' retrieved from /opt/airflow/dags/diabetes_dag.py
[2026-05-16T11:53:49.704+0000] {logging_mixin.py:188} INFO - [2026-05-16T11:53:49.704+0000] {dag.py:3096} INFO - Sync 1 DAGs
[2026-05-16T11:53:49.723+0000] {logging_mixin.py:188} INFO - [2026-05-16T11:53:49.723+0000] {dag.py:3954} INFO - Setting next_dagrun for diabetes_pipeline to 2026-05-16 11:00:00+00:00, run_after=2026-05-16 12:00:00+00:00
[2026-05-16T11:53:49.745+0000] {processor.py:183} INFO - Processing /opt/airflow/dags/diabetes_dag.py took 0.103 seconds
[2026-05-16T11:54:19.935+0000] {processor.py:161} INFO - Started process (PID=296) to work on /opt/airflow/dags/diabetes_dag.py
[2026-05-16T11:54:19.937+0000] {processor.py:830} INFO - Processing file /opt/airflow/dags/diabetes_dag.py for tasks to queue
[2026-05-16T11:54:19.941+0000] {logging_mixin.py:188} INFO - [2026-05-16T11:54:19.940+0000] {dagbag.py:545} INFO - Filling up the DagBag from /opt/airflow/dags/diabetes_dag.py
[2026-05-16T11:54:19.967+0000] {processor.py:840} INFO - DAG(s) 'diabetes_pipeline' retrieved from /opt/airflow/dags/diabetes_dag.py
[2026-05-16T11:54:20.001+0000] {logging_mixin.py:188} INFO - [2026-05-16T11:54:20.001+0000] {dag.py:3096} INFO - Sync 1 DAGs
[2026-05-16T11:54:20.029+0000] {logging_mixin.py:188} INFO - [2026-05-16T11:54:20.029+0000] {dag.py:3954} INFO - Setting next_dagrun for diabetes_pipeline to 2026-05-16 11:00:00+00:00, run_after=2026-05-16 12:00:00+00:00
[2026-05-16T11:54:20.060+0000] {processor.py:183} INFO - Processing /opt/airflow/dags/diabetes_dag.py took 0.133 seconds
[2026-05-16T11:54:50.245+0000] {processor.py:161} INFO - Started process (PID=301) to work on /opt/airflow/dags/diabetes_dag.py
[2026-05-16T11:54:50.246+0000] {processor.py:830} INFO - Processing file /opt/airflow/dags/diabetes_dag.py for tasks to queue
[2026-05-16T11:54:50.249+0000] {logging_mixin.py:188} INFO - [2026-05-16T11:54:50.249+0000] {dagbag.py:545} INFO - Filling up the DagBag from /opt/airflow/dags/diabetes_dag.py
[2026-05-16T11:54:50.303+0000] {processor.py:840} INFO - DAG(s) 'diabetes_pipeline' retrieved from /opt/airflow/dags/diabetes_dag.py
[2026-05-16T11:54:50.340+0000] {logging_mixin.py:188} INFO - [2026-05-16T11:54:50.340+0000] {dag.py:3096} INFO - Sync 1 DAGs
[2026-05-16T11:54:50.376+0000] {logging_mixin.py:188} INFO - [2026-05-16T11:54:50.376+0000] {dag.py:3954} INFO - Setting next_dagrun for diabetes_pipeline to 2026-05-16 11:00:00+00:00, run_after=2026-05-16 12:00:00+00:00
[2026-05-16T11:54:50.418+0000] {processor.py:183} INFO - Processing /opt/airflow/dags/diabetes_dag.py took 0.179 seconds
[2026-05-16T11:55:20.555+0000] {processor.py:161} INFO - Started process (PID=306) to work on /opt/airflow/dags/diabetes_dag.py
[2026-05-16T11:55:20.558+0000] {processor.py:830} INFO - Processing file /opt/airflow/dags/diabetes_dag.py for tasks to queue
[2026-05-16T11:55:20.560+0000] {logging_mixin.py:188} INFO - [2026-05-16T11:55:20.560+0000] {dagbag.py:545} INFO - Filling up the DagBag from /opt/airflow/dags/diabetes_dag.py
[2026-05-16T11:55:20.589+0000] {processor.py:840} INFO - DAG(s) 'diabetes_pipeline' retrieved from /opt/airflow/dags/diabetes_dag.py
[2026-05-16T11:55:20.622+0000] {logging_mixin.py:188} INFO - [2026-05-16T11:55:20.622+0000] {dag.py:3096} INFO - Sync 1 DAGs
[2026-05-16T11:55:20.649+0000] {logging_mixin.py:188} INFO - [2026-05-16T11:55:20.649+0000] {dag.py:3954} INFO - Setting next_dagrun for diabetes_pipeline to 2026-05-16 11:00:00+00:00, run_after=2026-05-16 12:00:00+00:00
[2026-05-16T11:55:20.671+0000] {processor.py:183} INFO - Processing /opt/airflow/dags/diabetes_dag.py took 0.124 seconds
[2026-05-16T11:55:50.780+0000] {processor.py:161} INFO - Started process (PID=311) to work on /opt/airflow/dags/diabetes_dag.py
[2026-05-16T11:55:50.781+0000] {processor.py:830} INFO - Processing file /opt/airflow/dags/diabetes_dag.py for tasks to queue
[2026-05-16T11:55:50.783+0000] {logging_mixin.py:188} INFO - [2026-05-16T11:55:50.783+0000] {dagbag.py:545} INFO - Filling up the DagBag from /opt/airflow/dags/diabetes_dag.py
[2026-05-16T11:55:50.799+0000] {processor.py:840} INFO - DAG(s) 'diabetes_pipeline' retrieved from /opt/airflow/dags/diabetes_dag.py
[2026-05-16T11:55:50.828+0000] {logging_mixin.py:188} INFO - [2026-05-16T11:55:50.828+0000] {dag.py:3096} INFO - Sync 1 DAGs
[2026-05-16T11:55:50.848+0000] {logging_mixin.py:188} INFO - [2026-05-16T11:55:50.848+0000] {dag.py:3954} INFO - Setting next_dagrun for diabetes_pipeline to 2026-05-16 11:00:00+00:00, run_after=2026-05-16 12:00:00+00:00
[2026-05-16T11:55:50.869+0000] {processor.py:183} INFO - Processing /opt/airflow/dags/diabetes_dag.py took 0.094 seconds
[2026-05-16T11:56:21.073+0000] {processor.py:161} INFO - Started process (PID=316) to work on /opt/airflow/dags/diabetes_dag.py
[2026-05-16T11:56:21.074+0000] {processor.py:830} INFO - Processing file /opt/airflow/dags/diabetes_dag.py for tasks to queue
[2026-05-16T11:56:21.075+0000] {logging_mixin.py:188} INFO - [2026-05-16T11:56:21.075+0000] {dagbag.py:545} INFO - Filling up the DagBag from /opt/airflow/dags/diabetes_dag.py
[2026-05-16T11:56:21.100+0000] {processor.py:840} INFO - DAG(s) 'diabetes_pipeline' retrieved from /opt/airflow/dags/diabetes_dag.py
[2026-05-16T11:56:21.127+0000] {logging_mixin.py:188} INFO - [2026-05-16T11:56:21.126+0000] {dag.py:3096} INFO - Sync 1 DAGs
[2026-05-16T11:56:21.145+0000] {logging_mixin.py:188} INFO - [2026-05-16T11:56:21.145+0000] {dag.py:3954} INFO - Setting next_dagrun for diabetes_pipeline to 2026-05-16 11:00:00+00:00, run_after=2026-05-16 12:00:00+00:00
[2026-05-16T11:56:21.162+0000] {processor.py:183} INFO - Processing /opt/airflow/dags/diabetes_dag.py took 0.094 seconds
[2026-05-16T11:56:51.309+0000] {processor.py:161} INFO - Started process (PID=321) to work on /opt/airflow/dags/diabetes_dag.py
[2026-05-16T11:56:51.311+0000] {processor.py:830} INFO - Processing file /opt/airflow/dags/diabetes_dag.py for tasks to queue
[2026-05-16T11:56:51.314+0000] {logging_mixin.py:188} INFO - [2026-05-16T11:56:51.314+0000] {dagbag.py:545} INFO - Filling up the DagBag from /opt/airflow/dags/diabetes_dag.py
[2026-05-16T11:56:51.344+0000] {processor.py:840} INFO - DAG(s) 'diabetes_pipeline' retrieved from /opt/airflow/dags/diabetes_dag.py
[2026-05-16T11:56:51.383+0000] {logging_mixin.py:188} INFO - [2026-05-16T11:56:51.383+0000] {dag.py:3096} INFO - Sync 1 DAGs
[2026-05-16T11:56:51.401+0000] {logging_mixin.py:188} INFO - [2026-05-16T11:56:51.401+0000] {dag.py:3954} INFO - Setting next_dagrun for diabetes_pipeline to 2026-05-16 11:00:00+00:00, run_after=2026-05-16 12:00:00+00:00
[2026-05-16T11:56:51.418+0000] {processor.py:183} INFO - Processing /opt/airflow/dags/diabetes_dag.py took 0.116 seconds
[2026-05-16T11:57:21.648+0000] {processor.py:161} INFO - Started process (PID=326) to work on /opt/airflow/dags/diabetes_dag.py
[2026-05-16T11:57:21.648+0000] {processor.py:830} INFO - Processing file /opt/airflow/dags/diabetes_dag.py for tasks to queue
[2026-05-16T11:57:21.650+0000] {logging_mixin.py:188} INFO - [2026-05-16T11:57:21.650+0000] {dagbag.py:545} INFO - Filling up the DagBag from /opt/airflow/dags/diabetes_dag.py
[2026-05-16T11:57:21.664+0000] {processor.py:840} INFO - DAG(s) 'diabetes_pipeline' retrieved from /opt/airflow/dags/diabetes_dag.py
[2026-05-16T11:57:21.689+0000] {logging_mixin.py:188} INFO - [2026-05-16T11:57:21.689+0000] {dag.py:3096} INFO - Sync 1 DAGs
[2026-05-16T11:57:21.708+0000] {logging_mixin.py:188} INFO - [2026-05-16T11:57:21.708+0000] {dag.py:3954} INFO - Setting next_dagrun for diabetes_pipeline to 2026-05-16 11:00:00+00:00, run_after=2026-05-16 12:00:00+00:00
[2026-05-16T11:57:21.740+0000] {processor.py:183} INFO - Processing /opt/airflow/dags/diabetes_dag.py took 0.097 seconds
[2026-05-16T11:57:51.862+0000] {processor.py:161} INFO - Started process (PID=331) to work on /opt/airflow/dags/diabetes_dag.py
[2026-05-16T11:57:51.865+0000] {processor.py:830} INFO - Processing file /opt/airflow/dags/diabetes_dag.py for tasks to queue
[2026-05-16T11:57:51.867+0000] {logging_mixin.py:188} INFO - [2026-05-16T11:57:51.866+0000] {dagbag.py:545} INFO - Filling up the DagBag from /opt/airflow/dags/diabetes_dag.py
[2026-05-16T11:57:51.886+0000] {processor.py:840} INFO - DAG(s) 'diabetes_pipeline' retrieved from /opt/airflow/dags/diabetes_dag.py
[2026-05-16T11:57:51.935+0000] {logging_mixin.py:188} INFO - [2026-05-16T11:57:51.934+0000] {dag.py:3096} INFO - Sync 1 DAGs
[2026-05-16T11:57:51.957+0000] {logging_mixin.py:188} INFO - [2026-05-16T11:57:51.957+0000] {dag.py:3954} INFO - Setting next_dagrun for diabetes_pipeline to 2026-05-16 11:00:00+00:00, run_after=2026-05-16 12:00:00+00:00
[2026-05-16T11:57:51.975+0000] {processor.py:183} INFO - Processing /opt/airflow/dags/diabetes_dag.py took 0.120 seconds
[2026-05-16T11:58:22.107+0000] {processor.py:161} INFO - Started process (PID=336) to work on /opt/airflow/dags/diabetes_dag.py
[2026-05-16T11:58:22.108+0000] {processor.py:830} INFO - Processing file /opt/airflow/dags/diabetes_dag.py for tasks to queue
[2026-05-16T11:58:22.110+0000] {logging_mixin.py:188} INFO - [2026-05-16T11:58:22.109+0000] {dagbag.py:545} INFO - Filling up the DagBag from /opt/airflow/dags/diabetes_dag.py
[2026-05-16T11:58:22.133+0000] {processor.py:840} INFO - DAG(s) 'diabetes_pipeline' retrieved from /opt/airflow/dags/diabetes_dag.py
[2026-05-16T11:58:22.157+0000] {logging_mixin.py:188} INFO - [2026-05-16T11:58:22.157+0000] {dag.py:3096} INFO - Sync 1 DAGs
[2026-05-16T11:58:22.176+0000] {logging_mixin.py:188} INFO - [2026-05-16T11:58:22.176+0000] {dag.py:3954} INFO - Setting next_dagrun for diabetes_pipeline to 2026-05-16 11:00:00+00:00, run_after=2026-05-16 12:00:00+00:00
[2026-05-16T11:58:22.194+0000] {processor.py:183} INFO - Processing /opt/airflow/dags/diabetes_dag.py took 0.091 seconds
[2026-05-16T11:58:52.360+0000] {processor.py:161} INFO - Started process (PID=341) to work on /opt/airflow/dags/diabetes_dag.py
[2026-05-16T11:58:52.361+0000] {processor.py:830} INFO - Processing file /opt/airflow/dags/diabetes_dag.py for tasks to queue
[2026-05-16T11:58:52.362+0000] {logging_mixin.py:188} INFO - [2026-05-16T11:58:52.362+0000] {dagbag.py:545} INFO - Filling up the DagBag from /opt/airflow/dags/diabetes_dag.py
[2026-05-16T11:58:52.390+0000] {processor.py:840} INFO - DAG(s) 'diabetes_pipeline' retrieved from /opt/airflow/dags/diabetes_dag.py
[2026-05-16T11:58:52.418+0000] {logging_mixin.py:188} INFO - [2026-05-16T11:58:52.418+0000] {dag.py:3096} INFO - Sync 1 DAGs
[2026-05-16T11:58:52.437+0000] {logging_mixin.py:188} INFO - [2026-05-16T11:58:52.436+0000] {dag.py:3954} INFO - Setting next_dagrun for diabetes_pipeline to 2026-05-16 11:00:00+00:00, run_after=2026-05-16 12:00:00+00:00
[2026-05-16T11:58:52.453+0000] {processor.py:183} INFO - Processing /opt/airflow/dags/diabetes_dag.py took 0.097 seconds
[2026-05-16T11:59:22.615+0000] {processor.py:161} INFO - Started process (PID=346) to work on /opt/airflow/dags/diabetes_dag.py
[2026-05-16T11:59:22.616+0000] {processor.py:830} INFO - Processing file /opt/airflow/dags/diabetes_dag.py for tasks to queue
[2026-05-16T11:59:22.618+0000] {logging_mixin.py:188} INFO - [2026-05-16T11:59:22.618+0000] {dagbag.py:545} INFO - Filling up the DagBag from /opt/airflow/dags/diabetes_dag.py
[2026-05-16T11:59:22.665+0000] {processor.py:840} INFO - DAG(s) 'diabetes_pipeline' retrieved from /opt/airflow/dags/diabetes_dag.py
[2026-05-16T11:59:22.695+0000] {logging_mixin.py:188} INFO - [2026-05-16T11:59:22.695+0000] {dag.py:3096} INFO - Sync 1 DAGs
[2026-05-16T11:59:22.714+0000] {logging_mixin.py:188} INFO - [2026-05-16T11:59:22.714+0000] {dag.py:3954} INFO - Setting next_dagrun for diabetes_pipeline to 2026-05-16 11:00:00+00:00, run_after=2026-05-16 12:00:00+00:00
[2026-05-16T11:59:22.737+0000] {processor.py:183} INFO - Processing /opt/airflow/dags/diabetes_dag.py took 0.127 seconds
[2026-05-16T11:59:52.932+0000] {processor.py:161} INFO - Started process (PID=351) to work on /opt/airflow/dags/diabetes_dag.py
[2026-05-16T11:59:52.934+0000] {processor.py:830} INFO - Processing file /opt/airflow/dags/diabetes_dag.py for tasks to queue
[2026-05-16T11:59:52.936+0000] {logging_mixin.py:188} INFO - [2026-05-16T11:59:52.936+0000] {dagbag.py:545} INFO - Filling up the DagBag from /opt/airflow/dags/diabetes_dag.py
[2026-05-16T11:59:52.979+0000] {processor.py:840} INFO - DAG(s) 'diabetes_pipeline' retrieved from /opt/airflow/dags/diabetes_dag.py
[2026-05-16T11:59:53.004+0000] {logging_mixin.py:188} INFO - [2026-05-16T11:59:53.004+0000] {dag.py:3096} INFO - Sync 1 DAGs
[2026-05-16T11:59:53.024+0000] {logging_mixin.py:188} INFO - [2026-05-16T11:59:53.024+0000] {dag.py:3954} INFO - Setting next_dagrun for diabetes_pipeline to 2026-05-16 11:00:00+00:00, run_after=2026-05-16 12:00:00+00:00
[2026-05-16T11:59:53.043+0000] {processor.py:183} INFO - Processing /opt/airflow/dags/diabetes_dag.py took 0.116 seconds
[2026-05-16T12:00:23.118+0000] {processor.py:161} INFO - Started process (PID=362) to work on /opt/airflow/dags/diabetes_dag.py
[2026-05-16T12:00:23.119+0000] {processor.py:830} INFO - Processing file /opt/airflow/dags/diabetes_dag.py for tasks to queue
[2026-05-16T12:00:23.120+0000] {logging_mixin.py:188} INFO - [2026-05-16T12:00:23.120+0000] {dagbag.py:545} INFO - Filling up the DagBag from /opt/airflow/dags/diabetes_dag.py
[2026-05-16T12:00:23.134+0000] {processor.py:840} INFO - DAG(s) 'diabetes_pipeline' retrieved from /opt/airflow/dags/diabetes_dag.py
[2026-05-16T12:00:23.158+0000] {logging_mixin.py:188} INFO - [2026-05-16T12:00:23.158+0000] {dag.py:3096} INFO - Sync 1 DAGs
[2026-05-16T12:00:23.179+0000] {logging_mixin.py:188} INFO - [2026-05-16T12:00:23.179+0000] {dag.py:3954} INFO - Setting next_dagrun for diabetes_pipeline to 2026-05-16 12:00:00+00:00, run_after=2026-05-16 13:00:00+00:00
[2026-05-16T12:00:23.196+0000] {processor.py:183} INFO - Processing /opt/airflow/dags/diabetes_dag.py took 0.082 seconds
[2026-05-16T12:00:53.313+0000] {processor.py:161} INFO - Started process (PID=367) to work on /opt/airflow/dags/diabetes_dag.py
[2026-05-16T12:00:53.314+0000] {processor.py:830} INFO - Processing file /opt/airflow/dags/diabetes_dag.py for tasks to queue
[2026-05-16T12:00:53.316+0000] {logging_mixin.py:188} INFO - [2026-05-16T12:00:53.315+0000] {dagbag.py:545} INFO - Filling up the DagBag from /opt/airflow/dags/diabetes_dag.py
[2026-05-16T12:00:53.331+0000] {processor.py:840} INFO - DAG(s) 'diabetes_pipeline' retrieved from /opt/airflow/dags/diabetes_dag.py
[2026-05-16T12:00:53.357+0000] {logging_mixin.py:188} INFO - [2026-05-16T12:00:53.357+0000] {dag.py:3096} INFO - Sync 1 DAGs
[2026-05-16T12:00:53.377+0000] {logging_mixin.py:188} INFO - [2026-05-16T12:00:53.376+0000] {dag.py:3954} INFO - Setting next_dagrun for diabetes_pipeline to 2026-05-16 12:00:00+00:00, run_after=2026-05-16 13:00:00+00:00
[2026-05-16T12:00:53.407+0000] {processor.py:183} INFO - Processing /opt/airflow/dags/diabetes_dag.py took 0.098 seconds
[2026-05-16T12:01:23.559+0000] {processor.py:161} INFO - Started process (PID=372) to work on /opt/airflow/dags/diabetes_dag.py
[2026-05-16T12:01:23.560+0000] {processor.py:830} INFO - Processing file /opt/airflow/dags/diabetes_dag.py for tasks to queue
[2026-05-16T12:01:23.561+0000] {logging_mixin.py:188} INFO - [2026-05-16T12:01:23.561+0000] {dagbag.py:545} INFO - Filling up the DagBag from /opt/airflow/dags/diabetes_dag.py
[2026-05-16T12:01:23.600+0000] {processor.py:840} INFO - DAG(s) 'diabetes_pipeline' retrieved from /opt/airflow/dags/diabetes_dag.py
[2026-05-16T12:01:23.627+0000] {logging_mixin.py:188} INFO - [2026-05-16T12:01:23.627+0000] {dag.py:3096} INFO - Sync 1 DAGs
[2026-05-16T12:01:23.646+0000] {logging_mixin.py:188} INFO - [2026-05-16T12:01:23.646+0000] {dag.py:3954} INFO - Setting next_dagrun for diabetes_pipeline to 2026-05-16 12:00:00+00:00, run_after=2026-05-16 13:00:00+00:00
[2026-05-16T12:01:23.671+0000] {processor.py:183} INFO - Processing /opt/airflow/dags/diabetes_dag.py took 0.116 seconds
[2026-05-16T12:01:53.811+0000] {processor.py:161} INFO - Started process (PID=377) to work on /opt/airflow/dags/diabetes_dag.py
[2026-05-16T12:01:53.812+0000] {processor.py:830} INFO - Processing file /opt/airflow/dags/diabetes_dag.py for tasks to queue
[2026-05-16T12:01:53.817+0000] {logging_mixin.py:188} INFO - [2026-05-16T12:01:53.817+0000] {dagbag.py:545} INFO - Filling up the DagBag from /opt/airflow/dags/diabetes_dag.py
[2026-05-16T12:01:53.846+0000] {processor.py:840} INFO - DAG(s) 'diabetes_pipeline' retrieved from /opt/airflow/dags/diabetes_dag.py
[2026-05-16T12:01:53.876+0000] {logging_mixin.py:188} INFO - [2026-05-16T12:01:53.876+0000] {dag.py:3096} INFO - Sync 1 DAGs
[2026-05-16T12:01:53.907+0000] {logging_mixin.py:188} INFO - [2026-05-16T12:01:53.907+0000] {dag.py:3954} INFO - Setting next_dagrun for diabetes_pipeline to 2026-05-16 12:00:00+00:00, run_after=2026-05-16 13:00:00+00:00
[2026-05-16T12:01:53.925+0000] {processor.py:183} INFO - Processing /opt/airflow/dags/diabetes_dag.py took 0.118 seconds
[2026-05-16T12:02:24.119+0000] {processor.py:161} INFO - Started process (PID=382) to work on /opt/airflow/dags/diabetes_dag.py
[2026-05-16T12:02:24.120+0000] {processor.py:830} INFO - Processing file /opt/airflow/dags/diabetes_dag.py for tasks to queue
[2026-05-16T12:02:24.122+0000] {logging_mixin.py:188} INFO - [2026-05-16T12:02:24.122+0000] {dagbag.py:545} INFO - Filling up the DagBag from /opt/airflow/dags/diabetes_dag.py
[2026-05-16T12:02:24.150+0000] {processor.py:840} INFO - DAG(s) 'diabetes_pipeline' retrieved from /opt/airflow/dags/diabetes_dag.py
[2026-05-16T12:02:24.176+0000] {logging_mixin.py:188} INFO - [2026-05-16T12:02:24.176+0000] {dag.py:3096} INFO - Sync 1 DAGs
[2026-05-16T12:02:24.198+0000] {logging_mixin.py:188} INFO - [2026-05-16T12:02:24.197+0000] {dag.py:3954} INFO - Setting next_dagrun for diabetes_pipeline to 2026-05-16 12:00:00+00:00, run_after=2026-05-16 13:00:00+00:00
[2026-05-16T12:02:24.221+0000] {processor.py:183} INFO - Processing /opt/airflow/dags/diabetes_dag.py took 0.106 seconds
[2026-05-16T12:02:54.383+0000] {processor.py:161} INFO - Started process (PID=387) to work on /opt/airflow/dags/diabetes_dag.py
[2026-05-16T12:02:54.385+0000] {processor.py:830} INFO - Processing file /opt/airflow/dags/diabetes_dag.py for tasks to queue
[2026-05-16T12:02:54.388+0000] {logging_mixin.py:188} INFO - [2026-05-16T12:02:54.388+0000] {dagbag.py:545} INFO - Filling up the DagBag from /opt/airflow/dags/diabetes_dag.py
[2026-05-16T12:02:54.457+0000] {processor.py:840} INFO - DAG(s) 'diabetes_pipeline' retrieved from /opt/airflow/dags/diabetes_dag.py
[2026-05-16T12:02:54.493+0000] {logging_mixin.py:188} INFO - [2026-05-16T12:02:54.492+0000] {dag.py:3096} INFO - Sync 1 DAGs
[2026-05-16T12:02:54.515+0000] {logging_mixin.py:188} INFO - [2026-05-16T12:02:54.515+0000] {dag.py:3954} INFO - Setting next_dagrun for diabetes_pipeline to 2026-05-16 12:00:00+00:00, run_after=2026-05-16 13:00:00+00:00
[2026-05-16T12:02:54.534+0000] {processor.py:183} INFO - Processing /opt/airflow/dags/diabetes_dag.py took 0.156 seconds
[2026-05-16T12:03:24.650+0000] {processor.py:161} INFO - Started process (PID=392) to work on /opt/airflow/dags/diabetes_dag.py
[2026-05-16T12:03:24.652+0000] {processor.py:830} INFO - Processing file /opt/airflow/dags/diabetes_dag.py for tasks to queue
[2026-05-16T12:03:24.656+0000] {logging_mixin.py:188} INFO - [2026-05-16T12:03:24.655+0000] {dagbag.py:545} INFO - Filling up the DagBag from /opt/airflow/dags/diabetes_dag.py
[2026-05-16T12:03:24.687+0000] {processor.py:840} INFO - DAG(s) 'diabetes_pipeline' retrieved from /opt/airflow/dags/diabetes_dag.py
[2026-05-16T12:03:24.714+0000] {logging_mixin.py:188} INFO - [2026-05-16T12:03:24.714+0000] {dag.py:3096} INFO - Sync 1 DAGs
[2026-05-16T12:03:24.734+0000] {logging_mixin.py:188} INFO - [2026-05-16T12:03:24.734+0000] {dag.py:3954} INFO - Setting next_dagrun for diabetes_pipeline to 2026-05-16 12:00:00+00:00, run_after=2026-05-16 13:00:00+00:00
[2026-05-16T12:03:24.751+0000] {processor.py:183} INFO - Processing /opt/airflow/dags/diabetes_dag.py took 0.106 seconds
[2026-05-16T12:03:54.973+0000] {processor.py:161} INFO - Started process (PID=397) to work on /opt/airflow/dags/diabetes_dag.py
[2026-05-16T12:03:54.974+0000] {processor.py:830} INFO - Processing file /opt/airflow/dags/diabetes_dag.py for tasks to queue
[2026-05-16T12:03:54.976+0000] {logging_mixin.py:188} INFO - [2026-05-16T12:03:54.976+0000] {dagbag.py:545} INFO - Filling up the DagBag from /opt/airflow/dags/diabetes_dag.py
[2026-05-16T12:03:55.013+0000] {processor.py:840} INFO - DAG(s) 'diabetes_pipeline' retrieved from /opt/airflow/dags/diabetes_dag.py
[2026-05-16T12:03:55.042+0000] {logging_mixin.py:188} INFO - [2026-05-16T12:03:55.041+0000] {dag.py:3096} INFO - Sync 1 DAGs
[2026-05-16T12:03:55.060+0000] {logging_mixin.py:188} INFO - [2026-05-16T12:03:55.059+0000] {dag.py:3954} INFO - Setting next_dagrun for diabetes_pipeline to 2026-05-16 12:00:00+00:00, run_after=2026-05-16 13:00:00+00:00
[2026-05-16T12:03:55.077+0000] {processor.py:183} INFO - Processing /opt/airflow/dags/diabetes_dag.py took 0.112 seconds
[2026-05-16T12:04:25.192+0000] {processor.py:161} INFO - Started process (PID=402) to work on /opt/airflow/dags/diabetes_dag.py
[2026-05-16T12:04:25.193+0000] {processor.py:830} INFO - Processing file /opt/airflow/dags/diabetes_dag.py for tasks to queue
[2026-05-16T12:04:25.197+0000] {logging_mixin.py:188} INFO - [2026-05-16T12:04:25.197+0000] {dagbag.py:545} INFO - Filling up the DagBag from /opt/airflow/dags/diabetes_dag.py
[2026-05-16T12:04:25.228+0000] {processor.py:840} INFO - DAG(s) 'diabetes_pipeline' retrieved from /opt/airflow/dags/diabetes_dag.py
[2026-05-16T12:04:25.272+0000] {logging_mixin.py:188} INFO - [2026-05-16T12:04:25.272+0000] {dag.py:3096} INFO - Sync 1 DAGs
[2026-05-16T12:04:25.291+0000] {logging_mixin.py:188} INFO - [2026-05-16T12:04:25.291+0000] {dag.py:3954} INFO - Setting next_dagrun for diabetes_pipeline to 2026-05-16 12:00:00+00:00, run_after=2026-05-16 13:00:00+00:00
[2026-05-16T12:04:25.309+0000] {processor.py:183} INFO - Processing /opt/airflow/dags/diabetes_dag.py took 0.127 seconds
[2026-05-16T12:04:55.436+0000] {processor.py:161} INFO - Started process (PID=407) to work on /opt/airflow/dags/diabetes_dag.py
[2026-05-16T12:04:55.442+0000] {processor.py:830} INFO - Processing file /opt/airflow/dags/diabetes_dag.py for tasks to queue
[2026-05-16T12:04:55.444+0000] {logging_mixin.py:188} INFO - [2026-05-16T12:04:55.444+0000] {dagbag.py:545} INFO - Filling up the DagBag from /opt/airflow/dags/diabetes_dag.py
[2026-05-16T12:04:55.462+0000] {processor.py:840} INFO - DAG(s) 'diabetes_pipeline' retrieved from /opt/airflow/dags/diabetes_dag.py
[2026-05-16T12:04:55.493+0000] {logging_mixin.py:188} INFO - [2026-05-16T12:04:55.493+0000] {dag.py:3096} INFO - Sync 1 DAGs
[2026-05-16T12:04:55.513+0000] {logging_mixin.py:188} INFO - [2026-05-16T12:04:55.513+0000] {dag.py:3954} INFO - Setting next_dagrun for diabetes_pipeline to 2026-05-16 12:00:00+00:00, run_after=2026-05-16 13:00:00+00:00
[2026-05-16T12:04:55.535+0000] {processor.py:183} INFO - Processing /opt/airflow/dags/diabetes_dag.py took 0.103 seconds
[2026-05-16T12:05:25.686+0000] {processor.py:161} INFO - Started process (PID=412) to work on /opt/airflow/dags/diabetes_dag.py
[2026-05-16T12:05:25.687+0000] {processor.py:830} INFO - Processing file /opt/airflow/dags/diabetes_dag.py for tasks to queue
[2026-05-16T12:05:25.688+0000] {logging_mixin.py:188} INFO - [2026-05-16T12:05:25.688+0000] {dagbag.py:545} INFO - Filling up the DagBag from /opt/airflow/dags/diabetes_dag.py
[2026-05-16T12:05:25.721+0000] {processor.py:840} INFO - DAG(s) 'diabetes_pipeline' retrieved from /opt/airflow/dags/diabetes_dag.py
[2026-05-16T12:05:25.751+0000] {logging_mixin.py:188} INFO - [2026-05-16T12:05:25.750+0000] {dag.py:3096} INFO - Sync 1 DAGs
[2026-05-16T12:05:25.771+0000] {logging_mixin.py:188} INFO - [2026-05-16T12:05:25.771+0000] {dag.py:3954} INFO - Setting next_dagrun for diabetes_pipeline to 2026-05-16 12:00:00+00:00, run_after=2026-05-16 13:00:00+00:00
[2026-05-16T12:05:25.788+0000] {processor.py:183} INFO - Processing /opt/airflow/dags/diabetes_dag.py took 0.106 seconds
[2026-05-16T12:05:55.904+0000] {processor.py:161} INFO - Started process (PID=417) to work on /opt/airflow/dags/diabetes_dag.py
[2026-05-16T12:05:55.905+0000] {processor.py:830} INFO - Processing file /opt/airflow/dags/diabetes_dag.py for tasks to queue
[2026-05-16T12:05:55.907+0000] {logging_mixin.py:188} INFO - [2026-05-16T12:05:55.906+0000] {dagbag.py:545} INFO - Filling up the DagBag from /opt/airflow/dags/diabetes_dag.py
[2026-05-16T12:05:55.923+0000] {processor.py:840} INFO - DAG(s) 'diabetes_pipeline' retrieved from /opt/airflow/dags/diabetes_dag.py
[2026-05-16T12:05:55.951+0000] {logging_mixin.py:188} INFO - [2026-05-16T12:05:55.951+0000] {dag.py:3096} INFO - Sync 1 DAGs
[2026-05-16T12:05:55.969+0000] {logging_mixin.py:188} INFO - [2026-05-16T12:05:55.969+0000] {dag.py:3954} INFO - Setting next_dagrun for diabetes_pipeline to 2026-05-16 12:00:00+00:00, run_after=2026-05-16 13:00:00+00:00
[2026-05-16T12:05:55.985+0000] {processor.py:183} INFO - Processing /opt/airflow/dags/diabetes_dag.py took 0.085 seconds
[2026-05-16T12:06:26.139+0000] {processor.py:161} INFO - Started process (PID=422) to work on /opt/airflow/dags/diabetes_dag.py
[2026-05-16T12:06:26.140+0000] {processor.py:830} INFO - Processing file /opt/airflow/dags/diabetes_dag.py for tasks to queue
[2026-05-16T12:06:26.142+0000] {logging_mixin.py:188} INFO - [2026-05-16T12:06:26.142+0000] {dagbag.py:545} INFO - Filling up the DagBag from /opt/airflow/dags/diabetes_dag.py
[2026-05-16T12:06:26.165+0000] {processor.py:840} INFO - DAG(s) 'diabetes_pipeline' retrieved from /opt/airflow/dags/diabetes_dag.py
[2026-05-16T12:06:26.191+0000] {logging_mixin.py:188} INFO - [2026-05-16T12:06:26.191+0000] {dag.py:3096} INFO - Sync 1 DAGs
[2026-05-16T12:06:26.209+0000] {logging_mixin.py:188} INFO - [2026-05-16T12:06:26.209+0000] {dag.py:3954} INFO - Setting next_dagrun for diabetes_pipeline to 2026-05-16 12:00:00+00:00, run_after=2026-05-16 13:00:00+00:00
[2026-05-16T12:06:26.225+0000] {processor.py:183} INFO - Processing /opt/airflow/dags/diabetes_dag.py took 0.090 seconds
[2026-05-16T12:06:56.312+0000] {processor.py:161} INFO - Started process (PID=427) to work on /opt/airflow/dags/diabetes_dag.py
[2026-05-16T12:06:56.313+0000] {processor.py:830} INFO - Processing file /opt/airflow/dags/diabetes_dag.py for tasks to queue
[2026-05-16T12:06:56.314+0000] {logging_mixin.py:188} INFO - [2026-05-16T12:06:56.314+0000] {dagbag.py:545} INFO - Filling up the DagBag from /opt/airflow/dags/diabetes_dag.py
[2026-05-16T12:06:56.337+0000] {processor.py:840} INFO - DAG(s) 'diabetes_pipeline' retrieved from /opt/airflow/dags/diabetes_dag.py
[2026-05-16T12:06:56.365+0000] {logging_mixin.py:188} INFO - [2026-05-16T12:06:56.364+0000] {dag.py:3096} INFO - Sync 1 DAGs
[2026-05-16T12:06:56.383+0000] {logging_mixin.py:188} INFO - [2026-05-16T12:06:56.383+0000] {dag.py:3954} INFO - Setting next_dagrun for diabetes_pipeline to 2026-05-16 12:00:00+00:00, run_after=2026-05-16 13:00:00+00:00
[2026-05-16T12:06:56.401+0000] {processor.py:183} INFO - Processing /opt/airflow/dags/diabetes_dag.py took 0.093 seconds
[2026-05-16T12:07:26.575+0000] {processor.py:161} INFO - Started process (PID=432) to work on /opt/airflow/dags/diabetes_dag.py
[2026-05-16T12:07:26.576+0000] {processor.py:830} INFO - Processing file /opt/airflow/dags/diabetes_dag.py for tasks to queue
[2026-05-16T12:07:26.578+0000] {logging_mixin.py:188} INFO - [2026-05-16T12:07:26.578+0000] {dagbag.py:545} INFO - Filling up the DagBag from /opt/airflow/dags/diabetes_dag.py
[2026-05-16T12:07:26.595+0000] {processor.py:840} INFO - DAG(s) 'diabetes_pipeline' retrieved from /opt/airflow/dags/diabetes_dag.py
[2026-05-16T12:07:26.621+0000] {logging_mixin.py:188} INFO - [2026-05-16T12:07:26.621+0000] {dag.py:3096} INFO - Sync 1 DAGs
[2026-05-16T12:07:26.640+0000] {logging_mixin.py:188} INFO - [2026-05-16T12:07:26.639+0000] {dag.py:3954} INFO - Setting next_dagrun for diabetes_pipeline to 2026-05-16 12:00:00+00:00, run_after=2026-05-16 13:00:00+00:00
[2026-05-16T12:07:26.655+0000] {processor.py:183} INFO - Processing /opt/airflow/dags/diabetes_dag.py took 0.085 seconds
[2026-05-16T12:07:56.827+0000] {processor.py:161} INFO - Started process (PID=437) to work on /opt/airflow/dags/diabetes_dag.py
[2026-05-16T12:07:56.828+0000] {processor.py:830} INFO - Processing file /opt/airflow/dags/diabetes_dag.py for tasks to queue
[2026-05-16T12:07:56.831+0000] {logging_mixin.py:188} INFO - [2026-05-16T12:07:56.831+0000] {dagbag.py:545} INFO - Filling up the DagBag from /opt/airflow/dags/diabetes_dag.py
[2026-05-16T12:07:56.856+0000] {processor.py:840} INFO - DAG(s) 'diabetes_pipeline' retrieved from /opt/airflow/dags/diabetes_dag.py
[2026-05-16T12:07:56.888+0000] {logging_mixin.py:188} INFO - [2026-05-16T12:07:56.888+0000] {dag.py:3096} INFO - Sync 1 DAGs
[2026-05-16T12:07:56.907+0000] {logging_mixin.py:188} INFO - [2026-05-16T12:07:56.907+0000] {dag.py:3954} INFO - Setting next_dagrun for diabetes_pipeline to 2026-05-16 12:00:00+00:00, run_after=2026-05-16 13:00:00+00:00
[2026-05-16T12:07:56.924+0000] {processor.py:183} INFO - Processing /opt/airflow/dags/diabetes_dag.py took 0.104 seconds
[2026-05-16T12:08:27.049+0000] {processor.py:161} INFO - Started process (PID=442) to work on /opt/airflow/dags/diabetes_dag.py
[2026-05-16T12:08:27.050+0000] {processor.py:830} INFO - Processing file /opt/airflow/dags/diabetes_dag.py for tasks to queue
[2026-05-16T12:08:27.052+0000] {logging_mixin.py:188} INFO - [2026-05-16T12:08:27.052+0000] {dagbag.py:545} INFO - Filling up the DagBag from /opt/airflow/dags/diabetes_dag.py
[2026-05-16T12:08:27.068+0000] {processor.py:840} INFO - DAG(s) 'diabetes_pipeline' retrieved from /opt/airflow/dags/diabetes_dag.py
[2026-05-16T12:08:27.094+0000] {logging_mixin.py:188} INFO - [2026-05-16T12:08:27.093+0000] {dag.py:3096} INFO - Sync 1 DAGs
[2026-05-16T12:08:27.112+0000] {logging_mixin.py:188} INFO - [2026-05-16T12:08:27.112+0000] {dag.py:3954} INFO - Setting next_dagrun for diabetes_pipeline to 2026-05-16 12:00:00+00:00, run_after=2026-05-16 13:00:00+00:00
[2026-05-16T12:08:27.128+0000] {processor.py:183} INFO - Processing /opt/airflow/dags/diabetes_dag.py took 0.083 seconds
[2026-05-16T12:08:57.295+0000] {processor.py:161} INFO - Started process (PID=447) to work on /opt/airflow/dags/diabetes_dag.py
[2026-05-16T12:08:57.297+0000] {processor.py:830} INFO - Processing file /opt/airflow/dags/diabetes_dag.py for tasks to queue
[2026-05-16T12:08:57.299+0000] {logging_mixin.py:188} INFO - [2026-05-16T12:08:57.298+0000] {dagbag.py:545} INFO - Filling up the DagBag from /opt/airflow/dags/diabetes_dag.py
[2026-05-16T12:08:57.323+0000] {processor.py:840} INFO - DAG(s) 'diabetes_pipeline' retrieved from /opt/airflow/dags/diabetes_dag.py
[2026-05-16T12:08:57.351+0000] {logging_mixin.py:188} INFO - [2026-05-16T12:08:57.350+0000] {dag.py:3096} INFO - Sync 1 DAGs
[2026-05-16T12:08:57.371+0000] {logging_mixin.py:188} INFO - [2026-05-16T12:08:57.371+0000] {dag.py:3954} INFO - Setting next_dagrun for diabetes_pipeline to 2026-05-16 12:00:00+00:00, run_after=2026-05-16 13:00:00+00:00
[2026-05-16T12:08:57.386+0000] {processor.py:183} INFO - Processing /opt/airflow/dags/diabetes_dag.py took 0.097 seconds
[2026-05-16T12:09:27.504+0000] {processor.py:161} INFO - Started process (PID=452) to work on /opt/airflow/dags/diabetes_dag.py
[2026-05-16T12:09:27.505+0000] {processor.py:830} INFO - Processing file /opt/airflow/dags/diabetes_dag.py for tasks to queue
[2026-05-16T12:09:27.507+0000] {logging_mixin.py:188} INFO - [2026-05-16T12:09:27.506+0000] {dagbag.py:545} INFO - Filling up the DagBag from /opt/airflow/dags/diabetes_dag.py
[2026-05-16T12:09:27.542+0000] {processor.py:840} INFO - DAG(s) 'diabetes_pipeline' retrieved from /opt/airflow/dags/diabetes_dag.py
[2026-05-16T12:09:27.578+0000] {logging_mixin.py:188} INFO - [2026-05-16T12:09:27.578+0000] {dag.py:3096} INFO - Sync 1 DAGs
[2026-05-16T12:09:27.599+0000] {logging_mixin.py:188} INFO - [2026-05-16T12:09:27.599+0000] {dag.py:3954} INFO - Setting next_dagrun for diabetes_pipeline to 2026-05-16 12:00:00+00:00, run_after=2026-05-16 13:00:00+00:00
[2026-05-16T12:09:27.618+0000] {processor.py:183} INFO - Processing /opt/airflow/dags/diabetes_dag.py took 0.120 seconds
[2026-05-16T12:09:57.785+0000] {processor.py:161} INFO - Started process (PID=457) to work on /opt/airflow/dags/diabetes_dag.py
[2026-05-16T12:09:57.785+0000] {processor.py:830} INFO - Processing file /opt/airflow/dags/diabetes_dag.py for tasks to queue
[2026-05-16T12:09:57.787+0000] {logging_mixin.py:188} INFO - [2026-05-16T12:09:57.787+0000] {dagbag.py:545} INFO - Filling up the DagBag from /opt/airflow/dags/diabetes_dag.py
[2026-05-16T12:09:57.805+0000] {processor.py:840} INFO - DAG(s) 'diabetes_pipeline' retrieved from /opt/airflow/dags/diabetes_dag.py
[2026-05-16T12:09:57.829+0000] {logging_mixin.py:188} INFO - [2026-05-16T12:09:57.829+0000] {dag.py:3096} INFO - Sync 1 DAGs
[2026-05-16T12:09:57.848+0000] {logging_mixin.py:188} INFO - [2026-05-16T12:09:57.848+0000] {dag.py:3954} INFO - Setting next_dagrun for diabetes_pipeline to 2026-05-16 12:00:00+00:00, run_after=2026-05-16 13:00:00+00:00
[2026-05-16T12:09:57.864+0000] {processor.py:183} INFO - Processing /opt/airflow/dags/diabetes_dag.py took 0.084 seconds
[2026-05-16T12:10:27.987+0000] {processor.py:161} INFO - Started process (PID=462) to work on /opt/airflow/dags/diabetes_dag.py
[2026-05-16T12:10:27.988+0000] {processor.py:830} INFO - Processing file /opt/airflow/dags/diabetes_dag.py for tasks to queue
[2026-05-16T12:10:27.989+0000] {logging_mixin.py:188} INFO - [2026-05-16T12:10:27.989+0000] {dagbag.py:545} INFO - Filling up the DagBag from /opt/airflow/dags/diabetes_dag.py
[2026-05-16T12:10:28.004+0000] {processor.py:840} INFO - DAG(s) 'diabetes_pipeline' retrieved from /opt/airflow/dags/diabetes_dag.py
[2026-05-16T12:10:28.030+0000] {logging_mixin.py:188} INFO - [2026-05-16T12:10:28.030+0000] {dag.py:3096} INFO - Sync 1 DAGs
[2026-05-16T12:10:28.048+0000] {logging_mixin.py:188} INFO - [2026-05-16T12:10:28.047+0000] {dag.py:3954} INFO - Setting next_dagrun for diabetes_pipeline to 2026-05-16 12:00:00+00:00, run_after=2026-05-16 13:00:00+00:00
[2026-05-16T12:10:28.062+0000] {processor.py:183} INFO - Processing /opt/airflow/dags/diabetes_dag.py took 0.080 seconds
[2026-05-16T12:10:58.214+0000] {processor.py:161} INFO - Started process (PID=467) to work on /opt/airflow/dags/diabetes_dag.py
[2026-05-16T12:10:58.214+0000] {processor.py:830} INFO - Processing file /opt/airflow/dags/diabetes_dag.py for tasks to queue
[2026-05-16T12:10:58.216+0000] {logging_mixin.py:188} INFO - [2026-05-16T12:10:58.216+0000] {dagbag.py:545} INFO - Filling up the DagBag from /opt/airflow/dags/diabetes_dag.py
[2026-05-16T12:10:58.231+0000] {processor.py:840} INFO - DAG(s) 'diabetes_pipeline' retrieved from /opt/airflow/dags/diabetes_dag.py
[2026-05-16T12:10:58.255+0000] {logging_mixin.py:188} INFO - [2026-05-16T12:10:58.255+0000] {dag.py:3096} INFO - Sync 1 DAGs
[2026-05-16T12:10:58.273+0000] {logging_mixin.py:188} INFO - [2026-05-16T12:10:58.273+0000] {dag.py:3954} INFO - Setting next_dagrun for diabetes_pipeline to 2026-05-16 12:00:00+00:00, run_after=2026-05-16 13:00:00+00:00
[2026-05-16T12:10:58.288+0000] {processor.py:183} INFO - Processing /opt/airflow/dags/diabetes_dag.py took 0.079 seconds
[2026-05-16T12:11:28.389+0000] {processor.py:161} INFO - Started process (PID=472) to work on /opt/airflow/dags/diabetes_dag.py
[2026-05-16T12:11:28.390+0000] {processor.py:830} INFO - Processing file /opt/airflow/dags/diabetes_dag.py for tasks to queue
[2026-05-16T12:11:28.391+0000] {logging_mixin.py:188} INFO - [2026-05-16T12:11:28.391+0000] {dagbag.py:545} INFO - Filling up the DagBag from /opt/airflow/dags/diabetes_dag.py
[2026-05-16T12:11:28.408+0000] {processor.py:840} INFO - DAG(s) 'diabetes_pipeline' retrieved from /opt/airflow/dags/diabetes_dag.py
[2026-05-16T12:11:28.433+0000] {logging_mixin.py:188} INFO - [2026-05-16T12:11:28.433+0000] {dag.py:3096} INFO - Sync 1 DAGs
[2026-05-16T12:11:28.452+0000] {logging_mixin.py:188} INFO - [2026-05-16T12:11:28.452+0000] {dag.py:3954} INFO - Setting next_dagrun for diabetes_pipeline to 2026-05-16 12:00:00+00:00, run_after=2026-05-16 13:00:00+00:00
[2026-05-16T12:11:28.469+0000] {processor.py:183} INFO - Processing /opt/airflow/dags/diabetes_dag.py took 0.084 seconds
[2026-05-16T12:11:58.575+0000] {processor.py:161} INFO - Started process (PID=477) to work on /opt/airflow/dags/diabetes_dag.py
[2026-05-16T12:11:58.576+0000] {processor.py:830} INFO - Processing file /opt/airflow/dags/diabetes_dag.py for tasks to queue
[2026-05-16T12:11:58.578+0000] {logging_mixin.py:188} INFO - [2026-05-16T12:11:58.577+0000] {dagbag.py:545} INFO - Filling up the DagBag from /opt/airflow/dags/diabetes_dag.py
[2026-05-16T12:11:58.594+0000] {processor.py:840} INFO - DAG(s) 'diabetes_pipeline' retrieved from /opt/airflow/dags/diabetes_dag.py
[2026-05-16T12:11:58.618+0000] {logging_mixin.py:188} INFO - [2026-05-16T12:11:58.618+0000] {dag.py:3096} INFO - Sync 1 DAGs
[2026-05-16T12:11:58.636+0000] {logging_mixin.py:188} INFO - [2026-05-16T12:11:58.636+0000] {dag.py:3954} INFO - Setting next_dagrun for diabetes_pipeline to 2026-05-16 12:00:00+00:00, run_after=2026-05-16 13:00:00+00:00
[2026-05-16T12:11:58.652+0000] {processor.py:183} INFO - Processing /opt/airflow/dags/diabetes_dag.py took 0.082 seconds
[2026-05-16T12:12:28.808+0000] {processor.py:161} INFO - Started process (PID=482) to work on /opt/airflow/dags/diabetes_dag.py
[2026-05-16T12:12:28.808+0000] {processor.py:830} INFO - Processing file /opt/airflow/dags/diabetes_dag.py for tasks to queue
[2026-05-16T12:12:28.810+0000] {logging_mixin.py:188} INFO - [2026-05-16T12:12:28.810+0000] {dagbag.py:545} INFO - Filling up the DagBag from /opt/airflow/dags/diabetes_dag.py
[2026-05-16T12:12:28.825+0000] {processor.py:840} INFO - DAG(s) 'diabetes_pipeline' retrieved from /opt/airflow/dags/diabetes_dag.py
[2026-05-16T12:12:28.850+0000] {logging_mixin.py:188} INFO - [2026-05-16T12:12:28.850+0000] {dag.py:3096} INFO - Sync 1 DAGs
[2026-05-16T12:12:28.868+0000] {logging_mixin.py:188} INFO - [2026-05-16T12:12:28.868+0000] {dag.py:3954} INFO - Setting next_dagrun for diabetes_pipeline to 2026-05-16 12:00:00+00:00, run_after=2026-05-16 13:00:00+00:00
[2026-05-16T12:12:28.885+0000] {processor.py:183} INFO - Processing /opt/airflow/dags/diabetes_dag.py took 0.081 seconds
[2026-05-16T12:12:58.954+0000] {processor.py:161} INFO - Started process (PID=487) to work on /opt/airflow/dags/diabetes_dag.py
[2026-05-16T12:12:58.955+0000] {processor.py:830} INFO - Processing file /opt/airflow/dags/diabetes_dag.py for tasks to queue
[2026-05-16T12:12:58.956+0000] {logging_mixin.py:188} INFO - [2026-05-16T12:12:58.956+0000] {dagbag.py:545} INFO - Filling up the DagBag from /opt/airflow/dags/diabetes_dag.py
[2026-05-16T12:12:58.974+0000] {processor.py:840} INFO - DAG(s) 'diabetes_pipeline' retrieved from /opt/airflow/dags/diabetes_dag.py
[2026-05-16T12:12:59.000+0000] {logging_mixin.py:188} INFO - [2026-05-16T12:12:59.000+0000] {dag.py:3096} INFO - Sync 1 DAGs
[2026-05-16T12:12:59.021+0000] {logging_mixin.py:188} INFO - [2026-05-16T12:12:59.021+0000] {dag.py:3954} INFO - Setting next_dagrun for diabetes_pipeline to 2026-05-16 12:00:00+00:00, run_after=2026-05-16 13:00:00+00:00
[2026-05-16T12:12:59.037+0000] {processor.py:183} INFO - Processing /opt/airflow/dags/diabetes_dag.py took 0.087 seconds
[2026-05-16T12:13:29.159+0000] {processor.py:161} INFO - Started process (PID=492) to work on /opt/airflow/dags/diabetes_dag.py
[2026-05-16T12:13:29.159+0000] {processor.py:830} INFO - Processing file /opt/airflow/dags/diabetes_dag.py for tasks to queue
[2026-05-16T12:13:29.161+0000] {logging_mixin.py:188} INFO - [2026-05-16T12:13:29.161+0000] {dagbag.py:545} INFO - Filling up the DagBag from /opt/airflow/dags/diabetes_dag.py
[2026-05-16T12:13:29.188+0000] {processor.py:840} INFO - DAG(s) 'diabetes_pipeline' retrieved from /opt/airflow/dags/diabetes_dag.py
[2026-05-16T12:13:29.214+0000] {logging_mixin.py:188} INFO - [2026-05-16T12:13:29.213+0000] {dag.py:3096} INFO - Sync 1 DAGs
[2026-05-16T12:13:29.231+0000] {logging_mixin.py:188} INFO - [2026-05-16T12:13:29.231+0000] {dag.py:3954} INFO - Setting next_dagrun for diabetes_pipeline to 2026-05-16 12:00:00+00:00, run_after=2026-05-16 13:00:00+00:00
[2026-05-16T12:13:29.248+0000] {processor.py:183} INFO - Processing /opt/airflow/dags/diabetes_dag.py took 0.094 seconds
[2026-05-16T12:13:59.309+0000] {processor.py:161} INFO - Started process (PID=497) to work on /opt/airflow/dags/diabetes_dag.py
[2026-05-16T12:13:59.310+0000] {processor.py:830} INFO - Processing file /opt/airflow/dags/diabetes_dag.py for tasks to queue
[2026-05-16T12:13:59.312+0000] {logging_mixin.py:188} INFO - [2026-05-16T12:13:59.311+0000] {dagbag.py:545} INFO - Filling up the DagBag from /opt/airflow/dags/diabetes_dag.py
[2026-05-16T12:13:59.335+0000] {processor.py:840} INFO - DAG(s) 'diabetes_pipeline' retrieved from /opt/airflow/dags/diabetes_dag.py
[2026-05-16T12:13:59.365+0000] {logging_mixin.py:188} INFO - [2026-05-16T12:13:59.365+0000] {dag.py:3096} INFO - Sync 1 DAGs
[2026-05-16T12:13:59.386+0000] {logging_mixin.py:188} INFO - [2026-05-16T12:13:59.386+0000] {dag.py:3954} INFO - Setting next_dagrun for diabetes_pipeline to 2026-05-16 12:00:00+00:00, run_after=2026-05-16 13:00:00+00:00
[2026-05-16T12:13:59.407+0000] {processor.py:183} INFO - Processing /opt/airflow/dags/diabetes_dag.py took 0.102 seconds
[2026-05-16T12:14:29.658+0000] {processor.py:161} INFO - Started process (PID=502) to work on /opt/airflow/dags/diabetes_dag.py
[2026-05-16T12:14:29.659+0000] {processor.py:830} INFO - Processing file /opt/airflow/dags/diabetes_dag.py for tasks to queue
[2026-05-16T12:14:29.660+0000] {logging_mixin.py:188} INFO - [2026-05-16T12:14:29.660+0000] {dagbag.py:545} INFO - Filling up the DagBag from /opt/airflow/dags/diabetes_dag.py
[2026-05-16T12:14:29.676+0000] {processor.py:840} INFO - DAG(s) 'diabetes_pipeline' retrieved from /opt/airflow/dags/diabetes_dag.py
[2026-05-16T12:14:29.700+0000] {logging_mixin.py:188} INFO - [2026-05-16T12:14:29.699+0000] {dag.py:3096} INFO - Sync 1 DAGs
[2026-05-16T12:14:29.718+0000] {logging_mixin.py:188} INFO - [2026-05-16T12:14:29.718+0000] {dag.py:3954} INFO - Setting next_dagrun for diabetes_pipeline to 2026-05-16 12:00:00+00:00, run_after=2026-05-16 13:00:00+00:00
[2026-05-16T12:14:29.734+0000] {processor.py:183} INFO - Processing /opt/airflow/dags/diabetes_dag.py took 0.081 seconds
[2026-05-16T12:14:59.890+0000] {processor.py:161} INFO - Started process (PID=507) to work on /opt/airflow/dags/diabetes_dag.py
[2026-05-16T12:14:59.891+0000] {processor.py:830} INFO - Processing file /opt/airflow/dags/diabetes_dag.py for tasks to queue
[2026-05-16T12:14:59.893+0000] {logging_mixin.py:188} INFO - [2026-05-16T12:14:59.892+0000] {dagbag.py:545} INFO - Filling up the DagBag from /opt/airflow/dags/diabetes_dag.py
[2026-05-16T12:14:59.909+0000] {processor.py:840} INFO - DAG(s) 'diabetes_pipeline' retrieved from /opt/airflow/dags/diabetes_dag.py
[2026-05-16T12:14:59.933+0000] {logging_mixin.py:188} INFO - [2026-05-16T12:14:59.933+0000] {dag.py:3096} INFO - Sync 1 DAGs
[2026-05-16T12:14:59.951+0000] {logging_mixin.py:188} INFO - [2026-05-16T12:14:59.950+0000] {dag.py:3954} INFO - Setting next_dagrun for diabetes_pipeline to 2026-05-16 12:00:00+00:00, run_after=2026-05-16 13:00:00+00:00
[2026-05-16T12:14:59.968+0000] {processor.py:183} INFO - Processing /opt/airflow/dags/diabetes_dag.py took 0.082 seconds
[2026-05-16T12:15:30.052+0000] {processor.py:161} INFO - Started process (PID=512) to work on /opt/airflow/dags/diabetes_dag.py
[2026-05-16T12:15:30.053+0000] {processor.py:830} INFO - Processing file /opt/airflow/dags/diabetes_dag.py for tasks to queue
[2026-05-16T12:15:30.055+0000] {logging_mixin.py:188} INFO - [2026-05-16T12:15:30.055+0000] {dagbag.py:545} INFO - Filling up the DagBag from /opt/airflow/dags/diabetes_dag.py
[2026-05-16T12:15:30.079+0000] {processor.py:840} INFO - DAG(s) 'diabetes_pipeline' retrieved from /opt/airflow/dags/diabetes_dag.py
[2026-05-16T12:15:30.107+0000] {logging_mixin.py:188} INFO - [2026-05-16T12:15:30.106+0000] {dag.py:3096} INFO - Sync 1 DAGs
[2026-05-16T12:15:30.125+0000] {logging_mixin.py:188} INFO - [2026-05-16T12:15:30.125+0000] {dag.py:3954} INFO - Setting next_dagrun for diabetes_pipeline to 2026-05-16 12:00:00+00:00, run_after=2026-05-16 13:00:00+00:00
[2026-05-16T12:15:30.143+0000] {processor.py:183} INFO - Processing /opt/airflow/dags/diabetes_dag.py took 0.095 seconds
[2026-05-16T12:16:00.261+0000] {processor.py:161} INFO - Started process (PID=517) to work on /opt/airflow/dags/diabetes_dag.py
[2026-05-16T12:16:00.262+0000] {processor.py:830} INFO - Processing file /opt/airflow/dags/diabetes_dag.py for tasks to queue
[2026-05-16T12:16:00.265+0000] {logging_mixin.py:188} INFO - [2026-05-16T12:16:00.264+0000] {dagbag.py:545} INFO - Filling up the DagBag from /opt/airflow/dags/diabetes_dag.py
[2026-05-16T12:16:00.294+0000] {processor.py:840} INFO - DAG(s) 'diabetes_pipeline' retrieved from /opt/airflow/dags/diabetes_dag.py
[2026-05-16T12:16:00.322+0000] {logging_mixin.py:188} INFO - [2026-05-16T12:16:00.322+0000] {dag.py:3096} INFO - Sync 1 DAGs
[2026-05-16T12:16:00.340+0000] {logging_mixin.py:188} INFO - [2026-05-16T12:16:00.340+0000] {dag.py:3954} INFO - Setting next_dagrun for diabetes_pipeline to 2026-05-16 12:00:00+00:00, run_after=2026-05-16 13:00:00+00:00
[2026-05-16T12:16:00.356+0000] {processor.py:183} INFO - Processing /opt/airflow/dags/diabetes_dag.py took 0.101 seconds
[2026-05-16T12:16:30.432+0000] {processor.py:161} INFO - Started process (PID=522) to work on /opt/airflow/dags/diabetes_dag.py
[2026-05-16T12:16:30.433+0000] {processor.py:830} INFO - Processing file /opt/airflow/dags/diabetes_dag.py for tasks to queue
[2026-05-16T12:16:30.435+0000] {logging_mixin.py:188} INFO - [2026-05-16T12:16:30.434+0000] {dagbag.py:545} INFO - Filling up the DagBag from /opt/airflow/dags/diabetes_dag.py
[2026-05-16T12:16:30.450+0000] {processor.py:840} INFO - DAG(s) 'diabetes_pipeline' retrieved from /opt/airflow/dags/diabetes_dag.py
[2026-05-16T12:16:30.560+0000] {logging_mixin.py:188} INFO - [2026-05-16T12:16:30.560+0000] {dag.py:3096} INFO - Sync 1 DAGs
[2026-05-16T12:16:30.622+0000] {logging_mixin.py:188} INFO - [2026-05-16T12:16:30.622+0000] {dag.py:3954} INFO - Setting next_dagrun for diabetes_pipeline to 2026-05-16 12:00:00+00:00, run_after=2026-05-16 13:00:00+00:00
[2026-05-16T12:16:30.654+0000] {processor.py:183} INFO - Processing /opt/airflow/dags/diabetes_dag.py took 0.226 seconds
[2026-05-16T12:17:00.724+0000] {processor.py:161} INFO - Started process (PID=527) to work on /opt/airflow/dags/diabetes_dag.py
[2026-05-16T12:17:00.725+0000] {processor.py:830} INFO - Processing file /opt/airflow/dags/diabetes_dag.py for tasks to queue
[2026-05-16T12:17:00.727+0000] {logging_mixin.py:188} INFO - [2026-05-16T12:17:00.727+0000] {dagbag.py:545} INFO - Filling up the DagBag from /opt/airflow/dags/diabetes_dag.py
[2026-05-16T12:17:00.743+0000] {processor.py:840} INFO - DAG(s) 'diabetes_pipeline' retrieved from /opt/airflow/dags/diabetes_dag.py
[2026-05-16T12:17:00.769+0000] {logging_mixin.py:188} INFO - [2026-05-16T12:17:00.769+0000] {dag.py:3096} INFO - Sync 1 DAGs
[2026-05-16T12:17:00.787+0000] {logging_mixin.py:188} INFO - [2026-05-16T12:17:00.787+0000] {dag.py:3954} INFO - Setting next_dagrun for diabetes_pipeline to 2026-05-16 12:00:00+00:00, run_after=2026-05-16 13:00:00+00:00
[2026-05-16T12:17:00.806+0000] {processor.py:183} INFO - Processing /opt/airflow/dags/diabetes_dag.py took 0.086 seconds
[2026-05-16T12:17:30.931+0000] {processor.py:161} INFO - Started process (PID=532) to work on /opt/airflow/dags/diabetes_dag.py
[2026-05-16T12:17:30.932+0000] {processor.py:830} INFO - Processing file /opt/airflow/dags/diabetes_dag.py for tasks to queue
[2026-05-16T12:17:30.933+0000] {logging_mixin.py:188} INFO - [2026-05-16T12:17:30.933+0000] {dagbag.py:545} INFO - Filling up the DagBag from /opt/airflow/dags/diabetes_dag.py
[2026-05-16T12:17:30.948+0000] {processor.py:840} INFO - DAG(s) 'diabetes_pipeline' retrieved from /opt/airflow/dags/diabetes_dag.py
[2026-05-16T12:17:30.972+0000] {logging_mixin.py:188} INFO - [2026-05-16T12:17:30.972+0000] {dag.py:3096} INFO - Sync 1 DAGs
[2026-05-16T12:17:30.991+0000] {logging_mixin.py:188} INFO - [2026-05-16T12:17:30.990+0000] {dag.py:3954} INFO - Setting next_dagrun for diabetes_pipeline to 2026-05-16 12:00:00+00:00, run_after=2026-05-16 13:00:00+00:00
[2026-05-16T12:17:31.007+0000] {processor.py:183} INFO - Processing /opt/airflow/dags/diabetes_dag.py took 0.081 seconds
[2026-05-16T12:18:01.124+0000] {processor.py:161} INFO - Started process (PID=537) to work on /opt/airflow/dags/diabetes_dag.py
[2026-05-16T12:18:01.125+0000] {processor.py:830} INFO - Processing file /opt/airflow/dags/diabetes_dag.py for tasks to queue
[2026-05-16T12:18:01.126+0000] {logging_mixin.py:188} INFO - [2026-05-16T12:18:01.126+0000] {dagbag.py:545} INFO - Filling up the DagBag from /opt/airflow/dags/diabetes_dag.py
[2026-05-16T12:18:01.142+0000] {processor.py:840} INFO - DAG(s) 'diabetes_pipeline' retrieved from /opt/airflow/dags/diabetes_dag.py
[2026-05-16T12:18:01.166+0000] {logging_mixin.py:188} INFO - [2026-05-16T12:18:01.166+0000] {dag.py:3096} INFO - Sync 1 DAGs
[2026-05-16T12:18:01.184+0000] {logging_mixin.py:188} INFO - [2026-05-16T12:18:01.184+0000] {dag.py:3954} INFO - Setting next_dagrun for diabetes_pipeline to 2026-05-16 12:00:00+00:00, run_after=2026-05-16 13:00:00+00:00
[2026-05-16T12:18:01.201+0000] {processor.py:183} INFO - Processing /opt/airflow/dags/diabetes_dag.py took 0.082 seconds
[2026-05-16T12:18:31.350+0000] {processor.py:161} INFO - Started process (PID=542) to work on /opt/airflow/dags/diabetes_dag.py
[2026-05-16T12:18:31.350+0000] {processor.py:830} INFO - Processing file /opt/airflow/dags/diabetes_dag.py for tasks to queue
[2026-05-16T12:18:31.352+0000] {logging_mixin.py:188} INFO - [2026-05-16T12:18:31.352+0000] {dagbag.py:545} INFO - Filling up the DagBag from /opt/airflow/dags/diabetes_dag.py
[2026-05-16T12:18:31.369+0000] {processor.py:840} INFO - DAG(s) 'diabetes_pipeline' retrieved from /opt/airflow/dags/diabetes_dag.py
[2026-05-16T12:18:31.394+0000] {logging_mixin.py:188} INFO - [2026-05-16T12:18:31.393+0000] {dag.py:3096} INFO - Sync 1 DAGs
[2026-05-16T12:18:31.411+0000] {logging_mixin.py:188} INFO - [2026-05-16T12:18:31.411+0000] {dag.py:3954} INFO - Setting next_dagrun for diabetes_pipeline to 2026-05-16 12:00:00+00:00, run_after=2026-05-16 13:00:00+00:00
[2026-05-16T12:18:31.427+0000] {processor.py:183} INFO - Processing /opt/airflow/dags/diabetes_dag.py took 0.082 seconds
[2026-05-16T12:19:01.678+0000] {processor.py:161} INFO - Started process (PID=547) to work on /opt/airflow/dags/diabetes_dag.py
[2026-05-16T12:19:01.679+0000] {processor.py:830} INFO - Processing file /opt/airflow/dags/diabetes_dag.py for tasks to queue
[2026-05-16T12:19:01.681+0000] {logging_mixin.py:188} INFO - [2026-05-16T12:19:01.681+0000] {dagbag.py:545} INFO - Filling up the DagBag from /opt/airflow/dags/diabetes_dag.py
[2026-05-16T12:19:01.708+0000] {processor.py:840} INFO - DAG(s) 'diabetes_pipeline' retrieved from /opt/airflow/dags/diabetes_dag.py
[2026-05-16T12:19:01.737+0000] {logging_mixin.py:188} INFO - [2026-05-16T12:19:01.737+0000] {dag.py:3096} INFO - Sync 1 DAGs
[2026-05-16T12:19:01.761+0000] {logging_mixin.py:188} INFO - [2026-05-16T12:19:01.761+0000] {dag.py:3954} INFO - Setting next_dagrun for diabetes_pipeline to 2026-05-16 12:00:00+00:00, run_after=2026-05-16 13:00:00+00:00
[2026-05-16T12:19:01.781+0000] {processor.py:183} INFO - Processing /opt/airflow/dags/diabetes_dag.py took 0.108 seconds
[2026-05-16T12:19:31.898+0000] {processor.py:161} INFO - Started process (PID=552) to work on /opt/airflow/dags/diabetes_dag.py
[2026-05-16T12:19:31.899+0000] {processor.py:830} INFO - Processing file /opt/airflow/dags/diabetes_dag.py for tasks to queue
[2026-05-16T12:19:31.906+0000] {logging_mixin.py:188} INFO - [2026-05-16T12:19:31.906+0000] {dagbag.py:545} INFO - Filling up the DagBag from /opt/airflow/dags/diabetes_dag.py
[2026-05-16T12:19:31.939+0000] {processor.py:840} INFO - DAG(s) 'diabetes_pipeline' retrieved from /opt/airflow/dags/diabetes_dag.py
[2026-05-16T12:19:31.966+0000] {logging_mixin.py:188} INFO - [2026-05-16T12:19:31.966+0000] {dag.py:3096} INFO - Sync 1 DAGs
[2026-05-16T12:19:31.985+0000] {logging_mixin.py:188} INFO - [2026-05-16T12:19:31.985+0000] {dag.py:3954} INFO - Setting next_dagrun for diabetes_pipeline to 2026-05-16 12:00:00+00:00, run_after=2026-05-16 13:00:00+00:00
[2026-05-16T12:19:32.006+0000] {processor.py:183} INFO - Processing /opt/airflow/dags/diabetes_dag.py took 0.113 seconds
[2026-05-16T12:20:02.095+0000] {processor.py:161} INFO - Started process (PID=557) to work on /opt/airflow/dags/diabetes_dag.py
[2026-05-16T12:20:02.095+0000] {processor.py:830} INFO - Processing file /opt/airflow/dags/diabetes_dag.py for tasks to queue
[2026-05-16T12:20:02.097+0000] {logging_mixin.py:188} INFO - [2026-05-16T12:20:02.096+0000] {dagbag.py:545} INFO - Filling up the DagBag from /opt/airflow/dags/diabetes_dag.py
[2026-05-16T12:20:02.112+0000] {processor.py:840} INFO - DAG(s) 'diabetes_pipeline' retrieved from /opt/airflow/dags/diabetes_dag.py
[2026-05-16T12:20:02.137+0000] {logging_mixin.py:188} INFO - [2026-05-16T12:20:02.137+0000] {dag.py:3096} INFO - Sync 1 DAGs
[2026-05-16T12:20:02.157+0000] {logging_mixin.py:188} INFO - [2026-05-16T12:20:02.157+0000] {dag.py:3954} INFO - Setting next_dagrun for diabetes_pipeline to 2026-05-16 12:00:00+00:00, run_after=2026-05-16 13:00:00+00:00
[2026-05-16T12:20:02.174+0000] {processor.py:183} INFO - Processing /opt/airflow/dags/diabetes_dag.py took 0.084 seconds
[2026-05-16T12:20:32.340+0000] {processor.py:161} INFO - Started process (PID=562) to work on /opt/airflow/dags/diabetes_dag.py
[2026-05-16T12:20:32.341+0000] {processor.py:830} INFO - Processing file /opt/airflow/dags/diabetes_dag.py for tasks to queue
[2026-05-16T12:20:32.342+0000] {logging_mixin.py:188} INFO - [2026-05-16T12:20:32.342+0000] {dagbag.py:545} INFO - Filling up the DagBag from /opt/airflow/dags/diabetes_dag.py
[2026-05-16T12:20:32.358+0000] {processor.py:840} INFO - DAG(s) 'diabetes_pipeline' retrieved from /opt/airflow/dags/diabetes_dag.py
[2026-05-16T12:20:32.381+0000] {logging_mixin.py:188} INFO - [2026-05-16T12:20:32.381+0000] {dag.py:3096} INFO - Sync 1 DAGs
[2026-05-16T12:20:32.399+0000] {logging_mixin.py:188} INFO - [2026-05-16T12:20:32.399+0000] {dag.py:3954} INFO - Setting next_dagrun for diabetes_pipeline to 2026-05-16 12:00:00+00:00, run_after=2026-05-16 13:00:00+00:00
[2026-05-16T12:20:32.415+0000] {processor.py:183} INFO - Processing /opt/airflow/dags/diabetes_dag.py took 0.080 seconds
[2026-05-16T12:21:02.496+0000] {processor.py:161} INFO - Started process (PID=567) to work on /opt/airflow/dags/diabetes_dag.py
[2026-05-16T12:21:02.497+0000] {processor.py:830} INFO - Processing file /opt/airflow/dags/diabetes_dag.py for tasks to queue
[2026-05-16T12:21:02.499+0000] {logging_mixin.py:188} INFO - [2026-05-16T12:21:02.499+0000] {dagbag.py:545} INFO - Filling up the DagBag from /opt/airflow/dags/diabetes_dag.py
[2026-05-16T12:21:02.517+0000] {processor.py:840} INFO - DAG(s) 'diabetes_pipeline' retrieved from /opt/airflow/dags/diabetes_dag.py
[2026-05-16T12:21:02.545+0000] {logging_mixin.py:188} INFO - [2026-05-16T12:21:02.545+0000] {dag.py:3096} INFO - Sync 1 DAGs
[2026-05-16T12:21:02.564+0000] {logging_mixin.py:188} INFO - [2026-05-16T12:21:02.564+0000] {dag.py:3954} INFO - Setting next_dagrun for diabetes_pipeline to 2026-05-16 12:00:00+00:00, run_after=2026-05-16 13:00:00+00:00
[2026-05-16T12:21:02.582+0000] {processor.py:183} INFO - Processing /opt/airflow/dags/diabetes_dag.py took 0.089 seconds
[2026-05-16T12:21:32.797+0000] {processor.py:161} INFO - Started process (PID=572) to work on /opt/airflow/dags/diabetes_dag.py
[2026-05-16T12:21:32.797+0000] {processor.py:830} INFO - Processing file /opt/airflow/dags/diabetes_dag.py for tasks to queue
[2026-05-16T12:21:32.799+0000] {logging_mixin.py:188} INFO - [2026-05-16T12:21:32.798+0000] {dagbag.py:545} INFO - Filling up the DagBag from /opt/airflow/dags/diabetes_dag.py
[2026-05-16T12:21:32.821+0000] {processor.py:840} INFO - DAG(s) 'diabetes_pipeline' retrieved from /opt/airflow/dags/diabetes_dag.py
[2026-05-16T12:21:32.852+0000] {logging_mixin.py:188} INFO - [2026-05-16T12:21:32.852+0000] {dag.py:3096} INFO - Sync 1 DAGs
[2026-05-16T12:21:32.871+0000] {logging_mixin.py:188} INFO - [2026-05-16T12:21:32.871+0000] {dag.py:3954} INFO - Setting next_dagrun for diabetes_pipeline to 2026-05-16 12:00:00+00:00, run_after=2026-05-16 13:00:00+00:00
[2026-05-16T12:21:32.890+0000] {processor.py:183} INFO - Processing /opt/airflow/dags/diabetes_dag.py took 0.098 seconds
[2026-05-16T12:22:04.129+0000] {processor.py:161} INFO - Started process (PID=577) to work on /opt/airflow/dags/diabetes_dag.py
[2026-05-16T12:22:04.132+0000] {processor.py:830} INFO - Processing file /opt/airflow/dags/diabetes_dag.py for tasks to queue
[2026-05-16T12:22:04.135+0000] {logging_mixin.py:188} INFO - [2026-05-16T12:22:04.134+0000] {dagbag.py:545} INFO - Filling up the DagBag from /opt/airflow/dags/diabetes_dag.py
[2026-05-16T12:22:04.214+0000] {processor.py:840} INFO - DAG(s) 'diabetes_pipeline' retrieved from /opt/airflow/dags/diabetes_dag.py
[2026-05-16T12:22:04.261+0000] {logging_mixin.py:188} INFO - [2026-05-16T12:22:04.261+0000] {dag.py:3096} INFO - Sync 1 DAGs
[2026-05-16T12:22:04.291+0000] {logging_mixin.py:188} INFO - [2026-05-16T12:22:04.291+0000] {dag.py:3954} INFO - Setting next_dagrun for diabetes_pipeline to 2026-05-16 12:00:00+00:00, run_after=2026-05-16 13:00:00+00:00
[2026-05-16T12:22:04.315+0000] {processor.py:183} INFO - Processing /opt/airflow/dags/diabetes_dag.py took 0.194 seconds
[2026-05-16T12:22:34.521+0000] {processor.py:161} INFO - Started process (PID=582) to work on /opt/airflow/dags/diabetes_dag.py
[2026-05-16T12:22:34.523+0000] {processor.py:830} INFO - Processing file /opt/airflow/dags/diabetes_dag.py for tasks to queue
[2026-05-16T12:22:34.526+0000] {logging_mixin.py:188} INFO - [2026-05-16T12:22:34.526+0000] {dagbag.py:545} INFO - Filling up the DagBag from /opt/airflow/dags/diabetes_dag.py
[2026-05-16T12:22:34.552+0000] {processor.py:840} INFO - DAG(s) 'diabetes_pipeline' retrieved from /opt/airflow/dags/diabetes_dag.py
[2026-05-16T12:22:34.580+0000] {logging_mixin.py:188} INFO - [2026-05-16T12:22:34.580+0000] {dag.py:3096} INFO - Sync 1 DAGs
[2026-05-16T12:22:34.599+0000] {logging_mixin.py:188} INFO - [2026-05-16T12:22:34.599+0000] {dag.py:3954} INFO - Setting next_dagrun for diabetes_pipeline to 2026-05-16 12:00:00+00:00, run_after=2026-05-16 13:00:00+00:00
[2026-05-16T12:22:34.614+0000] {processor.py:183} INFO - Processing /opt/airflow/dags/diabetes_dag.py took 0.099 seconds
[2026-05-16T12:23:04.835+0000] {processor.py:161} INFO - Started process (PID=587) to work on /opt/airflow/dags/diabetes_dag.py
[2026-05-16T12:23:04.839+0000] {processor.py:830} INFO - Processing file /opt/airflow/dags/diabetes_dag.py for tasks to queue
[2026-05-16T12:23:04.843+0000] {logging_mixin.py:188} INFO - [2026-05-16T12:23:04.843+0000] {dagbag.py:545} INFO - Filling up the DagBag from /opt/airflow/dags/diabetes_dag.py
[2026-05-16T12:23:04.887+0000] {processor.py:840} INFO - DAG(s) 'diabetes_pipeline' retrieved from /opt/airflow/dags/diabetes_dag.py
[2026-05-16T12:23:04.941+0000] {logging_mixin.py:188} INFO - [2026-05-16T12:23:04.941+0000] {dag.py:3096} INFO - Sync 1 DAGs
[2026-05-16T12:23:04.984+0000] {logging_mixin.py:188} INFO - [2026-05-16T12:23:04.984+0000] {dag.py:3954} INFO - Setting next_dagrun for diabetes_pipeline to 2026-05-16 12:00:00+00:00, run_after=2026-05-16 13:00:00+00:00
[2026-05-16T12:23:05.029+0000] {processor.py:183} INFO - Processing /opt/airflow/dags/diabetes_dag.py took 0.202 seconds
[2026-05-16T12:28:05.900+0000] {processor.py:161} INFO - Started process (PID=592) to work on /opt/airflow/dags/diabetes_dag.py
[2026-05-16T12:28:05.911+0000] {processor.py:830} INFO - Processing file /opt/airflow/dags/diabetes_dag.py for tasks to queue
[2026-05-16T12:28:05.920+0000] {logging_mixin.py:188} INFO - [2026-05-16T12:28:05.918+0000] {dagbag.py:545} INFO - Filling up the DagBag from /opt/airflow/dags/diabetes_dag.py
[2026-05-16T12:28:06.005+0000] {processor.py:840} INFO - DAG(s) 'diabetes_pipeline' retrieved from /opt/airflow/dags/diabetes_dag.py
[2026-05-16T12:28:06.074+0000] {logging_mixin.py:188} INFO - [2026-05-16T12:28:06.073+0000] {dag.py:3096} INFO - Sync 1 DAGs
[2026-05-16T12:28:06.117+0000] {logging_mixin.py:188} INFO - [2026-05-16T12:28:06.117+0000] {dag.py:3954} INFO - Setting next_dagrun for diabetes_pipeline to 2026-05-16 12:00:00+00:00, run_after=2026-05-16 13:00:00+00:00
[2026-05-16T12:28:06.172+0000] {processor.py:183} INFO - Processing /opt/airflow/dags/diabetes_dag.py took 0.289 seconds
[2026-05-16T12:47:05.007+0000] {processor.py:161} INFO - Started process (PID=597) to work on /opt/airflow/dags/diabetes_dag.py
[2026-05-16T12:47:05.015+0000] {processor.py:830} INFO - Processing file /opt/airflow/dags/diabetes_dag.py for tasks to queue
[2026-05-16T12:47:05.020+0000] {logging_mixin.py:188} INFO - [2026-05-16T12:47:05.019+0000] {dagbag.py:545} INFO - Filling up the DagBag from /opt/airflow/dags/diabetes_dag.py
[2026-05-16T12:47:05.106+0000] {processor.py:840} INFO - DAG(s) 'diabetes_pipeline' retrieved from /opt/airflow/dags/diabetes_dag.py
[2026-05-16T12:47:05.211+0000] {logging_mixin.py:188} INFO - [2026-05-16T12:47:05.211+0000] {dag.py:3096} INFO - Sync 1 DAGs
[2026-05-16T12:47:05.288+0000] {logging_mixin.py:188} INFO - [2026-05-16T12:47:05.287+0000] {dag.py:3954} INFO - Setting next_dagrun for diabetes_pipeline to 2026-05-16 12:00:00+00:00, run_after=2026-05-16 13:00:00+00:00
[2026-05-16T12:47:05.329+0000] {processor.py:183} INFO - Processing /opt/airflow/dags/diabetes_dag.py took 0.334 seconds
