[2026-05-13T12:18:23.917+0000] {local_task_job_runner.py:120} INFO - ::group::Pre task execution logs
[2026-05-13T12:18:23.959+0000] {taskinstance.py:2076} INFO - Dependencies all met for dep_context=non-requeueable deps ti=<TaskInstance: diabetes_pipeline.run_risk_model scheduled__2026-05-13T11:00:00+00:00 [queued]>
[2026-05-13T12:18:23.970+0000] {taskinstance.py:2076} INFO - Dependencies all met for dep_context=requeueable deps ti=<TaskInstance: diabetes_pipeline.run_risk_model scheduled__2026-05-13T11:00:00+00:00 [queued]>
[2026-05-13T12:18:23.972+0000] {taskinstance.py:2306} INFO - Starting attempt 3 of 3
[2026-05-13T12:18:23.991+0000] {taskinstance.py:2330} INFO - Executing <Task(PythonOperator): run_risk_model> on 2026-05-13 11:00:00+00:00
[2026-05-13T12:18:24.000+0000] {standard_task_runner.py:90} INFO - Running: ['airflow', 'tasks', 'run', 'diabetes_pipeline', 'run_risk_model', 'scheduled__2026-05-13T11:00:00+00:00', '--job-id', '10', '--raw', '--subdir', 'DAGS_FOLDER/diabetes_dag.py', '--cfg-path', '/tmp/tmpy68d846k']
[2026-05-13T12:18:24.004+0000] {logging_mixin.py:188} WARNING - /home/airflow/.local/lib/python3.12/site-packages/airflow/task/task_runner/standard_task_runner.py:61 DeprecationWarning: This process (pid=388) is multi-threaded, use of fork() may lead to deadlocks in the child.
[2026-05-13T12:18:24.005+0000] {standard_task_runner.py:91} INFO - Job 10: Subtask run_risk_model
[2026-05-13T12:18:24.005+0000] {standard_task_runner.py:63} INFO - Started process 389 to run task
[2026-05-13T12:18:24.136+0000] {task_command.py:426} INFO - Running <TaskInstance: diabetes_pipeline.run_risk_model scheduled__2026-05-13T11:00:00+00:00 [running]> on host 2d3a07f73229
[2026-05-13T12:18:24.278+0000] {taskinstance.py:2648} INFO - Exporting env vars: AIRFLOW_CTX_DAG_OWNER='diabetes_team' AIRFLOW_CTX_DAG_ID='diabetes_pipeline' AIRFLOW_CTX_TASK_ID='run_risk_model' AIRFLOW_CTX_EXECUTION_DATE='2026-05-13T11:00:00+00:00' AIRFLOW_CTX_TRY_NUMBER='3' AIRFLOW_CTX_DAG_RUN_ID='scheduled__2026-05-13T11:00:00+00:00'
[2026-05-13T12:18:24.280+0000] {taskinstance.py:430} INFO - ::endgroup::
[2026-05-13T12:18:24.318+0000] {taskinstance.py:441} INFO - ::group::Post task execution logs
[2026-05-13T12:18:24.319+0000] {taskinstance.py:2905} ERROR - Task failed with exception
Traceback (most recent call last):
  File "/home/airflow/.local/lib/python3.12/site-packages/airflow/models/taskinstance.py", line 465, in _execute_task
    result = _execute_callable(context=context, **execute_callable_kwargs)
             ^^^^^^^^^^^^^^^^^^^^^^^^^^^^^^^^^^^^^^^^^^^^^^^^^^^^^^^^^^^^^
  File "/home/airflow/.local/lib/python3.12/site-packages/airflow/models/taskinstance.py", line 432, in _execute_callable
    return execute_callable(context=context, **execute_callable_kwargs)
           ^^^^^^^^^^^^^^^^^^^^^^^^^^^^^^^^^^^^^^^^^^^^^^^^^^^^^^^^^^^^
  File "/home/airflow/.local/lib/python3.12/site-packages/airflow/models/baseoperator.py", line 400, in wrapper
    return func(self, *args, **kwargs)
           ^^^^^^^^^^^^^^^^^^^^^^^^^^^
  File "/home/airflow/.local/lib/python3.12/site-packages/airflow/operators/python.py", line 235, in execute
    return_value = self.execute_callable()
                   ^^^^^^^^^^^^^^^^^^^^^^^
  File "/home/airflow/.local/lib/python3.12/site-packages/airflow/operators/python.py", line 252, in execute_callable
    return self.python_callable(*self.op_args, **self.op_kwargs)
           ^^^^^^^^^^^^^^^^^^^^^^^^^^^^^^^^^^^^^^^^^^^^^^^^^^^^^
  File "/opt/airflow/dags/diabetes_dag.py", line 296, in task_run_risk_model
    risk_score = round(0.02 + (hba1c - 4.0) * 0.05, 4)
                               ~~~~~~^~~~~
TypeError: unsupported operand type(s) for -: 'decimal.Decimal' and 'float'
[2026-05-13T12:18:24.350+0000] {taskinstance.py:1206} INFO - Marking task as FAILED. dag_id=diabetes_pipeline, task_id=run_risk_model, run_id=scheduled__2026-05-13T11:00:00+00:00, execution_date=20260513T110000, start_date=20260513T121823, end_date=20260513T121824
[2026-05-13T12:18:24.373+0000] {standard_task_runner.py:110} ERROR - Failed to execute job 10 for task run_risk_model (unsupported operand type(s) for -: 'decimal.Decimal' and 'float'; 389)
[2026-05-13T12:18:24.422+0000] {local_task_job_runner.py:240} INFO - Task exited with return code 1
[2026-05-13T12:18:24.463+0000] {taskinstance.py:3498} INFO - 0 downstream tasks scheduled from follow-on schedule check
[2026-05-13T12:18:24.470+0000] {local_task_job_runner.py:222} INFO - ::endgroup::
