[2026-05-20T05:54:32.963+0000] {local_task_job_runner.py:120} INFO - ::group::Pre task execution logs
[2026-05-20T05:54:32.988+0000] {taskinstance.py:2076} INFO - Dependencies all met for dep_context=non-requeueable deps ti=<TaskInstance: diabetes_pipeline.log_statistics scheduled__2026-05-20T04:00:00+00:00 [queued]>
[2026-05-20T05:54:32.994+0000] {taskinstance.py:2076} INFO - Dependencies all met for dep_context=requeueable deps ti=<TaskInstance: diabetes_pipeline.log_statistics scheduled__2026-05-20T04:00:00+00:00 [queued]>
[2026-05-20T05:54:32.995+0000] {taskinstance.py:2306} INFO - Starting attempt 1 of 3
[2026-05-20T05:54:33.005+0000] {taskinstance.py:2330} INFO - Executing <Task(PythonOperator): log_statistics> on 2026-05-20 04:00:00+00:00
[2026-05-20T05:54:33.011+0000] {standard_task_runner.py:90} INFO - Running: ['airflow', 'tasks', 'run', 'diabetes_pipeline', 'log_statistics', 'scheduled__2026-05-20T04:00:00+00:00', '--job-id', '107', '--raw', '--subdir', 'DAGS_FOLDER/diabetes_dag.py', '--cfg-path', '/tmp/tmpn_tbkjnd']
[2026-05-20T05:54:33.014+0000] {standard_task_runner.py:91} INFO - Job 107: Subtask log_statistics
[2026-05-20T05:54:33.014+0000] {logging_mixin.py:188} WARNING - /home/airflow/.local/lib/python3.12/site-packages/airflow/task/task_runner/standard_task_runner.py:61 DeprecationWarning: This process (pid=181) is multi-threaded, use of fork() may lead to deadlocks in the child.
[2026-05-20T05:54:33.015+0000] {standard_task_runner.py:63} INFO - Started process 182 to run task
[2026-05-20T05:54:33.072+0000] {task_command.py:426} INFO - Running <TaskInstance: diabetes_pipeline.log_statistics scheduled__2026-05-20T04:00:00+00:00 [running]> on host 84fa0012a2fe
[2026-05-20T05:54:33.151+0000] {taskinstance.py:2648} INFO - Exporting env vars: AIRFLOW_CTX_DAG_OWNER='diabetes_team' AIRFLOW_CTX_DAG_ID='diabetes_pipeline' AIRFLOW_CTX_TASK_ID='log_statistics' AIRFLOW_CTX_EXECUTION_DATE='2026-05-20T04:00:00+00:00' AIRFLOW_CTX_TRY_NUMBER='1' AIRFLOW_CTX_DAG_RUN_ID='scheduled__2026-05-20T04:00:00+00:00'
[2026-05-20T05:54:33.152+0000] {taskinstance.py:430} INFO - ::endgroup::
[2026-05-20T05:54:33.223+0000] {logging_mixin.py:188} INFO - ==================================================
[2026-05-20T05:54:33.226+0000] {logging_mixin.py:188} WARNING - /home/airflow/.local/lib/python3.12/site-packages/airflow/utils/context.py:320 AirflowContextDeprecationWarning: Accessing 'execution_date' from the template is deprecated and will be removed in a future version. Please use 'data_interval_start' or 'logical_date' instead.
[2026-05-20T05:54:33.227+0000] {logging_mixin.py:188} INFO -   Run vaqti    : 2026-05-20 04:00:00+00:00
[2026-05-20T05:54:33.228+0000] {logging_mixin.py:188} INFO -   Jami bemorlar: 50,015
[2026-05-20T05:54:33.228+0000] {logging_mixin.py:188} INFO -   Jami risk    : 50,015
[2026-05-20T05:54:33.229+0000] {logging_mixin.py:188} INFO -   Yuborilmagan : 3950 notification
[2026-05-20T05:54:33.229+0000] {logging_mixin.py:188} INFO -   Risk taqsimoti:
[2026-05-20T05:54:33.230+0000] {logging_mixin.py:188} INFO -     low          23,558
[2026-05-20T05:54:33.231+0000] {logging_mixin.py:188} INFO -     very_low     20,307
[2026-05-20T05:54:33.231+0000] {logging_mixin.py:188} INFO -     very_high     3,833
[2026-05-20T05:54:33.232+0000] {logging_mixin.py:188} INFO -     moderate      2,200
[2026-05-20T05:54:33.232+0000] {logging_mixin.py:188} INFO -     high            117
[2026-05-20T05:54:33.233+0000] {logging_mixin.py:188} INFO - ==================================================
[2026-05-20T05:54:33.233+0000] {python.py:237} INFO - Done. Returned value was: None
[2026-05-20T05:54:33.233+0000] {taskinstance.py:441} INFO - ::group::Post task execution logs
[2026-05-20T05:54:33.241+0000] {taskinstance.py:1206} INFO - Marking task as SUCCESS. dag_id=diabetes_pipeline, task_id=log_statistics, run_id=scheduled__2026-05-20T04:00:00+00:00, execution_date=20260520T040000, start_date=20260520T055432, end_date=20260520T055433
[2026-05-20T05:54:33.269+0000] {local_task_job_runner.py:240} INFO - Task exited with return code 0
[2026-05-20T05:54:33.284+0000] {taskinstance.py:3498} INFO - 0 downstream tasks scheduled from follow-on schedule check
[2026-05-20T05:54:33.287+0000] {local_task_job_runner.py:222} INFO - ::endgroup::
