[2026-05-15T17:00:03.021+0000] {local_task_job_runner.py:120} INFO - ::group::Pre task execution logs
[2026-05-15T17:00:03.058+0000] {taskinstance.py:2076} INFO - Dependencies all met for dep_context=non-requeueable deps ti=<TaskInstance: diabetes_pipeline.log_statistics scheduled__2026-05-15T16:00:00+00:00 [queued]>
[2026-05-15T17:00:03.069+0000] {taskinstance.py:2076} INFO - Dependencies all met for dep_context=requeueable deps ti=<TaskInstance: diabetes_pipeline.log_statistics scheduled__2026-05-15T16:00:00+00:00 [queued]>
[2026-05-15T17:00:03.070+0000] {taskinstance.py:2306} INFO - Starting attempt 1 of 3
[2026-05-15T17:00:03.084+0000] {taskinstance.py:2330} INFO - Executing <Task(PythonOperator): log_statistics> on 2026-05-15 16:00:00+00:00
[2026-05-15T17:00:03.091+0000] {standard_task_runner.py:90} INFO - Running: ['airflow', 'tasks', 'run', 'diabetes_pipeline', 'log_statistics', 'scheduled__2026-05-15T16:00:00+00:00', '--job-id', '90', '--raw', '--subdir', 'DAGS_FOLDER/diabetes_dag.py', '--cfg-path', '/tmp/tmpojho2ri4']
[2026-05-15T17:00:03.093+0000] {standard_task_runner.py:91} INFO - Job 90: Subtask log_statistics
[2026-05-15T17:00:03.094+0000] {logging_mixin.py:188} WARNING - /home/airflow/.local/lib/python3.12/site-packages/airflow/task/task_runner/standard_task_runner.py:61 DeprecationWarning: This process (pid=938) is multi-threaded, use of fork() may lead to deadlocks in the child.
[2026-05-15T17:00:03.094+0000] {standard_task_runner.py:63} INFO - Started process 939 to run task
[2026-05-15T17:00:03.155+0000] {task_command.py:426} INFO - Running <TaskInstance: diabetes_pipeline.log_statistics scheduled__2026-05-15T16:00:00+00:00 [running]> on host c24284f8ebf4
[2026-05-15T17:00:03.275+0000] {taskinstance.py:2648} INFO - Exporting env vars: AIRFLOW_CTX_DAG_OWNER='diabetes_team' AIRFLOW_CTX_DAG_ID='diabetes_pipeline' AIRFLOW_CTX_TASK_ID='log_statistics' AIRFLOW_CTX_EXECUTION_DATE='2026-05-15T16:00:00+00:00' AIRFLOW_CTX_TRY_NUMBER='1' AIRFLOW_CTX_DAG_RUN_ID='scheduled__2026-05-15T16:00:00+00:00'
[2026-05-15T17:00:03.277+0000] {taskinstance.py:430} INFO - ::endgroup::
[2026-05-15T17:00:03.393+0000] {logging_mixin.py:188} INFO - ==================================================
[2026-05-15T17:00:03.401+0000] {logging_mixin.py:188} WARNING - /home/airflow/.local/lib/python3.12/site-packages/airflow/utils/context.py:320 AirflowContextDeprecationWarning: Accessing 'execution_date' from the template is deprecated and will be removed in a future version. Please use 'data_interval_start' or 'logical_date' instead.
[2026-05-15T17:00:03.402+0000] {logging_mixin.py:188} INFO -   Run vaqti    : 2026-05-15 16:00:00+00:00
[2026-05-15T17:00:03.403+0000] {logging_mixin.py:188} INFO -   Jami bemorlar: 50,010
[2026-05-15T17:00:03.403+0000] {logging_mixin.py:188} INFO -   Jami risk    : 50,010
[2026-05-15T17:00:03.404+0000] {logging_mixin.py:188} INFO -   Yuborilmagan : 3950 notification
[2026-05-15T17:00:03.405+0000] {logging_mixin.py:188} INFO -   Risk taqsimoti:
[2026-05-15T17:00:03.405+0000] {logging_mixin.py:188} INFO -     low          23,557
[2026-05-15T17:00:03.406+0000] {logging_mixin.py:188} INFO -     very_low     20,303
[2026-05-15T17:00:03.407+0000] {logging_mixin.py:188} INFO -     very_high     3,833
[2026-05-15T17:00:03.407+0000] {logging_mixin.py:188} INFO -     moderate      2,200
[2026-05-15T17:00:03.408+0000] {logging_mixin.py:188} INFO -     high            117
[2026-05-15T17:00:03.409+0000] {logging_mixin.py:188} INFO - ==================================================
[2026-05-15T17:00:03.410+0000] {python.py:237} INFO - Done. Returned value was: None
[2026-05-15T17:00:03.411+0000] {taskinstance.py:441} INFO - ::group::Post task execution logs
[2026-05-15T17:00:03.427+0000] {taskinstance.py:1206} INFO - Marking task as SUCCESS. dag_id=diabetes_pipeline, task_id=log_statistics, run_id=scheduled__2026-05-15T16:00:00+00:00, execution_date=20260515T160000, start_date=20260515T170003, end_date=20260515T170003
[2026-05-15T17:00:03.470+0000] {local_task_job_runner.py:240} INFO - Task exited with return code 0
[2026-05-15T17:00:03.500+0000] {taskinstance.py:3498} INFO - 0 downstream tasks scheduled from follow-on schedule check
[2026-05-15T17:00:03.504+0000] {local_task_job_runner.py:222} INFO - ::endgroup::
