[2026-05-13T11:49:46.596+0000] {processor.py:161} INFO - Started process (PID=172) to work on /opt/airflow/dags/diabetes_dag.py
[2026-05-13T11:49:46.599+0000] {processor.py:830} INFO - Processing file /opt/airflow/dags/diabetes_dag.py for tasks to queue
[2026-05-13T11:49:46.604+0000] {logging_mixin.py:188} INFO - [2026-05-13T11:49:46.604+0000] {dagbag.py:545} INFO - Filling up the DagBag from /opt/airflow/dags/diabetes_dag.py
[2026-05-13T11:49:46.689+0000] {processor.py:840} INFO - DAG(s) 'diabetes_pipeline' retrieved from /opt/airflow/dags/diabetes_dag.py
[2026-05-13T11:49:47.036+0000] {logging_mixin.py:188} INFO - [2026-05-13T11:49:47.035+0000] {override.py:1829} INFO - Created Permission View: can read on DAG:diabetes_pipeline
[2026-05-13T11:49:47.050+0000] {logging_mixin.py:188} INFO - [2026-05-13T11:49:47.050+0000] {override.py:1829} INFO - Created Permission View: can edit on DAG:diabetes_pipeline
[2026-05-13T11:49:47.061+0000] {logging_mixin.py:188} INFO - [2026-05-13T11:49:47.061+0000] {override.py:1829} INFO - Created Permission View: can delete on DAG:diabetes_pipeline
[2026-05-13T11:49:47.062+0000] {logging_mixin.py:188} INFO - [2026-05-13T11:49:47.062+0000] {dag.py:3096} INFO - Sync 1 DAGs
[2026-05-13T11:49:47.075+0000] {logging_mixin.py:188} INFO - [2026-05-13T11:49:47.075+0000] {dag.py:3118} INFO - Creating ORM DAG for diabetes_pipeline
[2026-05-13T11:49:47.098+0000] {logging_mixin.py:188} INFO - [2026-05-13T11:49:47.098+0000] {dag.py:3954} INFO - Setting next_dagrun for diabetes_pipeline to 2026-05-13 10:00:00+00:00, run_after=2026-05-13 11:00:00+00:00
[2026-05-13T11:49:47.137+0000] {processor.py:183} INFO - Processing /opt/airflow/dags/diabetes_dag.py took 0.554 seconds
[2026-05-13T11:50:17.386+0000] {processor.py:161} INFO - Started process (PID=181) to work on /opt/airflow/dags/diabetes_dag.py
[2026-05-13T11:50:17.387+0000] {processor.py:830} INFO - Processing file /opt/airflow/dags/diabetes_dag.py for tasks to queue
[2026-05-13T11:50:17.391+0000] {logging_mixin.py:188} INFO - [2026-05-13T11:50:17.390+0000] {dagbag.py:545} INFO - Filling up the DagBag from /opt/airflow/dags/diabetes_dag.py
[2026-05-13T11:50:17.447+0000] {processor.py:840} INFO - DAG(s) 'diabetes_pipeline' retrieved from /opt/airflow/dags/diabetes_dag.py
[2026-05-13T11:50:17.571+0000] {logging_mixin.py:188} INFO - [2026-05-13T11:50:17.571+0000] {dag.py:3096} INFO - Sync 1 DAGs
[2026-05-13T11:50:17.660+0000] {processor.py:183} INFO - Processing /opt/airflow/dags/diabetes_dag.py took 0.286 seconds
[2026-05-13T11:50:47.924+0000] {processor.py:161} INFO - Started process (PID=186) to work on /opt/airflow/dags/diabetes_dag.py
[2026-05-13T11:50:47.925+0000] {processor.py:830} INFO - Processing file /opt/airflow/dags/diabetes_dag.py for tasks to queue
[2026-05-13T11:50:47.929+0000] {logging_mixin.py:188} INFO - [2026-05-13T11:50:47.928+0000] {dagbag.py:545} INFO - Filling up the DagBag from /opt/airflow/dags/diabetes_dag.py
[2026-05-13T11:50:47.968+0000] {processor.py:840} INFO - DAG(s) 'diabetes_pipeline' retrieved from /opt/airflow/dags/diabetes_dag.py
[2026-05-13T11:50:48.032+0000] {logging_mixin.py:188} INFO - [2026-05-13T11:50:48.031+0000] {dag.py:3096} INFO - Sync 1 DAGs
[2026-05-13T11:50:48.079+0000] {processor.py:183} INFO - Processing /opt/airflow/dags/diabetes_dag.py took 0.159 seconds
[2026-05-13T11:51:18.209+0000] {processor.py:161} INFO - Started process (PID=191) to work on /opt/airflow/dags/diabetes_dag.py
[2026-05-13T11:51:18.210+0000] {processor.py:830} INFO - Processing file /opt/airflow/dags/diabetes_dag.py for tasks to queue
[2026-05-13T11:51:18.211+0000] {logging_mixin.py:188} INFO - [2026-05-13T11:51:18.211+0000] {dagbag.py:545} INFO - Filling up the DagBag from /opt/airflow/dags/diabetes_dag.py
[2026-05-13T11:51:18.228+0000] {processor.py:840} INFO - DAG(s) 'diabetes_pipeline' retrieved from /opt/airflow/dags/diabetes_dag.py
[2026-05-13T11:51:18.255+0000] {logging_mixin.py:188} INFO - [2026-05-13T11:51:18.255+0000] {dag.py:3096} INFO - Sync 1 DAGs
[2026-05-13T11:51:18.336+0000] {processor.py:183} INFO - Processing /opt/airflow/dags/diabetes_dag.py took 0.132 seconds
[2026-05-13T11:51:48.591+0000] {processor.py:161} INFO - Started process (PID=196) to work on /opt/airflow/dags/diabetes_dag.py
[2026-05-13T11:51:48.594+0000] {processor.py:830} INFO - Processing file /opt/airflow/dags/diabetes_dag.py for tasks to queue
[2026-05-13T11:51:48.596+0000] {logging_mixin.py:188} INFO - [2026-05-13T11:51:48.596+0000] {dagbag.py:545} INFO - Filling up the DagBag from /opt/airflow/dags/diabetes_dag.py
[2026-05-13T11:51:48.635+0000] {processor.py:840} INFO - DAG(s) 'diabetes_pipeline' retrieved from /opt/airflow/dags/diabetes_dag.py
[2026-05-13T11:51:48.727+0000] {logging_mixin.py:188} INFO - [2026-05-13T11:51:48.726+0000] {dag.py:3096} INFO - Sync 1 DAGs
[2026-05-13T11:51:48.786+0000] {processor.py:183} INFO - Processing /opt/airflow/dags/diabetes_dag.py took 0.204 seconds
[2026-05-13T11:52:18.858+0000] {processor.py:161} INFO - Started process (PID=201) to work on /opt/airflow/dags/diabetes_dag.py
[2026-05-13T11:52:18.859+0000] {processor.py:830} INFO - Processing file /opt/airflow/dags/diabetes_dag.py for tasks to queue
[2026-05-13T11:52:18.861+0000] {logging_mixin.py:188} INFO - [2026-05-13T11:52:18.861+0000] {dagbag.py:545} INFO - Filling up the DagBag from /opt/airflow/dags/diabetes_dag.py
[2026-05-13T11:52:18.883+0000] {processor.py:840} INFO - DAG(s) 'diabetes_pipeline' retrieved from /opt/airflow/dags/diabetes_dag.py
[2026-05-13T11:52:18.918+0000] {logging_mixin.py:188} INFO - [2026-05-13T11:52:18.917+0000] {dag.py:3096} INFO - Sync 1 DAGs
[2026-05-13T11:52:18.974+0000] {processor.py:183} INFO - Processing /opt/airflow/dags/diabetes_dag.py took 0.124 seconds
[2026-05-13T11:52:49.139+0000] {processor.py:161} INFO - Started process (PID=206) to work on /opt/airflow/dags/diabetes_dag.py
[2026-05-13T11:52:49.141+0000] {processor.py:830} INFO - Processing file /opt/airflow/dags/diabetes_dag.py for tasks to queue
[2026-05-13T11:52:49.144+0000] {logging_mixin.py:188} INFO - [2026-05-13T11:52:49.143+0000] {dagbag.py:545} INFO - Filling up the DagBag from /opt/airflow/dags/diabetes_dag.py
[2026-05-13T11:52:49.184+0000] {processor.py:840} INFO - DAG(s) 'diabetes_pipeline' retrieved from /opt/airflow/dags/diabetes_dag.py
[2026-05-13T11:52:49.254+0000] {logging_mixin.py:188} INFO - [2026-05-13T11:52:49.253+0000] {dag.py:3096} INFO - Sync 1 DAGs
[2026-05-13T11:52:49.371+0000] {processor.py:183} INFO - Processing /opt/airflow/dags/diabetes_dag.py took 0.241 seconds
[2026-05-13T11:53:19.497+0000] {processor.py:161} INFO - Started process (PID=211) to work on /opt/airflow/dags/diabetes_dag.py
[2026-05-13T11:53:19.499+0000] {processor.py:830} INFO - Processing file /opt/airflow/dags/diabetes_dag.py for tasks to queue
[2026-05-13T11:53:19.502+0000] {logging_mixin.py:188} INFO - [2026-05-13T11:53:19.502+0000] {dagbag.py:545} INFO - Filling up the DagBag from /opt/airflow/dags/diabetes_dag.py
[2026-05-13T11:53:19.531+0000] {processor.py:840} INFO - DAG(s) 'diabetes_pipeline' retrieved from /opt/airflow/dags/diabetes_dag.py
[2026-05-13T11:53:19.565+0000] {logging_mixin.py:188} INFO - [2026-05-13T11:53:19.564+0000] {dag.py:3096} INFO - Sync 1 DAGs
[2026-05-13T11:53:19.604+0000] {processor.py:183} INFO - Processing /opt/airflow/dags/diabetes_dag.py took 0.117 seconds
[2026-05-13T11:53:49.920+0000] {processor.py:161} INFO - Started process (PID=216) to work on /opt/airflow/dags/diabetes_dag.py
[2026-05-13T11:53:49.922+0000] {processor.py:830} INFO - Processing file /opt/airflow/dags/diabetes_dag.py for tasks to queue
[2026-05-13T11:53:49.925+0000] {logging_mixin.py:188} INFO - [2026-05-13T11:53:49.925+0000] {dagbag.py:545} INFO - Filling up the DagBag from /opt/airflow/dags/diabetes_dag.py
[2026-05-13T11:53:49.952+0000] {processor.py:840} INFO - DAG(s) 'diabetes_pipeline' retrieved from /opt/airflow/dags/diabetes_dag.py
[2026-05-13T11:53:49.978+0000] {logging_mixin.py:188} INFO - [2026-05-13T11:53:49.978+0000] {dag.py:3096} INFO - Sync 1 DAGs
[2026-05-13T11:53:50.016+0000] {processor.py:183} INFO - Processing /opt/airflow/dags/diabetes_dag.py took 0.103 seconds
[2026-05-13T11:54:20.202+0000] {processor.py:161} INFO - Started process (PID=221) to work on /opt/airflow/dags/diabetes_dag.py
[2026-05-13T11:54:20.203+0000] {processor.py:830} INFO - Processing file /opt/airflow/dags/diabetes_dag.py for tasks to queue
[2026-05-13T11:54:20.205+0000] {logging_mixin.py:188} INFO - [2026-05-13T11:54:20.205+0000] {dagbag.py:545} INFO - Filling up the DagBag from /opt/airflow/dags/diabetes_dag.py
[2026-05-13T11:54:20.237+0000] {processor.py:840} INFO - DAG(s) 'diabetes_pipeline' retrieved from /opt/airflow/dags/diabetes_dag.py
[2026-05-13T11:54:20.281+0000] {logging_mixin.py:188} INFO - [2026-05-13T11:54:20.281+0000] {dag.py:3096} INFO - Sync 1 DAGs
[2026-05-13T11:54:20.351+0000] {processor.py:183} INFO - Processing /opt/airflow/dags/diabetes_dag.py took 0.158 seconds
[2026-05-13T11:54:50.819+0000] {processor.py:161} INFO - Started process (PID=228) to work on /opt/airflow/dags/diabetes_dag.py
[2026-05-13T11:54:50.830+0000] {processor.py:830} INFO - Processing file /opt/airflow/dags/diabetes_dag.py for tasks to queue
[2026-05-13T11:54:50.847+0000] {logging_mixin.py:188} INFO - [2026-05-13T11:54:50.844+0000] {dagbag.py:545} INFO - Filling up the DagBag from /opt/airflow/dags/diabetes_dag.py
[2026-05-13T11:54:50.957+0000] {processor.py:840} INFO - DAG(s) 'diabetes_pipeline' retrieved from /opt/airflow/dags/diabetes_dag.py
[2026-05-13T11:54:51.042+0000] {logging_mixin.py:188} INFO - [2026-05-13T11:54:51.040+0000] {dag.py:3096} INFO - Sync 1 DAGs
[2026-05-13T11:54:51.181+0000] {processor.py:183} INFO - Processing /opt/airflow/dags/diabetes_dag.py took 0.422 seconds
[2026-05-13T11:55:21.491+0000] {processor.py:161} INFO - Started process (PID=233) to work on /opt/airflow/dags/diabetes_dag.py
[2026-05-13T11:55:21.492+0000] {processor.py:830} INFO - Processing file /opt/airflow/dags/diabetes_dag.py for tasks to queue
[2026-05-13T11:55:21.496+0000] {logging_mixin.py:188} INFO - [2026-05-13T11:55:21.496+0000] {dagbag.py:545} INFO - Filling up the DagBag from /opt/airflow/dags/diabetes_dag.py
[2026-05-13T11:55:21.526+0000] {processor.py:840} INFO - DAG(s) 'diabetes_pipeline' retrieved from /opt/airflow/dags/diabetes_dag.py
[2026-05-13T11:55:21.556+0000] {logging_mixin.py:188} INFO - [2026-05-13T11:55:21.555+0000] {dag.py:3096} INFO - Sync 1 DAGs
[2026-05-13T11:55:21.613+0000] {processor.py:183} INFO - Processing /opt/airflow/dags/diabetes_dag.py took 0.134 seconds
[2026-05-13T11:55:51.800+0000] {processor.py:161} INFO - Started process (PID=238) to work on /opt/airflow/dags/diabetes_dag.py
[2026-05-13T11:55:51.801+0000] {processor.py:830} INFO - Processing file /opt/airflow/dags/diabetes_dag.py for tasks to queue
[2026-05-13T11:55:51.804+0000] {logging_mixin.py:188} INFO - [2026-05-13T11:55:51.804+0000] {dagbag.py:545} INFO - Filling up the DagBag from /opt/airflow/dags/diabetes_dag.py
[2026-05-13T11:55:51.836+0000] {processor.py:840} INFO - DAG(s) 'diabetes_pipeline' retrieved from /opt/airflow/dags/diabetes_dag.py
[2026-05-13T11:55:51.868+0000] {logging_mixin.py:188} INFO - [2026-05-13T11:55:51.867+0000] {dag.py:3096} INFO - Sync 1 DAGs
[2026-05-13T11:55:51.913+0000] {processor.py:183} INFO - Processing /opt/airflow/dags/diabetes_dag.py took 0.120 seconds
[2026-05-13T11:56:22.066+0000] {processor.py:161} INFO - Started process (PID=243) to work on /opt/airflow/dags/diabetes_dag.py
[2026-05-13T11:56:22.068+0000] {processor.py:830} INFO - Processing file /opt/airflow/dags/diabetes_dag.py for tasks to queue
[2026-05-13T11:56:22.070+0000] {logging_mixin.py:188} INFO - [2026-05-13T11:56:22.070+0000] {dagbag.py:545} INFO - Filling up the DagBag from /opt/airflow/dags/diabetes_dag.py
[2026-05-13T11:56:22.094+0000] {processor.py:840} INFO - DAG(s) 'diabetes_pipeline' retrieved from /opt/airflow/dags/diabetes_dag.py
[2026-05-13T11:56:22.124+0000] {logging_mixin.py:188} INFO - [2026-05-13T11:56:22.124+0000] {dag.py:3096} INFO - Sync 1 DAGs
[2026-05-13T11:56:22.160+0000] {processor.py:183} INFO - Processing /opt/airflow/dags/diabetes_dag.py took 0.106 seconds
[2026-05-13T11:56:52.317+0000] {processor.py:161} INFO - Started process (PID=248) to work on /opt/airflow/dags/diabetes_dag.py
[2026-05-13T11:56:52.320+0000] {processor.py:830} INFO - Processing file /opt/airflow/dags/diabetes_dag.py for tasks to queue
[2026-05-13T11:56:52.324+0000] {logging_mixin.py:188} INFO - [2026-05-13T11:56:52.323+0000] {dagbag.py:545} INFO - Filling up the DagBag from /opt/airflow/dags/diabetes_dag.py
[2026-05-13T11:56:52.359+0000] {processor.py:840} INFO - DAG(s) 'diabetes_pipeline' retrieved from /opt/airflow/dags/diabetes_dag.py
[2026-05-13T11:56:52.418+0000] {logging_mixin.py:188} INFO - [2026-05-13T11:56:52.418+0000] {dag.py:3096} INFO - Sync 1 DAGs
[2026-05-13T11:56:52.475+0000] {processor.py:183} INFO - Processing /opt/airflow/dags/diabetes_dag.py took 0.167 seconds
[2026-05-13T11:57:22.671+0000] {processor.py:161} INFO - Started process (PID=253) to work on /opt/airflow/dags/diabetes_dag.py
[2026-05-13T11:57:22.672+0000] {processor.py:830} INFO - Processing file /opt/airflow/dags/diabetes_dag.py for tasks to queue
[2026-05-13T11:57:22.676+0000] {logging_mixin.py:188} INFO - [2026-05-13T11:57:22.673+0000] {dagbag.py:545} INFO - Filling up the DagBag from /opt/airflow/dags/diabetes_dag.py
[2026-05-13T11:57:22.695+0000] {processor.py:840} INFO - DAG(s) 'diabetes_pipeline' retrieved from /opt/airflow/dags/diabetes_dag.py
[2026-05-13T11:57:22.739+0000] {logging_mixin.py:188} INFO - [2026-05-13T11:57:22.738+0000] {dag.py:3096} INFO - Sync 1 DAGs
[2026-05-13T11:57:22.801+0000] {processor.py:183} INFO - Processing /opt/airflow/dags/diabetes_dag.py took 0.136 seconds
[2026-05-13T11:57:52.969+0000] {processor.py:161} INFO - Started process (PID=258) to work on /opt/airflow/dags/diabetes_dag.py
[2026-05-13T11:57:52.970+0000] {processor.py:830} INFO - Processing file /opt/airflow/dags/diabetes_dag.py for tasks to queue
[2026-05-13T11:57:52.972+0000] {logging_mixin.py:188} INFO - [2026-05-13T11:57:52.972+0000] {dagbag.py:545} INFO - Filling up the DagBag from /opt/airflow/dags/diabetes_dag.py
[2026-05-13T11:57:52.988+0000] {processor.py:840} INFO - DAG(s) 'diabetes_pipeline' retrieved from /opt/airflow/dags/diabetes_dag.py
[2026-05-13T11:57:53.014+0000] {logging_mixin.py:188} INFO - [2026-05-13T11:57:53.014+0000] {dag.py:3096} INFO - Sync 1 DAGs
[2026-05-13T11:57:53.049+0000] {processor.py:183} INFO - Processing /opt/airflow/dags/diabetes_dag.py took 0.085 seconds
[2026-05-13T11:58:23.359+0000] {processor.py:161} INFO - Started process (PID=263) to work on /opt/airflow/dags/diabetes_dag.py
[2026-05-13T11:58:23.361+0000] {processor.py:830} INFO - Processing file /opt/airflow/dags/diabetes_dag.py for tasks to queue
[2026-05-13T11:58:23.364+0000] {logging_mixin.py:188} INFO - [2026-05-13T11:58:23.364+0000] {dagbag.py:545} INFO - Filling up the DagBag from /opt/airflow/dags/diabetes_dag.py
[2026-05-13T11:58:23.387+0000] {processor.py:840} INFO - DAG(s) 'diabetes_pipeline' retrieved from /opt/airflow/dags/diabetes_dag.py
[2026-05-13T11:58:23.423+0000] {logging_mixin.py:188} INFO - [2026-05-13T11:58:23.423+0000] {dag.py:3096} INFO - Sync 1 DAGs
[2026-05-13T11:58:23.462+0000] {processor.py:183} INFO - Processing /opt/airflow/dags/diabetes_dag.py took 0.112 seconds
[2026-05-13T11:58:53.638+0000] {processor.py:161} INFO - Started process (PID=268) to work on /opt/airflow/dags/diabetes_dag.py
[2026-05-13T11:58:53.640+0000] {processor.py:830} INFO - Processing file /opt/airflow/dags/diabetes_dag.py for tasks to queue
[2026-05-13T11:58:53.643+0000] {logging_mixin.py:188} INFO - [2026-05-13T11:58:53.643+0000] {dagbag.py:545} INFO - Filling up the DagBag from /opt/airflow/dags/diabetes_dag.py
[2026-05-13T11:58:53.679+0000] {processor.py:840} INFO - DAG(s) 'diabetes_pipeline' retrieved from /opt/airflow/dags/diabetes_dag.py
[2026-05-13T11:58:53.715+0000] {logging_mixin.py:188} INFO - [2026-05-13T11:58:53.714+0000] {dag.py:3096} INFO - Sync 1 DAGs
[2026-05-13T11:58:53.753+0000] {processor.py:183} INFO - Processing /opt/airflow/dags/diabetes_dag.py took 0.126 seconds
[2026-05-13T11:59:23.979+0000] {processor.py:161} INFO - Started process (PID=273) to work on /opt/airflow/dags/diabetes_dag.py
[2026-05-13T11:59:23.980+0000] {processor.py:830} INFO - Processing file /opt/airflow/dags/diabetes_dag.py for tasks to queue
[2026-05-13T11:59:23.982+0000] {logging_mixin.py:188} INFO - [2026-05-13T11:59:23.982+0000] {dagbag.py:545} INFO - Filling up the DagBag from /opt/airflow/dags/diabetes_dag.py
[2026-05-13T11:59:24.005+0000] {processor.py:840} INFO - DAG(s) 'diabetes_pipeline' retrieved from /opt/airflow/dags/diabetes_dag.py
[2026-05-13T11:59:24.036+0000] {logging_mixin.py:188} INFO - [2026-05-13T11:59:24.036+0000] {dag.py:3096} INFO - Sync 1 DAGs
[2026-05-13T11:59:24.080+0000] {processor.py:183} INFO - Processing /opt/airflow/dags/diabetes_dag.py took 0.108 seconds
[2026-05-13T12:08:17.568+0000] {processor.py:161} INFO - Started process (PID=278) to work on /opt/airflow/dags/diabetes_dag.py
[2026-05-13T12:08:17.569+0000] {processor.py:830} INFO - Processing file /opt/airflow/dags/diabetes_dag.py for tasks to queue
[2026-05-13T12:08:17.573+0000] {logging_mixin.py:188} INFO - [2026-05-13T12:08:17.572+0000] {dagbag.py:545} INFO - Filling up the DagBag from /opt/airflow/dags/diabetes_dag.py
[2026-05-13T12:08:17.597+0000] {processor.py:840} INFO - DAG(s) 'diabetes_pipeline' retrieved from /opt/airflow/dags/diabetes_dag.py
[2026-05-13T12:08:17.627+0000] {logging_mixin.py:188} INFO - [2026-05-13T12:08:17.627+0000] {dag.py:3096} INFO - Sync 1 DAGs
[2026-05-13T12:08:17.664+0000] {processor.py:183} INFO - Processing /opt/airflow/dags/diabetes_dag.py took 0.103 seconds
[2026-05-13T12:08:47.750+0000] {processor.py:161} INFO - Started process (PID=291) to work on /opt/airflow/dags/diabetes_dag.py
[2026-05-13T12:08:47.752+0000] {processor.py:830} INFO - Processing file /opt/airflow/dags/diabetes_dag.py for tasks to queue
[2026-05-13T12:08:47.756+0000] {logging_mixin.py:188} INFO - [2026-05-13T12:08:47.755+0000] {dagbag.py:545} INFO - Filling up the DagBag from /opt/airflow/dags/diabetes_dag.py
[2026-05-13T12:08:47.792+0000] {processor.py:840} INFO - DAG(s) 'diabetes_pipeline' retrieved from /opt/airflow/dags/diabetes_dag.py
[2026-05-13T12:08:47.846+0000] {logging_mixin.py:188} INFO - [2026-05-13T12:08:47.845+0000] {dag.py:3096} INFO - Sync 1 DAGs
[2026-05-13T12:08:47.902+0000] {processor.py:183} INFO - Processing /opt/airflow/dags/diabetes_dag.py took 0.163 seconds
[2026-05-13T12:09:18.113+0000] {processor.py:161} INFO - Started process (PID=296) to work on /opt/airflow/dags/diabetes_dag.py
[2026-05-13T12:09:18.114+0000] {processor.py:830} INFO - Processing file /opt/airflow/dags/diabetes_dag.py for tasks to queue
[2026-05-13T12:09:18.116+0000] {logging_mixin.py:188} INFO - [2026-05-13T12:09:18.115+0000] {dagbag.py:545} INFO - Filling up the DagBag from /opt/airflow/dags/diabetes_dag.py
[2026-05-13T12:09:18.142+0000] {processor.py:840} INFO - DAG(s) 'diabetes_pipeline' retrieved from /opt/airflow/dags/diabetes_dag.py
[2026-05-13T12:09:18.199+0000] {logging_mixin.py:188} INFO - [2026-05-13T12:09:18.198+0000] {dag.py:3096} INFO - Sync 1 DAGs
[2026-05-13T12:09:18.277+0000] {processor.py:183} INFO - Processing /opt/airflow/dags/diabetes_dag.py took 0.172 seconds
[2026-05-13T12:09:48.718+0000] {processor.py:161} INFO - Started process (PID=301) to work on /opt/airflow/dags/diabetes_dag.py
[2026-05-13T12:09:48.721+0000] {processor.py:830} INFO - Processing file /opt/airflow/dags/diabetes_dag.py for tasks to queue
[2026-05-13T12:09:48.725+0000] {logging_mixin.py:188} INFO - [2026-05-13T12:09:48.724+0000] {dagbag.py:545} INFO - Filling up the DagBag from /opt/airflow/dags/diabetes_dag.py
[2026-05-13T12:09:48.778+0000] {processor.py:840} INFO - DAG(s) 'diabetes_pipeline' retrieved from /opt/airflow/dags/diabetes_dag.py
[2026-05-13T12:09:48.883+0000] {logging_mixin.py:188} INFO - [2026-05-13T12:09:48.882+0000] {dag.py:3096} INFO - Sync 1 DAGs
[2026-05-13T12:09:48.943+0000] {processor.py:183} INFO - Processing /opt/airflow/dags/diabetes_dag.py took 0.234 seconds
[2026-05-13T12:10:19.369+0000] {processor.py:161} INFO - Started process (PID=306) to work on /opt/airflow/dags/diabetes_dag.py
[2026-05-13T12:10:19.370+0000] {processor.py:830} INFO - Processing file /opt/airflow/dags/diabetes_dag.py for tasks to queue
[2026-05-13T12:10:19.372+0000] {logging_mixin.py:188} INFO - [2026-05-13T12:10:19.372+0000] {dagbag.py:545} INFO - Filling up the DagBag from /opt/airflow/dags/diabetes_dag.py
[2026-05-13T12:10:19.394+0000] {processor.py:840} INFO - DAG(s) 'diabetes_pipeline' retrieved from /opt/airflow/dags/diabetes_dag.py
[2026-05-13T12:10:19.455+0000] {logging_mixin.py:188} INFO - [2026-05-13T12:10:19.454+0000] {dag.py:3096} INFO - Sync 1 DAGs
[2026-05-13T12:10:19.506+0000] {processor.py:183} INFO - Processing /opt/airflow/dags/diabetes_dag.py took 0.142 seconds
[2026-05-13T12:10:49.621+0000] {processor.py:161} INFO - Started process (PID=311) to work on /opt/airflow/dags/diabetes_dag.py
[2026-05-13T12:10:49.622+0000] {processor.py:830} INFO - Processing file /opt/airflow/dags/diabetes_dag.py for tasks to queue
[2026-05-13T12:10:49.625+0000] {logging_mixin.py:188} INFO - [2026-05-13T12:10:49.624+0000] {dagbag.py:545} INFO - Filling up the DagBag from /opt/airflow/dags/diabetes_dag.py
[2026-05-13T12:10:49.660+0000] {processor.py:840} INFO - DAG(s) 'diabetes_pipeline' retrieved from /opt/airflow/dags/diabetes_dag.py
[2026-05-13T12:10:49.710+0000] {logging_mixin.py:188} INFO - [2026-05-13T12:10:49.710+0000] {dag.py:3096} INFO - Sync 1 DAGs
[2026-05-13T12:10:49.760+0000] {processor.py:183} INFO - Processing /opt/airflow/dags/diabetes_dag.py took 0.146 seconds
[2026-05-13T12:11:20.204+0000] {processor.py:161} INFO - Started process (PID=316) to work on /opt/airflow/dags/diabetes_dag.py
[2026-05-13T12:11:20.206+0000] {processor.py:830} INFO - Processing file /opt/airflow/dags/diabetes_dag.py for tasks to queue
[2026-05-13T12:11:20.212+0000] {logging_mixin.py:188} INFO - [2026-05-13T12:11:20.211+0000] {dagbag.py:545} INFO - Filling up the DagBag from /opt/airflow/dags/diabetes_dag.py
[2026-05-13T12:11:20.257+0000] {processor.py:840} INFO - DAG(s) 'diabetes_pipeline' retrieved from /opt/airflow/dags/diabetes_dag.py
[2026-05-13T12:11:20.286+0000] {logging_mixin.py:188} INFO - [2026-05-13T12:11:20.286+0000] {dag.py:3096} INFO - Sync 1 DAGs
[2026-05-13T12:11:20.321+0000] {processor.py:183} INFO - Processing /opt/airflow/dags/diabetes_dag.py took 0.129 seconds
[2026-05-13T12:11:50.392+0000] {processor.py:161} INFO - Started process (PID=321) to work on /opt/airflow/dags/diabetes_dag.py
[2026-05-13T12:11:50.393+0000] {processor.py:830} INFO - Processing file /opt/airflow/dags/diabetes_dag.py for tasks to queue
[2026-05-13T12:11:50.397+0000] {logging_mixin.py:188} INFO - [2026-05-13T12:11:50.396+0000] {dagbag.py:545} INFO - Filling up the DagBag from /opt/airflow/dags/diabetes_dag.py
[2026-05-13T12:11:50.419+0000] {processor.py:840} INFO - DAG(s) 'diabetes_pipeline' retrieved from /opt/airflow/dags/diabetes_dag.py
[2026-05-13T12:11:50.450+0000] {logging_mixin.py:188} INFO - [2026-05-13T12:11:50.450+0000] {dag.py:3096} INFO - Sync 1 DAGs
[2026-05-13T12:11:50.497+0000] {processor.py:183} INFO - Processing /opt/airflow/dags/diabetes_dag.py took 0.111 seconds
[2026-05-13T12:12:21.054+0000] {processor.py:161} INFO - Started process (PID=326) to work on /opt/airflow/dags/diabetes_dag.py
[2026-05-13T12:12:21.055+0000] {processor.py:830} INFO - Processing file /opt/airflow/dags/diabetes_dag.py for tasks to queue
[2026-05-13T12:12:21.057+0000] {logging_mixin.py:188} INFO - [2026-05-13T12:12:21.057+0000] {dagbag.py:545} INFO - Filling up the DagBag from /opt/airflow/dags/diabetes_dag.py
[2026-05-13T12:12:21.079+0000] {processor.py:840} INFO - DAG(s) 'diabetes_pipeline' retrieved from /opt/airflow/dags/diabetes_dag.py
[2026-05-13T12:12:21.111+0000] {logging_mixin.py:188} INFO - [2026-05-13T12:12:21.110+0000] {dag.py:3096} INFO - Sync 1 DAGs
[2026-05-13T12:12:21.147+0000] {processor.py:183} INFO - Processing /opt/airflow/dags/diabetes_dag.py took 0.097 seconds
[2026-05-13T12:12:51.300+0000] {processor.py:161} INFO - Started process (PID=331) to work on /opt/airflow/dags/diabetes_dag.py
[2026-05-13T12:12:51.302+0000] {processor.py:830} INFO - Processing file /opt/airflow/dags/diabetes_dag.py for tasks to queue
[2026-05-13T12:12:51.305+0000] {logging_mixin.py:188} INFO - [2026-05-13T12:12:51.304+0000] {dagbag.py:545} INFO - Filling up the DagBag from /opt/airflow/dags/diabetes_dag.py
[2026-05-13T12:12:51.325+0000] {processor.py:840} INFO - DAG(s) 'diabetes_pipeline' retrieved from /opt/airflow/dags/diabetes_dag.py
[2026-05-13T12:12:51.350+0000] {logging_mixin.py:188} INFO - [2026-05-13T12:12:51.350+0000] {dag.py:3096} INFO - Sync 1 DAGs
[2026-05-13T12:12:51.388+0000] {processor.py:183} INFO - Processing /opt/airflow/dags/diabetes_dag.py took 0.096 seconds
[2026-05-13T12:13:21.691+0000] {processor.py:161} INFO - Started process (PID=336) to work on /opt/airflow/dags/diabetes_dag.py
[2026-05-13T12:13:21.692+0000] {processor.py:830} INFO - Processing file /opt/airflow/dags/diabetes_dag.py for tasks to queue
[2026-05-13T12:13:21.693+0000] {logging_mixin.py:188} INFO - [2026-05-13T12:13:21.693+0000] {dagbag.py:545} INFO - Filling up the DagBag from /opt/airflow/dags/diabetes_dag.py
[2026-05-13T12:13:21.710+0000] {processor.py:840} INFO - DAG(s) 'diabetes_pipeline' retrieved from /opt/airflow/dags/diabetes_dag.py
[2026-05-13T12:13:21.742+0000] {logging_mixin.py:188} INFO - [2026-05-13T12:13:21.741+0000] {dag.py:3096} INFO - Sync 1 DAGs
[2026-05-13T12:13:21.818+0000] {processor.py:183} INFO - Processing /opt/airflow/dags/diabetes_dag.py took 0.132 seconds
[2026-05-13T12:13:52.068+0000] {processor.py:161} INFO - Started process (PID=343) to work on /opt/airflow/dags/diabetes_dag.py
[2026-05-13T12:13:52.069+0000] {processor.py:830} INFO - Processing file /opt/airflow/dags/diabetes_dag.py for tasks to queue
[2026-05-13T12:13:52.071+0000] {logging_mixin.py:188} INFO - [2026-05-13T12:13:52.071+0000] {dagbag.py:545} INFO - Filling up the DagBag from /opt/airflow/dags/diabetes_dag.py
[2026-05-13T12:13:52.097+0000] {processor.py:840} INFO - DAG(s) 'diabetes_pipeline' retrieved from /opt/airflow/dags/diabetes_dag.py
[2026-05-13T12:13:52.130+0000] {logging_mixin.py:188} INFO - [2026-05-13T12:13:52.130+0000] {dag.py:3096} INFO - Sync 1 DAGs
[2026-05-13T12:13:52.170+0000] {processor.py:183} INFO - Processing /opt/airflow/dags/diabetes_dag.py took 0.106 seconds
[2026-05-13T12:14:22.360+0000] {processor.py:161} INFO - Started process (PID=348) to work on /opt/airflow/dags/diabetes_dag.py
[2026-05-13T12:14:22.361+0000] {processor.py:830} INFO - Processing file /opt/airflow/dags/diabetes_dag.py for tasks to queue
[2026-05-13T12:14:22.363+0000] {logging_mixin.py:188} INFO - [2026-05-13T12:14:22.363+0000] {dagbag.py:545} INFO - Filling up the DagBag from /opt/airflow/dags/diabetes_dag.py
[2026-05-13T12:14:22.388+0000] {processor.py:840} INFO - DAG(s) 'diabetes_pipeline' retrieved from /opt/airflow/dags/diabetes_dag.py
[2026-05-13T12:14:22.418+0000] {logging_mixin.py:188} INFO - [2026-05-13T12:14:22.418+0000] {dag.py:3096} INFO - Sync 1 DAGs
[2026-05-13T12:14:22.458+0000] {processor.py:183} INFO - Processing /opt/airflow/dags/diabetes_dag.py took 0.103 seconds
[2026-05-13T12:14:52.746+0000] {processor.py:161} INFO - Started process (PID=353) to work on /opt/airflow/dags/diabetes_dag.py
[2026-05-13T12:14:52.748+0000] {processor.py:830} INFO - Processing file /opt/airflow/dags/diabetes_dag.py for tasks to queue
[2026-05-13T12:14:52.755+0000] {logging_mixin.py:188} INFO - [2026-05-13T12:14:52.753+0000] {dagbag.py:545} INFO - Filling up the DagBag from /opt/airflow/dags/diabetes_dag.py
[2026-05-13T12:14:52.778+0000] {processor.py:840} INFO - DAG(s) 'diabetes_pipeline' retrieved from /opt/airflow/dags/diabetes_dag.py
[2026-05-13T12:14:52.808+0000] {logging_mixin.py:188} INFO - [2026-05-13T12:14:52.808+0000] {dag.py:3096} INFO - Sync 1 DAGs
[2026-05-13T12:14:52.855+0000] {processor.py:183} INFO - Processing /opt/airflow/dags/diabetes_dag.py took 0.118 seconds
[2026-05-13T12:15:23.194+0000] {processor.py:161} INFO - Started process (PID=358) to work on /opt/airflow/dags/diabetes_dag.py
[2026-05-13T12:15:23.196+0000] {processor.py:830} INFO - Processing file /opt/airflow/dags/diabetes_dag.py for tasks to queue
[2026-05-13T12:15:23.199+0000] {logging_mixin.py:188} INFO - [2026-05-13T12:15:23.199+0000] {dagbag.py:545} INFO - Filling up the DagBag from /opt/airflow/dags/diabetes_dag.py
[2026-05-13T12:15:23.256+0000] {processor.py:840} INFO - DAG(s) 'diabetes_pipeline' retrieved from /opt/airflow/dags/diabetes_dag.py
[2026-05-13T12:15:23.303+0000] {logging_mixin.py:188} INFO - [2026-05-13T12:15:23.303+0000] {dag.py:3096} INFO - Sync 1 DAGs
[2026-05-13T12:15:23.355+0000] {processor.py:183} INFO - Processing /opt/airflow/dags/diabetes_dag.py took 0.173 seconds
[2026-05-13T12:15:53.501+0000] {processor.py:161} INFO - Started process (PID=363) to work on /opt/airflow/dags/diabetes_dag.py
[2026-05-13T12:15:53.503+0000] {processor.py:830} INFO - Processing file /opt/airflow/dags/diabetes_dag.py for tasks to queue
[2026-05-13T12:15:53.507+0000] {logging_mixin.py:188} INFO - [2026-05-13T12:15:53.506+0000] {dagbag.py:545} INFO - Filling up the DagBag from /opt/airflow/dags/diabetes_dag.py
[2026-05-13T12:15:53.549+0000] {processor.py:840} INFO - DAG(s) 'diabetes_pipeline' retrieved from /opt/airflow/dags/diabetes_dag.py
[2026-05-13T12:15:53.589+0000] {logging_mixin.py:188} INFO - [2026-05-13T12:15:53.589+0000] {dag.py:3096} INFO - Sync 1 DAGs
[2026-05-13T12:15:53.633+0000] {processor.py:183} INFO - Processing /opt/airflow/dags/diabetes_dag.py took 0.143 seconds
[2026-05-13T12:16:23.954+0000] {processor.py:161} INFO - Started process (PID=368) to work on /opt/airflow/dags/diabetes_dag.py
[2026-05-13T12:16:23.955+0000] {processor.py:830} INFO - Processing file /opt/airflow/dags/diabetes_dag.py for tasks to queue
[2026-05-13T12:16:23.959+0000] {logging_mixin.py:188} INFO - [2026-05-13T12:16:23.958+0000] {dagbag.py:545} INFO - Filling up the DagBag from /opt/airflow/dags/diabetes_dag.py
[2026-05-13T12:16:24.005+0000] {processor.py:840} INFO - DAG(s) 'diabetes_pipeline' retrieved from /opt/airflow/dags/diabetes_dag.py
[2026-05-13T12:16:24.067+0000] {logging_mixin.py:188} INFO - [2026-05-13T12:16:24.066+0000] {dag.py:3096} INFO - Sync 1 DAGs
[2026-05-13T12:16:24.122+0000] {processor.py:183} INFO - Processing /opt/airflow/dags/diabetes_dag.py took 0.179 seconds
[2026-05-13T12:16:54.366+0000] {processor.py:161} INFO - Started process (PID=373) to work on /opt/airflow/dags/diabetes_dag.py
[2026-05-13T12:16:54.368+0000] {processor.py:830} INFO - Processing file /opt/airflow/dags/diabetes_dag.py for tasks to queue
[2026-05-13T12:16:54.371+0000] {logging_mixin.py:188} INFO - [2026-05-13T12:16:54.371+0000] {dagbag.py:545} INFO - Filling up the DagBag from /opt/airflow/dags/diabetes_dag.py
[2026-05-13T12:16:54.417+0000] {processor.py:840} INFO - DAG(s) 'diabetes_pipeline' retrieved from /opt/airflow/dags/diabetes_dag.py
[2026-05-13T12:16:54.472+0000] {logging_mixin.py:188} INFO - [2026-05-13T12:16:54.472+0000] {dag.py:3096} INFO - Sync 1 DAGs
[2026-05-13T12:16:54.547+0000] {processor.py:183} INFO - Processing /opt/airflow/dags/diabetes_dag.py took 0.187 seconds
[2026-05-13T12:17:24.663+0000] {processor.py:161} INFO - Started process (PID=378) to work on /opt/airflow/dags/diabetes_dag.py
[2026-05-13T12:17:24.666+0000] {processor.py:830} INFO - Processing file /opt/airflow/dags/diabetes_dag.py for tasks to queue
[2026-05-13T12:17:24.672+0000] {logging_mixin.py:188} INFO - [2026-05-13T12:17:24.671+0000] {dagbag.py:545} INFO - Filling up the DagBag from /opt/airflow/dags/diabetes_dag.py
[2026-05-13T12:17:24.719+0000] {processor.py:840} INFO - DAG(s) 'diabetes_pipeline' retrieved from /opt/airflow/dags/diabetes_dag.py
[2026-05-13T12:17:24.763+0000] {logging_mixin.py:188} INFO - [2026-05-13T12:17:24.763+0000] {dag.py:3096} INFO - Sync 1 DAGs
[2026-05-13T12:17:24.809+0000] {processor.py:183} INFO - Processing /opt/airflow/dags/diabetes_dag.py took 0.159 seconds
[2026-05-13T12:17:55.128+0000] {processor.py:161} INFO - Started process (PID=383) to work on /opt/airflow/dags/diabetes_dag.py
[2026-05-13T12:17:55.130+0000] {processor.py:830} INFO - Processing file /opt/airflow/dags/diabetes_dag.py for tasks to queue
[2026-05-13T12:17:55.131+0000] {logging_mixin.py:188} INFO - [2026-05-13T12:17:55.131+0000] {dagbag.py:545} INFO - Filling up the DagBag from /opt/airflow/dags/diabetes_dag.py
[2026-05-13T12:17:55.151+0000] {processor.py:840} INFO - DAG(s) 'diabetes_pipeline' retrieved from /opt/airflow/dags/diabetes_dag.py
[2026-05-13T12:17:55.190+0000] {logging_mixin.py:188} INFO - [2026-05-13T12:17:55.190+0000] {dag.py:3096} INFO - Sync 1 DAGs
[2026-05-13T12:17:55.225+0000] {processor.py:183} INFO - Processing /opt/airflow/dags/diabetes_dag.py took 0.101 seconds
[2026-05-13T12:18:25.429+0000] {processor.py:161} INFO - Started process (PID=390) to work on /opt/airflow/dags/diabetes_dag.py
[2026-05-13T12:18:25.430+0000] {processor.py:830} INFO - Processing file /opt/airflow/dags/diabetes_dag.py for tasks to queue
[2026-05-13T12:18:25.432+0000] {logging_mixin.py:188} INFO - [2026-05-13T12:18:25.432+0000] {dagbag.py:545} INFO - Filling up the DagBag from /opt/airflow/dags/diabetes_dag.py
[2026-05-13T12:18:25.456+0000] {processor.py:840} INFO - DAG(s) 'diabetes_pipeline' retrieved from /opt/airflow/dags/diabetes_dag.py
[2026-05-13T12:18:25.483+0000] {logging_mixin.py:188} INFO - [2026-05-13T12:18:25.483+0000] {dag.py:3096} INFO - Sync 1 DAGs
[2026-05-13T12:18:25.503+0000] {logging_mixin.py:188} INFO - [2026-05-13T12:18:25.502+0000] {dag.py:3954} INFO - Setting next_dagrun for diabetes_pipeline to 2026-05-13 12:00:00+00:00, run_after=2026-05-13 13:00:00+00:00
[2026-05-13T12:18:25.522+0000] {processor.py:183} INFO - Processing /opt/airflow/dags/diabetes_dag.py took 0.099 seconds
[2026-05-13T12:18:55.913+0000] {processor.py:161} INFO - Started process (PID=395) to work on /opt/airflow/dags/diabetes_dag.py
[2026-05-13T12:18:55.914+0000] {processor.py:830} INFO - Processing file /opt/airflow/dags/diabetes_dag.py for tasks to queue
[2026-05-13T12:18:55.916+0000] {logging_mixin.py:188} INFO - [2026-05-13T12:18:55.916+0000] {dagbag.py:545} INFO - Filling up the DagBag from /opt/airflow/dags/diabetes_dag.py
[2026-05-13T12:18:55.930+0000] {processor.py:840} INFO - DAG(s) 'diabetes_pipeline' retrieved from /opt/airflow/dags/diabetes_dag.py
[2026-05-13T12:18:55.958+0000] {logging_mixin.py:188} INFO - [2026-05-13T12:18:55.958+0000] {dag.py:3096} INFO - Sync 1 DAGs
[2026-05-13T12:18:55.976+0000] {logging_mixin.py:188} INFO - [2026-05-13T12:18:55.976+0000] {dag.py:3954} INFO - Setting next_dagrun for diabetes_pipeline to 2026-05-13 12:00:00+00:00, run_after=2026-05-13 13:00:00+00:00
[2026-05-13T12:18:55.991+0000] {processor.py:183} INFO - Processing /opt/airflow/dags/diabetes_dag.py took 0.082 seconds
[2026-05-13T12:19:26.461+0000] {processor.py:161} INFO - Started process (PID=400) to work on /opt/airflow/dags/diabetes_dag.py
[2026-05-13T12:19:26.463+0000] {processor.py:830} INFO - Processing file /opt/airflow/dags/diabetes_dag.py for tasks to queue
[2026-05-13T12:19:26.466+0000] {logging_mixin.py:188} INFO - [2026-05-13T12:19:26.465+0000] {dagbag.py:545} INFO - Filling up the DagBag from /opt/airflow/dags/diabetes_dag.py
[2026-05-13T12:19:26.494+0000] {processor.py:840} INFO - DAG(s) 'diabetes_pipeline' retrieved from /opt/airflow/dags/diabetes_dag.py
[2026-05-13T12:19:26.524+0000] {logging_mixin.py:188} INFO - [2026-05-13T12:19:26.524+0000] {dag.py:3096} INFO - Sync 1 DAGs
[2026-05-13T12:19:26.544+0000] {logging_mixin.py:188} INFO - [2026-05-13T12:19:26.543+0000] {dag.py:3954} INFO - Setting next_dagrun for diabetes_pipeline to 2026-05-13 12:00:00+00:00, run_after=2026-05-13 13:00:00+00:00
[2026-05-13T12:19:26.562+0000] {processor.py:183} INFO - Processing /opt/airflow/dags/diabetes_dag.py took 0.108 seconds
[2026-05-13T12:19:56.730+0000] {processor.py:161} INFO - Started process (PID=405) to work on /opt/airflow/dags/diabetes_dag.py
[2026-05-13T12:19:56.731+0000] {processor.py:830} INFO - Processing file /opt/airflow/dags/diabetes_dag.py for tasks to queue
[2026-05-13T12:19:56.733+0000] {logging_mixin.py:188} INFO - [2026-05-13T12:19:56.733+0000] {dagbag.py:545} INFO - Filling up the DagBag from /opt/airflow/dags/diabetes_dag.py
[2026-05-13T12:19:56.759+0000] {processor.py:840} INFO - DAG(s) 'diabetes_pipeline' retrieved from /opt/airflow/dags/diabetes_dag.py
[2026-05-13T12:19:56.793+0000] {logging_mixin.py:188} INFO - [2026-05-13T12:19:56.792+0000] {dag.py:3096} INFO - Sync 1 DAGs
[2026-05-13T12:19:56.816+0000] {logging_mixin.py:188} INFO - [2026-05-13T12:19:56.816+0000] {dag.py:3954} INFO - Setting next_dagrun for diabetes_pipeline to 2026-05-13 12:00:00+00:00, run_after=2026-05-13 13:00:00+00:00
[2026-05-13T12:19:56.837+0000] {processor.py:183} INFO - Processing /opt/airflow/dags/diabetes_dag.py took 0.113 seconds
[2026-05-13T12:19:57.822+0000] {processor.py:161} INFO - Started process (PID=410) to work on /opt/airflow/dags/diabetes_dag.py
[2026-05-13T12:19:57.824+0000] {processor.py:830} INFO - Processing file /opt/airflow/dags/diabetes_dag.py for tasks to queue
[2026-05-13T12:19:57.826+0000] {logging_mixin.py:188} INFO - [2026-05-13T12:19:57.826+0000] {dagbag.py:545} INFO - Filling up the DagBag from /opt/airflow/dags/diabetes_dag.py
[2026-05-13T12:19:57.873+0000] {processor.py:840} INFO - DAG(s) 'diabetes_pipeline' retrieved from /opt/airflow/dags/diabetes_dag.py
[2026-05-13T12:19:57.899+0000] {logging_mixin.py:188} INFO - [2026-05-13T12:19:57.898+0000] {dag.py:3096} INFO - Sync 1 DAGs
[2026-05-13T12:19:57.920+0000] {logging_mixin.py:188} INFO - [2026-05-13T12:19:57.919+0000] {dag.py:3954} INFO - Setting next_dagrun for diabetes_pipeline to 2026-05-13 12:00:00+00:00, run_after=2026-05-13 13:00:00+00:00
[2026-05-13T12:19:57.960+0000] {processor.py:183} INFO - Processing /opt/airflow/dags/diabetes_dag.py took 0.142 seconds
[2026-05-13T12:20:28.343+0000] {processor.py:161} INFO - Started process (PID=415) to work on /opt/airflow/dags/diabetes_dag.py
[2026-05-13T12:20:28.345+0000] {processor.py:830} INFO - Processing file /opt/airflow/dags/diabetes_dag.py for tasks to queue
[2026-05-13T12:20:28.346+0000] {logging_mixin.py:188} INFO - [2026-05-13T12:20:28.346+0000] {dagbag.py:545} INFO - Filling up the DagBag from /opt/airflow/dags/diabetes_dag.py
[2026-05-13T12:20:28.362+0000] {processor.py:840} INFO - DAG(s) 'diabetes_pipeline' retrieved from /opt/airflow/dags/diabetes_dag.py
[2026-05-13T12:20:28.386+0000] {logging_mixin.py:188} INFO - [2026-05-13T12:20:28.386+0000] {dag.py:3096} INFO - Sync 1 DAGs
[2026-05-13T12:20:28.406+0000] {logging_mixin.py:188} INFO - [2026-05-13T12:20:28.406+0000] {dag.py:3954} INFO - Setting next_dagrun for diabetes_pipeline to 2026-05-13 12:00:00+00:00, run_after=2026-05-13 13:00:00+00:00
[2026-05-13T12:20:28.434+0000] {processor.py:183} INFO - Processing /opt/airflow/dags/diabetes_dag.py took 0.096 seconds
[2026-05-13T12:20:59.118+0000] {processor.py:161} INFO - Started process (PID=420) to work on /opt/airflow/dags/diabetes_dag.py
[2026-05-13T12:20:59.120+0000] {processor.py:830} INFO - Processing file /opt/airflow/dags/diabetes_dag.py for tasks to queue
[2026-05-13T12:20:59.123+0000] {logging_mixin.py:188} INFO - [2026-05-13T12:20:59.123+0000] {dagbag.py:545} INFO - Filling up the DagBag from /opt/airflow/dags/diabetes_dag.py
[2026-05-13T12:20:59.165+0000] {processor.py:840} INFO - DAG(s) 'diabetes_pipeline' retrieved from /opt/airflow/dags/diabetes_dag.py
[2026-05-13T12:20:59.214+0000] {logging_mixin.py:188} INFO - [2026-05-13T12:20:59.213+0000] {dag.py:3096} INFO - Sync 1 DAGs
[2026-05-13T12:20:59.253+0000] {logging_mixin.py:188} INFO - [2026-05-13T12:20:59.253+0000] {dag.py:3954} INFO - Setting next_dagrun for diabetes_pipeline to 2026-05-13 12:00:00+00:00, run_after=2026-05-13 13:00:00+00:00
[2026-05-13T12:20:59.279+0000] {processor.py:183} INFO - Processing /opt/airflow/dags/diabetes_dag.py took 0.167 seconds
[2026-05-13T12:21:29.410+0000] {processor.py:161} INFO - Started process (PID=425) to work on /opt/airflow/dags/diabetes_dag.py
[2026-05-13T12:21:29.411+0000] {processor.py:830} INFO - Processing file /opt/airflow/dags/diabetes_dag.py for tasks to queue
[2026-05-13T12:21:29.414+0000] {logging_mixin.py:188} INFO - [2026-05-13T12:21:29.413+0000] {dagbag.py:545} INFO - Filling up the DagBag from /opt/airflow/dags/diabetes_dag.py
[2026-05-13T12:21:29.441+0000] {processor.py:840} INFO - DAG(s) 'diabetes_pipeline' retrieved from /opt/airflow/dags/diabetes_dag.py
[2026-05-13T12:21:29.470+0000] {logging_mixin.py:188} INFO - [2026-05-13T12:21:29.469+0000] {dag.py:3096} INFO - Sync 1 DAGs
[2026-05-13T12:21:29.489+0000] {logging_mixin.py:188} INFO - [2026-05-13T12:21:29.489+0000] {dag.py:3954} INFO - Setting next_dagrun for diabetes_pipeline to 2026-05-13 12:00:00+00:00, run_after=2026-05-13 13:00:00+00:00
[2026-05-13T12:21:29.508+0000] {processor.py:183} INFO - Processing /opt/airflow/dags/diabetes_dag.py took 0.108 seconds
[2026-05-13T12:21:59.946+0000] {processor.py:161} INFO - Started process (PID=430) to work on /opt/airflow/dags/diabetes_dag.py
[2026-05-13T12:21:59.947+0000] {processor.py:830} INFO - Processing file /opt/airflow/dags/diabetes_dag.py for tasks to queue
[2026-05-13T12:21:59.949+0000] {logging_mixin.py:188} INFO - [2026-05-13T12:21:59.949+0000] {dagbag.py:545} INFO - Filling up the DagBag from /opt/airflow/dags/diabetes_dag.py
[2026-05-13T12:21:59.988+0000] {processor.py:840} INFO - DAG(s) 'diabetes_pipeline' retrieved from /opt/airflow/dags/diabetes_dag.py
[2026-05-13T12:22:00.040+0000] {logging_mixin.py:188} INFO - [2026-05-13T12:22:00.040+0000] {dag.py:3096} INFO - Sync 1 DAGs
[2026-05-13T12:22:00.077+0000] {logging_mixin.py:188} INFO - [2026-05-13T12:22:00.077+0000] {dag.py:3954} INFO - Setting next_dagrun for diabetes_pipeline to 2026-05-13 12:00:00+00:00, run_after=2026-05-13 13:00:00+00:00
[2026-05-13T12:22:00.117+0000] {processor.py:183} INFO - Processing /opt/airflow/dags/diabetes_dag.py took 0.178 seconds
[2026-05-13T12:22:30.298+0000] {processor.py:161} INFO - Started process (PID=435) to work on /opt/airflow/dags/diabetes_dag.py
[2026-05-13T12:22:30.300+0000] {processor.py:830} INFO - Processing file /opt/airflow/dags/diabetes_dag.py for tasks to queue
[2026-05-13T12:22:30.303+0000] {logging_mixin.py:188} INFO - [2026-05-13T12:22:30.303+0000] {dagbag.py:545} INFO - Filling up the DagBag from /opt/airflow/dags/diabetes_dag.py
[2026-05-13T12:22:30.350+0000] {processor.py:840} INFO - DAG(s) 'diabetes_pipeline' retrieved from /opt/airflow/dags/diabetes_dag.py
[2026-05-13T12:22:30.404+0000] {logging_mixin.py:188} INFO - [2026-05-13T12:22:30.403+0000] {dag.py:3096} INFO - Sync 1 DAGs
[2026-05-13T12:22:30.422+0000] {logging_mixin.py:188} INFO - [2026-05-13T12:22:30.422+0000] {dag.py:3954} INFO - Setting next_dagrun for diabetes_pipeline to 2026-05-13 12:00:00+00:00, run_after=2026-05-13 13:00:00+00:00
[2026-05-13T12:22:30.440+0000] {processor.py:183} INFO - Processing /opt/airflow/dags/diabetes_dag.py took 0.153 seconds
[2026-05-13T12:23:01.007+0000] {processor.py:161} INFO - Started process (PID=440) to work on /opt/airflow/dags/diabetes_dag.py
[2026-05-13T12:23:01.008+0000] {processor.py:830} INFO - Processing file /opt/airflow/dags/diabetes_dag.py for tasks to queue
[2026-05-13T12:23:01.010+0000] {logging_mixin.py:188} INFO - [2026-05-13T12:23:01.009+0000] {dagbag.py:545} INFO - Filling up the DagBag from /opt/airflow/dags/diabetes_dag.py
[2026-05-13T12:23:01.029+0000] {processor.py:840} INFO - DAG(s) 'diabetes_pipeline' retrieved from /opt/airflow/dags/diabetes_dag.py
[2026-05-13T12:23:01.064+0000] {logging_mixin.py:188} INFO - [2026-05-13T12:23:01.064+0000] {dag.py:3096} INFO - Sync 1 DAGs
[2026-05-13T12:23:01.090+0000] {logging_mixin.py:188} INFO - [2026-05-13T12:23:01.089+0000] {dag.py:3954} INFO - Setting next_dagrun for diabetes_pipeline to 2026-05-13 12:00:00+00:00, run_after=2026-05-13 13:00:00+00:00
[2026-05-13T12:23:01.116+0000] {processor.py:183} INFO - Processing /opt/airflow/dags/diabetes_dag.py took 0.115 seconds
[2026-05-13T12:23:31.436+0000] {processor.py:161} INFO - Started process (PID=445) to work on /opt/airflow/dags/diabetes_dag.py
[2026-05-13T12:23:31.442+0000] {processor.py:830} INFO - Processing file /opt/airflow/dags/diabetes_dag.py for tasks to queue
[2026-05-13T12:23:31.449+0000] {logging_mixin.py:188} INFO - [2026-05-13T12:23:31.448+0000] {dagbag.py:545} INFO - Filling up the DagBag from /opt/airflow/dags/diabetes_dag.py
[2026-05-13T12:23:31.506+0000] {processor.py:840} INFO - DAG(s) 'diabetes_pipeline' retrieved from /opt/airflow/dags/diabetes_dag.py
[2026-05-13T12:23:31.535+0000] {logging_mixin.py:188} INFO - [2026-05-13T12:23:31.535+0000] {dag.py:3096} INFO - Sync 1 DAGs
[2026-05-13T12:23:31.552+0000] {logging_mixin.py:188} INFO - [2026-05-13T12:23:31.552+0000] {dag.py:3954} INFO - Setting next_dagrun for diabetes_pipeline to 2026-05-13 12:00:00+00:00, run_after=2026-05-13 13:00:00+00:00
[2026-05-13T12:23:31.572+0000] {processor.py:183} INFO - Processing /opt/airflow/dags/diabetes_dag.py took 0.145 seconds
[2026-05-13T12:24:01.681+0000] {processor.py:161} INFO - Started process (PID=450) to work on /opt/airflow/dags/diabetes_dag.py
[2026-05-13T12:24:01.682+0000] {processor.py:830} INFO - Processing file /opt/airflow/dags/diabetes_dag.py for tasks to queue
[2026-05-13T12:24:01.683+0000] {logging_mixin.py:188} INFO - [2026-05-13T12:24:01.683+0000] {dagbag.py:545} INFO - Filling up the DagBag from /opt/airflow/dags/diabetes_dag.py
[2026-05-13T12:24:01.697+0000] {processor.py:840} INFO - DAG(s) 'diabetes_pipeline' retrieved from /opt/airflow/dags/diabetes_dag.py
[2026-05-13T12:24:01.720+0000] {logging_mixin.py:188} INFO - [2026-05-13T12:24:01.720+0000] {dag.py:3096} INFO - Sync 1 DAGs
[2026-05-13T12:24:01.736+0000] {logging_mixin.py:188} INFO - [2026-05-13T12:24:01.736+0000] {dag.py:3954} INFO - Setting next_dagrun for diabetes_pipeline to 2026-05-13 12:00:00+00:00, run_after=2026-05-13 13:00:00+00:00
[2026-05-13T12:24:01.753+0000] {processor.py:183} INFO - Processing /opt/airflow/dags/diabetes_dag.py took 0.077 seconds
[2026-05-13T12:24:32.381+0000] {processor.py:161} INFO - Started process (PID=455) to work on /opt/airflow/dags/diabetes_dag.py
[2026-05-13T12:24:32.385+0000] {processor.py:830} INFO - Processing file /opt/airflow/dags/diabetes_dag.py for tasks to queue
[2026-05-13T12:24:32.394+0000] {logging_mixin.py:188} INFO - [2026-05-13T12:24:32.393+0000] {dagbag.py:545} INFO - Filling up the DagBag from /opt/airflow/dags/diabetes_dag.py
[2026-05-13T12:24:32.484+0000] {processor.py:840} INFO - DAG(s) 'diabetes_pipeline' retrieved from /opt/airflow/dags/diabetes_dag.py
[2026-05-13T12:24:32.558+0000] {logging_mixin.py:188} INFO - [2026-05-13T12:24:32.558+0000] {dag.py:3096} INFO - Sync 1 DAGs
[2026-05-13T12:24:32.586+0000] {logging_mixin.py:188} INFO - [2026-05-13T12:24:32.586+0000] {dag.py:3954} INFO - Setting next_dagrun for diabetes_pipeline to 2026-05-13 12:00:00+00:00, run_after=2026-05-13 13:00:00+00:00
[2026-05-13T12:24:32.605+0000] {processor.py:183} INFO - Processing /opt/airflow/dags/diabetes_dag.py took 0.248 seconds
[2026-05-13T12:25:03.349+0000] {processor.py:161} INFO - Started process (PID=460) to work on /opt/airflow/dags/diabetes_dag.py
[2026-05-13T12:25:03.350+0000] {processor.py:830} INFO - Processing file /opt/airflow/dags/diabetes_dag.py for tasks to queue
[2026-05-13T12:25:03.352+0000] {logging_mixin.py:188} INFO - [2026-05-13T12:25:03.352+0000] {dagbag.py:545} INFO - Filling up the DagBag from /opt/airflow/dags/diabetes_dag.py
[2026-05-13T12:25:03.371+0000] {processor.py:840} INFO - DAG(s) 'diabetes_pipeline' retrieved from /opt/airflow/dags/diabetes_dag.py
[2026-05-13T12:25:03.407+0000] {logging_mixin.py:188} INFO - [2026-05-13T12:25:03.406+0000] {dag.py:3096} INFO - Sync 1 DAGs
[2026-05-13T12:25:03.434+0000] {logging_mixin.py:188} INFO - [2026-05-13T12:25:03.434+0000] {dag.py:3954} INFO - Setting next_dagrun for diabetes_pipeline to 2026-05-13 12:00:00+00:00, run_after=2026-05-13 13:00:00+00:00
[2026-05-13T12:25:03.454+0000] {processor.py:183} INFO - Processing /opt/airflow/dags/diabetes_dag.py took 0.111 seconds
[2026-05-13T12:25:33.644+0000] {processor.py:161} INFO - Started process (PID=465) to work on /opt/airflow/dags/diabetes_dag.py
[2026-05-13T12:25:33.645+0000] {processor.py:830} INFO - Processing file /opt/airflow/dags/diabetes_dag.py for tasks to queue
[2026-05-13T12:25:33.647+0000] {logging_mixin.py:188} INFO - [2026-05-13T12:25:33.646+0000] {dagbag.py:545} INFO - Filling up the DagBag from /opt/airflow/dags/diabetes_dag.py
[2026-05-13T12:25:33.663+0000] {processor.py:840} INFO - DAG(s) 'diabetes_pipeline' retrieved from /opt/airflow/dags/diabetes_dag.py
[2026-05-13T12:25:33.686+0000] {logging_mixin.py:188} INFO - [2026-05-13T12:25:33.686+0000] {dag.py:3096} INFO - Sync 1 DAGs
[2026-05-13T12:25:33.710+0000] {logging_mixin.py:188} INFO - [2026-05-13T12:25:33.710+0000] {dag.py:3954} INFO - Setting next_dagrun for diabetes_pipeline to 2026-05-13 12:00:00+00:00, run_after=2026-05-13 13:00:00+00:00
[2026-05-13T12:25:33.733+0000] {processor.py:183} INFO - Processing /opt/airflow/dags/diabetes_dag.py took 0.096 seconds
[2026-05-13T12:26:04.238+0000] {processor.py:161} INFO - Started process (PID=470) to work on /opt/airflow/dags/diabetes_dag.py
[2026-05-13T12:26:04.239+0000] {processor.py:830} INFO - Processing file /opt/airflow/dags/diabetes_dag.py for tasks to queue
[2026-05-13T12:26:04.241+0000] {logging_mixin.py:188} INFO - [2026-05-13T12:26:04.241+0000] {dagbag.py:545} INFO - Filling up the DagBag from /opt/airflow/dags/diabetes_dag.py
[2026-05-13T12:26:04.273+0000] {processor.py:840} INFO - DAG(s) 'diabetes_pipeline' retrieved from /opt/airflow/dags/diabetes_dag.py
[2026-05-13T12:26:04.312+0000] {logging_mixin.py:188} INFO - [2026-05-13T12:26:04.311+0000] {dag.py:3096} INFO - Sync 1 DAGs
[2026-05-13T12:26:04.338+0000] {logging_mixin.py:188} INFO - [2026-05-13T12:26:04.338+0000] {dag.py:3954} INFO - Setting next_dagrun for diabetes_pipeline to 2026-05-13 12:00:00+00:00, run_after=2026-05-13 13:00:00+00:00
[2026-05-13T12:26:04.370+0000] {processor.py:183} INFO - Processing /opt/airflow/dags/diabetes_dag.py took 0.137 seconds
[2026-05-13T12:26:34.692+0000] {processor.py:161} INFO - Started process (PID=475) to work on /opt/airflow/dags/diabetes_dag.py
[2026-05-13T12:26:34.693+0000] {processor.py:830} INFO - Processing file /opt/airflow/dags/diabetes_dag.py for tasks to queue
[2026-05-13T12:26:34.694+0000] {logging_mixin.py:188} INFO - [2026-05-13T12:26:34.694+0000] {dagbag.py:545} INFO - Filling up the DagBag from /opt/airflow/dags/diabetes_dag.py
[2026-05-13T12:26:34.708+0000] {processor.py:840} INFO - DAG(s) 'diabetes_pipeline' retrieved from /opt/airflow/dags/diabetes_dag.py
[2026-05-13T12:26:34.732+0000] {logging_mixin.py:188} INFO - [2026-05-13T12:26:34.732+0000] {dag.py:3096} INFO - Sync 1 DAGs
[2026-05-13T12:26:34.750+0000] {logging_mixin.py:188} INFO - [2026-05-13T12:26:34.750+0000] {dag.py:3954} INFO - Setting next_dagrun for diabetes_pipeline to 2026-05-13 12:00:00+00:00, run_after=2026-05-13 13:00:00+00:00
[2026-05-13T12:26:34.772+0000] {processor.py:183} INFO - Processing /opt/airflow/dags/diabetes_dag.py took 0.084 seconds
[2026-05-13T12:27:05.436+0000] {processor.py:161} INFO - Started process (PID=480) to work on /opt/airflow/dags/diabetes_dag.py
[2026-05-13T12:27:05.437+0000] {processor.py:830} INFO - Processing file /opt/airflow/dags/diabetes_dag.py for tasks to queue
[2026-05-13T12:27:05.439+0000] {logging_mixin.py:188} INFO - [2026-05-13T12:27:05.439+0000] {dagbag.py:545} INFO - Filling up the DagBag from /opt/airflow/dags/diabetes_dag.py
[2026-05-13T12:27:05.459+0000] {processor.py:840} INFO - DAG(s) 'diabetes_pipeline' retrieved from /opt/airflow/dags/diabetes_dag.py
[2026-05-13T12:27:05.483+0000] {logging_mixin.py:188} INFO - [2026-05-13T12:27:05.483+0000] {dag.py:3096} INFO - Sync 1 DAGs
[2026-05-13T12:27:05.514+0000] {logging_mixin.py:188} INFO - [2026-05-13T12:27:05.514+0000] {dag.py:3954} INFO - Setting next_dagrun for diabetes_pipeline to 2026-05-13 12:00:00+00:00, run_after=2026-05-13 13:00:00+00:00
[2026-05-13T12:27:05.541+0000] {processor.py:183} INFO - Processing /opt/airflow/dags/diabetes_dag.py took 0.109 seconds
[2026-05-13T12:27:35.794+0000] {processor.py:161} INFO - Started process (PID=485) to work on /opt/airflow/dags/diabetes_dag.py
[2026-05-13T12:27:35.795+0000] {processor.py:830} INFO - Processing file /opt/airflow/dags/diabetes_dag.py for tasks to queue
[2026-05-13T12:27:35.797+0000] {logging_mixin.py:188} INFO - [2026-05-13T12:27:35.797+0000] {dagbag.py:545} INFO - Filling up the DagBag from /opt/airflow/dags/diabetes_dag.py
[2026-05-13T12:27:35.815+0000] {processor.py:840} INFO - DAG(s) 'diabetes_pipeline' retrieved from /opt/airflow/dags/diabetes_dag.py
[2026-05-13T12:27:35.841+0000] {logging_mixin.py:188} INFO - [2026-05-13T12:27:35.841+0000] {dag.py:3096} INFO - Sync 1 DAGs
[2026-05-13T12:27:35.861+0000] {logging_mixin.py:188} INFO - [2026-05-13T12:27:35.861+0000] {dag.py:3954} INFO - Setting next_dagrun for diabetes_pipeline to 2026-05-13 12:00:00+00:00, run_after=2026-05-13 13:00:00+00:00
[2026-05-13T12:27:35.876+0000] {processor.py:183} INFO - Processing /opt/airflow/dags/diabetes_dag.py took 0.088 seconds
[2026-05-13T12:46:05.846+0000] {processor.py:161} INFO - Started process (PID=490) to work on /opt/airflow/dags/diabetes_dag.py
[2026-05-13T12:46:05.848+0000] {processor.py:830} INFO - Processing file /opt/airflow/dags/diabetes_dag.py for tasks to queue
[2026-05-13T12:46:05.852+0000] {logging_mixin.py:188} INFO - [2026-05-13T12:46:05.852+0000] {dagbag.py:545} INFO - Filling up the DagBag from /opt/airflow/dags/diabetes_dag.py
[2026-05-13T12:46:05.910+0000] {processor.py:840} INFO - DAG(s) 'diabetes_pipeline' retrieved from /opt/airflow/dags/diabetes_dag.py
[2026-05-13T12:46:05.971+0000] {logging_mixin.py:188} INFO - [2026-05-13T12:46:05.971+0000] {dag.py:3096} INFO - Sync 1 DAGs
[2026-05-13T12:46:06.010+0000] {logging_mixin.py:188} INFO - [2026-05-13T12:46:06.010+0000] {dag.py:3954} INFO - Setting next_dagrun for diabetes_pipeline to 2026-05-13 12:00:00+00:00, run_after=2026-05-13 13:00:00+00:00
[2026-05-13T12:46:06.049+0000] {processor.py:183} INFO - Processing /opt/airflow/dags/diabetes_dag.py took 0.213 seconds
[2026-05-13T13:06:08.610+0000] {processor.py:161} INFO - Started process (PID=496) to work on /opt/airflow/dags/diabetes_dag.py
[2026-05-13T13:06:08.617+0000] {processor.py:830} INFO - Processing file /opt/airflow/dags/diabetes_dag.py for tasks to queue
[2026-05-13T13:06:08.629+0000] {logging_mixin.py:188} INFO - [2026-05-13T13:06:08.626+0000] {dagbag.py:545} INFO - Filling up the DagBag from /opt/airflow/dags/diabetes_dag.py
[2026-05-13T13:06:08.840+0000] {processor.py:840} INFO - DAG(s) 'diabetes_pipeline' retrieved from /opt/airflow/dags/diabetes_dag.py
[2026-05-13T13:06:08.903+0000] {logging_mixin.py:188} INFO - [2026-05-13T13:06:08.903+0000] {dag.py:3096} INFO - Sync 1 DAGs
[2026-05-13T13:06:08.984+0000] {processor.py:183} INFO - Processing /opt/airflow/dags/diabetes_dag.py took 0.431 seconds
[2026-05-13T13:06:39.394+0000] {processor.py:161} INFO - Started process (PID=504) to work on /opt/airflow/dags/diabetes_dag.py
[2026-05-13T13:06:39.397+0000] {processor.py:830} INFO - Processing file /opt/airflow/dags/diabetes_dag.py for tasks to queue
[2026-05-13T13:06:39.401+0000] {logging_mixin.py:188} INFO - [2026-05-13T13:06:39.400+0000] {dagbag.py:545} INFO - Filling up the DagBag from /opt/airflow/dags/diabetes_dag.py
[2026-05-13T13:06:39.476+0000] {processor.py:840} INFO - DAG(s) 'diabetes_pipeline' retrieved from /opt/airflow/dags/diabetes_dag.py
[2026-05-13T13:06:39.558+0000] {logging_mixin.py:188} INFO - [2026-05-13T13:06:39.558+0000] {dag.py:3096} INFO - Sync 1 DAGs
[2026-05-13T13:06:39.607+0000] {processor.py:183} INFO - Processing /opt/airflow/dags/diabetes_dag.py took 0.228 seconds
[2026-05-13T13:07:09.883+0000] {processor.py:161} INFO - Started process (PID=509) to work on /opt/airflow/dags/diabetes_dag.py
[2026-05-13T13:07:09.884+0000] {processor.py:830} INFO - Processing file /opt/airflow/dags/diabetes_dag.py for tasks to queue
[2026-05-13T13:07:09.885+0000] {logging_mixin.py:188} INFO - [2026-05-13T13:07:09.885+0000] {dagbag.py:545} INFO - Filling up the DagBag from /opt/airflow/dags/diabetes_dag.py
[2026-05-13T13:07:09.906+0000] {processor.py:840} INFO - DAG(s) 'diabetes_pipeline' retrieved from /opt/airflow/dags/diabetes_dag.py
[2026-05-13T13:07:09.939+0000] {logging_mixin.py:188} INFO - [2026-05-13T13:07:09.939+0000] {dag.py:3096} INFO - Sync 1 DAGs
[2026-05-13T13:07:09.980+0000] {processor.py:183} INFO - Processing /opt/airflow/dags/diabetes_dag.py took 0.103 seconds
[2026-05-13T13:07:40.226+0000] {processor.py:161} INFO - Started process (PID=514) to work on /opt/airflow/dags/diabetes_dag.py
[2026-05-13T13:07:40.228+0000] {processor.py:830} INFO - Processing file /opt/airflow/dags/diabetes_dag.py for tasks to queue
[2026-05-13T13:07:40.231+0000] {logging_mixin.py:188} INFO - [2026-05-13T13:07:40.230+0000] {dagbag.py:545} INFO - Filling up the DagBag from /opt/airflow/dags/diabetes_dag.py
[2026-05-13T13:07:40.253+0000] {processor.py:840} INFO - DAG(s) 'diabetes_pipeline' retrieved from /opt/airflow/dags/diabetes_dag.py
[2026-05-13T13:07:40.287+0000] {logging_mixin.py:188} INFO - [2026-05-13T13:07:40.287+0000] {dag.py:3096} INFO - Sync 1 DAGs
[2026-05-13T13:07:40.347+0000] {processor.py:183} INFO - Processing /opt/airflow/dags/diabetes_dag.py took 0.128 seconds
[2026-05-13T13:08:10.492+0000] {processor.py:161} INFO - Started process (PID=519) to work on /opt/airflow/dags/diabetes_dag.py
[2026-05-13T13:08:10.494+0000] {processor.py:830} INFO - Processing file /opt/airflow/dags/diabetes_dag.py for tasks to queue
[2026-05-13T13:08:10.496+0000] {logging_mixin.py:188} INFO - [2026-05-13T13:08:10.496+0000] {dagbag.py:545} INFO - Filling up the DagBag from /opt/airflow/dags/diabetes_dag.py
[2026-05-13T13:08:10.516+0000] {processor.py:840} INFO - DAG(s) 'diabetes_pipeline' retrieved from /opt/airflow/dags/diabetes_dag.py
[2026-05-13T13:08:10.556+0000] {logging_mixin.py:188} INFO - [2026-05-13T13:08:10.556+0000] {dag.py:3096} INFO - Sync 1 DAGs
[2026-05-13T13:08:10.606+0000] {processor.py:183} INFO - Processing /opt/airflow/dags/diabetes_dag.py took 0.120 seconds
[2026-05-13T13:08:40.804+0000] {processor.py:161} INFO - Started process (PID=524) to work on /opt/airflow/dags/diabetes_dag.py
[2026-05-13T13:08:40.805+0000] {processor.py:830} INFO - Processing file /opt/airflow/dags/diabetes_dag.py for tasks to queue
[2026-05-13T13:08:40.808+0000] {logging_mixin.py:188} INFO - [2026-05-13T13:08:40.807+0000] {dagbag.py:545} INFO - Filling up the DagBag from /opt/airflow/dags/diabetes_dag.py
[2026-05-13T13:08:40.834+0000] {processor.py:840} INFO - DAG(s) 'diabetes_pipeline' retrieved from /opt/airflow/dags/diabetes_dag.py
[2026-05-13T13:08:40.863+0000] {logging_mixin.py:188} INFO - [2026-05-13T13:08:40.863+0000] {dag.py:3096} INFO - Sync 1 DAGs
[2026-05-13T13:08:40.894+0000] {processor.py:183} INFO - Processing /opt/airflow/dags/diabetes_dag.py took 0.101 seconds
