[2026-05-20T07:00:03.901+0000] {local_task_job_runner.py:120} INFO - ::group::Pre task execution logs
[2026-05-20T07:00:03.927+0000] {taskinstance.py:2076} INFO - Dependencies all met for dep_context=non-requeueable deps ti=<TaskInstance: diabetes_pipeline.log_statistics scheduled__2026-05-20T06:00:00+00:00 [queued]>
[2026-05-20T07:00:03.935+0000] {taskinstance.py:2076} INFO - Dependencies all met for dep_context=requeueable deps ti=<TaskInstance: diabetes_pipeline.log_statistics scheduled__2026-05-20T06:00:00+00:00 [queued]>
[2026-05-20T07:00:03.937+0000] {taskinstance.py:2306} INFO - Starting attempt 1 of 3
[2026-05-20T07:00:03.948+0000] {taskinstance.py:2330} INFO - Executing <Task(PythonOperator): log_statistics> on 2026-05-20 06:00:00+00:00
[2026-05-20T07:00:03.954+0000] {standard_task_runner.py:90} INFO - Running: ['airflow', 'tasks', 'run', 'diabetes_pipeline', 'log_statistics', 'scheduled__2026-05-20T06:00:00+00:00', '--job-id', '113', '--raw', '--subdir', 'DAGS_FOLDER/diabetes_dag.py', '--cfg-path', '/tmp/tmp27woh5u2']
[2026-05-20T07:00:03.955+0000] {logging_mixin.py:188} WARNING - /home/airflow/.local/lib/python3.12/site-packages/airflow/task/task_runner/standard_task_runner.py:61 DeprecationWarning: This process (pid=838) is multi-threaded, use of fork() may lead to deadlocks in the child.
[2026-05-20T07:00:03.956+0000] {standard_task_runner.py:91} INFO - Job 113: Subtask log_statistics
[2026-05-20T07:00:03.957+0000] {standard_task_runner.py:63} INFO - Started process 839 to run task
[2026-05-20T07:00:04.021+0000] {task_command.py:426} INFO - Running <TaskInstance: diabetes_pipeline.log_statistics scheduled__2026-05-20T06:00:00+00:00 [running]> on host 84fa0012a2fe
[2026-05-20T07:00:04.112+0000] {taskinstance.py:2648} INFO - Exporting env vars: AIRFLOW_CTX_DAG_OWNER='diabetes_team' AIRFLOW_CTX_DAG_ID='diabetes_pipeline' AIRFLOW_CTX_TASK_ID='log_statistics' AIRFLOW_CTX_EXECUTION_DATE='2026-05-20T06:00:00+00:00' AIRFLOW_CTX_TRY_NUMBER='1' AIRFLOW_CTX_DAG_RUN_ID='scheduled__2026-05-20T06:00:00+00:00'
[2026-05-20T07:00:04.113+0000] {taskinstance.py:430} INFO - ::endgroup::
[2026-05-20T07:00:04.176+0000] {logging_mixin.py:188} INFO - ==================================================
[2026-05-20T07:00:04.184+0000] {logging_mixin.py:188} WARNING - /home/airflow/.local/lib/python3.12/site-packages/airflow/utils/context.py:320 AirflowContextDeprecationWarning: Accessing 'execution_date' from the template is deprecated and will be removed in a future version. Please use 'data_interval_start' or 'logical_date' instead.
[2026-05-20T07:00:04.187+0000] {logging_mixin.py:188} INFO -   Run vaqti    : 2026-05-20 06:00:00+00:00
[2026-05-20T07:00:04.191+0000] {logging_mixin.py:188} INFO -   Jami bemorlar: 50,001
[2026-05-20T07:00:04.192+0000] {logging_mixin.py:188} INFO -   Jami risk    : 50,001
[2026-05-20T07:00:04.194+0000] {logging_mixin.py:188} INFO -   Yuborilmagan : 4224 notification
[2026-05-20T07:00:04.195+0000] {logging_mixin.py:188} INFO -   Risk taqsimoti:
[2026-05-20T07:00:04.195+0000] {logging_mixin.py:188} INFO -     very_low     37,741
[2026-05-20T07:00:04.198+0000] {logging_mixin.py:188} INFO -     low           6,965
[2026-05-20T07:00:04.200+0000] {logging_mixin.py:188} INFO -     very_high     2,839
[2026-05-20T07:00:04.203+0000] {logging_mixin.py:188} INFO -     high          1,385
[2026-05-20T07:00:04.205+0000] {logging_mixin.py:188} INFO -     moderate      1,071
[2026-05-20T07:00:04.207+0000] {logging_mixin.py:188} INFO - ==================================================
[2026-05-20T07:00:04.208+0000] {python.py:237} INFO - Done. Returned value was: None
[2026-05-20T07:00:04.212+0000] {taskinstance.py:441} INFO - ::group::Post task execution logs
[2026-05-20T07:00:04.230+0000] {taskinstance.py:1206} INFO - Marking task as SUCCESS. dag_id=diabetes_pipeline, task_id=log_statistics, run_id=scheduled__2026-05-20T06:00:00+00:00, execution_date=20260520T060000, start_date=20260520T070003, end_date=20260520T070004
[2026-05-20T07:00:04.293+0000] {local_task_job_runner.py:240} INFO - Task exited with return code 0
[2026-05-20T07:00:04.314+0000] {taskinstance.py:3498} INFO - 0 downstream tasks scheduled from follow-on schedule check
[2026-05-20T07:00:04.317+0000] {local_task_job_runner.py:222} INFO - ::endgroup::
