[2026-05-14T08:00:01.884+0000] {local_task_job_runner.py:120} INFO - ::group::Pre task execution logs
[2026-05-14T08:00:01.916+0000] {taskinstance.py:2076} INFO - Dependencies all met for dep_context=non-requeueable deps ti=<TaskInstance: diabetes_pipeline.run_risk_model scheduled__2026-05-14T07:00:00+00:00 [queued]>
[2026-05-14T08:00:01.922+0000] {taskinstance.py:2076} INFO - Dependencies all met for dep_context=requeueable deps ti=<TaskInstance: diabetes_pipeline.run_risk_model scheduled__2026-05-14T07:00:00+00:00 [queued]>
[2026-05-14T08:00:01.924+0000] {taskinstance.py:2306} INFO - Starting attempt 1 of 3
[2026-05-14T08:00:01.933+0000] {taskinstance.py:2330} INFO - Executing <Task(PythonOperator): run_risk_model> on 2026-05-14 07:00:00+00:00
[2026-05-14T08:00:01.939+0000] {standard_task_runner.py:90} INFO - Running: ['airflow', 'tasks', 'run', 'diabetes_pipeline', 'run_risk_model', 'scheduled__2026-05-14T07:00:00+00:00', '--job-id', '25', '--raw', '--subdir', 'DAGS_FOLDER/diabetes_dag.py', '--cfg-path', '/tmp/tmpkmkgltfn']
[2026-05-14T08:00:01.941+0000] {logging_mixin.py:188} WARNING - /home/airflow/.local/lib/python3.12/site-packages/airflow/task/task_runner/standard_task_runner.py:61 DeprecationWarning: This process (pid=814) is multi-threaded, use of fork() may lead to deadlocks in the child.
[2026-05-14T08:00:01.942+0000] {standard_task_runner.py:91} INFO - Job 25: Subtask run_risk_model
[2026-05-14T08:00:01.942+0000] {standard_task_runner.py:63} INFO - Started process 815 to run task
[2026-05-14T08:00:02.023+0000] {task_command.py:426} INFO - Running <TaskInstance: diabetes_pipeline.run_risk_model scheduled__2026-05-14T07:00:00+00:00 [running]> on host c24284f8ebf4
[2026-05-14T08:00:02.102+0000] {taskinstance.py:2648} INFO - Exporting env vars: AIRFLOW_CTX_DAG_OWNER='diabetes_team' AIRFLOW_CTX_DAG_ID='diabetes_pipeline' AIRFLOW_CTX_TASK_ID='run_risk_model' AIRFLOW_CTX_EXECUTION_DATE='2026-05-14T07:00:00+00:00' AIRFLOW_CTX_TRY_NUMBER='1' AIRFLOW_CTX_DAG_RUN_ID='scheduled__2026-05-14T07:00:00+00:00'
[2026-05-14T08:00:02.102+0000] {taskinstance.py:430} INFO - ::endgroup::
[2026-05-14T08:00:02.127+0000] {taskinstance.py:441} INFO - ::group::Post task execution logs
[2026-05-14T08:00:02.128+0000] {taskinstance.py:2905} ERROR - Task failed with exception
Traceback (most recent call last):
  File "/home/airflow/.local/lib/python3.12/site-packages/airflow/models/taskinstance.py", line 465, in _execute_task
    result = _execute_callable(context=context, **execute_callable_kwargs)
             ^^^^^^^^^^^^^^^^^^^^^^^^^^^^^^^^^^^^^^^^^^^^^^^^^^^^^^^^^^^^^
  File "/home/airflow/.local/lib/python3.12/site-packages/airflow/models/taskinstance.py", line 432, in _execute_callable
    return execute_callable(context=context, **execute_callable_kwargs)
           ^^^^^^^^^^^^^^^^^^^^^^^^^^^^^^^^^^^^^^^^^^^^^^^^^^^^^^^^^^^^
  File "/home/airflow/.local/lib/python3.12/site-packages/airflow/models/baseoperator.py", line 400, in wrapper
    return func(self, *args, **kwargs)
           ^^^^^^^^^^^^^^^^^^^^^^^^^^^
  File "/home/airflow/.local/lib/python3.12/site-packages/airflow/operators/python.py", line 235, in execute
    return_value = self.execute_callable()
                   ^^^^^^^^^^^^^^^^^^^^^^^
  File "/home/airflow/.local/lib/python3.12/site-packages/airflow/operators/python.py", line 252, in execute_callable
    return self.python_callable(*self.op_args, **self.op_kwargs)
           ^^^^^^^^^^^^^^^^^^^^^^^^^^^^^^^^^^^^^^^^^^^^^^^^^^^^^
  File "/opt/airflow/dags/diabetes_dag.py", line 296, in task_run_risk_model
    risk_score = round(0.02 + (hba1c - 4.0) * 0.05, 4)
                               ~~~~~~^~~~~
TypeError: unsupported operand type(s) for -: 'decimal.Decimal' and 'float'
[2026-05-14T08:00:02.149+0000] {taskinstance.py:1206} INFO - Marking task as UP_FOR_RETRY. dag_id=diabetes_pipeline, task_id=run_risk_model, run_id=scheduled__2026-05-14T07:00:00+00:00, execution_date=20260514T070000, start_date=20260514T080001, end_date=20260514T080002
[2026-05-14T08:00:02.159+0000] {standard_task_runner.py:110} ERROR - Failed to execute job 25 for task run_risk_model (unsupported operand type(s) for -: 'decimal.Decimal' and 'float'; 815)
[2026-05-14T08:00:02.196+0000] {local_task_job_runner.py:240} INFO - Task exited with return code 1
[2026-05-14T08:00:02.233+0000] {taskinstance.py:3498} INFO - 0 downstream tasks scheduled from follow-on schedule check
[2026-05-14T08:00:02.238+0000] {local_task_job_runner.py:222} INFO - ::endgroup::
